{"$message_type":"diagnostic","message":"failed to resolve: use of unresolved module or unlinked crate `rand`","code":{"code":"E0433","explanation":"An undeclared crate, module, or type was used.\n\nErroneous code example:\n\n```compile_fail,E0433\nlet map = HashMap::new();\n// error: failed to resolve: use of undeclared type `HashMap`\n```\n\nPlease verify you didn't misspell the type/module's name or that you didn't\nforget to import it:\n\n```\nuse std::collections::HashMap; // HashMap has been imported.\nlet map: HashMap<u32, u32> = HashMap::new(); // So it can be used!\n```\n\nIf you've expected to use a crate name:\n\n```compile_fail\nuse ferris_wheel::BigO;\n// error: failed to resolve: use of undeclared module or unlinked crate\n```\n\nMake sure the crate has been added as a dependency in `Cargo.toml`.\n\nTo use a module from your current crate, add the `crate::` prefix to the path.\n"},"level":"error","spans":[{"file_name":"rpg-core/src/signature.rs","byte_start":389,"byte_end":393,"line_start":11,"line_end":11,"column_start":5,"column_end":9,"is_primary":true,"text":[{"text":"use rand::rngs::OsRng;","highlight_start":5,"highlight_end":9}],"label":"use of unresolved module or unlinked crate `rand`","suggested_replacement":null,"suggestion_applicability":null,"expansion":null}],"children":[{"message":"if you wanted to use a crate named `rand`, use `cargo add rand` to add it to your `Cargo.toml`","code":null,"level":"help","spans":[],"children":[],"rendered":null}],"rendered":"\u001b[1m\u001b[91merror[E0433]\u001b[0m\u001b[1m: failed to resolve: use of unresolved module or unlinked crate `rand`\u001b[0m\n  \u001b[1m\u001b[94m--> \u001b[0mrpg-core/src/signature.rs:11:5\n   \u001b[1m\u001b[94m|\u001b[0m\n\u001b[1m\u001b[94m11\u001b[0m \u001b[1m\u001b[94m|\u001b[0m use rand::rngs::OsRng;\n   \u001b[1m\u001b[94m|\u001b[0m     \u001b[1m\u001b[91m^^^^\u001b[0m \u001b[1m\u001b[91muse of unresolved module or unlinked crate `rand`\u001b[0m\n   \u001b[1m\u001b[94m|\u001b[0m\n   \u001b[1m\u001b[94m= \u001b[0m\u001b[1mhelp\u001b[0m: if you wanted to use a crate named `rand`, use `cargo add rand` to add it to your `Cargo.toml`\n\n"}
{"$message_type":"diagnostic","message":"unresolved imports `ed25519_dalek::Keypair`, `ed25519_dalek::PublicKey`","code":{"code":"E0432","explanation":"An import was unresolved.\n\nErroneous code example:\n\n```compile_fail,E0432\nuse something::Foo; // error: unresolved import `something::Foo`.\n```\n\nIn Rust 2015, paths in `use` statements are relative to the crate root. To\nimport items relative to the current and parent modules, use the `self::` and\n`super::` prefixes, respectively.\n\nIn Rust 2018 or later, paths in `use` statements are relative to the current\nmodule unless they begin with the name of a crate or a literal `crate::`, in\nwhich case they start from the crate root. As in Rust 2015 code, the `self::`\nand `super::` prefixes refer to the current and parent modules respectively.\n\nAlso verify that you didn't misspell the import name and that the import exists\nin the module from where you tried to import it. Example:\n\n```\nuse self::something::Foo; // Ok.\n\nmod something {\n    pub struct Foo;\n}\n# fn main() {}\n```\n\nIf you tried to use a module from an external crate and are using Rust 2015,\nyou may have missed the `extern crate` declaration (which is usually placed in\nthe crate root):\n\n```edition2015\nextern crate core; // Required to use the `core` crate in Rust 2015.\n\nuse core::any;\n# fn main() {}\n```\n\nSince Rust 2018 the `extern crate` declaration is not required and\nyou can instead just `use` it:\n\n```edition2018\nuse core::any; // No extern crate required in Rust 2018.\n# fn main() {}\n```\n"},"level":"error","spans":[{"file_name":"rpg-core/src/signature.rs","byte_start":274,"byte_end":281,"line_start":9,"line_end":9,"column_start":21,"column_end":28,"is_primary":true,"text":[{"text":"use ed25519_dalek::{Keypair, PublicKey, SecretKey, Signature as Ed25519Signature, Signer, Verifier};","highlight_start":21,"highlight_end":28}],"label":"no `Keypair` in the root","suggested_replacement":null,"suggestion_applicability":null,"expansion":null},{"file_name":"rpg-core/src/signature.rs","byte_start":283,"byte_end":292,"line_start":9,"line_end":9,"column_start":30,"column_end":39,"is_primary":true,"text":[{"text":"use ed25519_dalek::{Keypair, PublicKey, SecretKey, Signature as Ed25519Signature, Signer, Verifier};","highlight_start":30,"highlight_end":39}],"label":"no `PublicKey` in the root","suggested_replacement":null,"suggestion_applicability":null,"expansion":null}],"children":[],"rendered":"\u001b[1m\u001b[91merror[E0432]\u001b[0m\u001b[1m: unresolved imports `ed25519_dalek::Keypair`, `ed25519_dalek::PublicKey`\u001b[0m\n \u001b[1m\u001b[94m--> \u001b[0mrpg-core/src/signature.rs:9:21\n  \u001b[1m\u001b[94m|\u001b[0m\n\u001b[1m\u001b[94m9\u001b[0m \u001b[1m\u001b[94m|\u001b[0m use ed25519_dalek::{Keypair, PublicKey, SecretKey, Signature as Ed25519Signature, Signer, Verifier};\n  \u001b[1m\u001b[94m|\u001b[0m                     \u001b[1m\u001b[91m^^^^^^^\u001b[0m  \u001b[1m\u001b[91m^^^^^^^^^\u001b[0m \u001b[1m\u001b[91mno `PublicKey` in the root\u001b[0m\n  \u001b[1m\u001b[94m|\u001b[0m                     \u001b[1m\u001b[91m|\u001b[0m\n  \u001b[1m\u001b[94m|\u001b[0m                     \u001b[1m\u001b[91mno `Keypair` in the root\u001b[0m\n\n"}
{"$message_type":"diagnostic","message":"unused import: `Symlink`","code":{"code":"unused_imports","explanation":null},"level":"warning","spans":[{"file_name":"rpg-core/src/transaction.rs","byte_start":421,"byte_end":428,"line_start":13,"line_end":13,"column_start":57,"column_end":64,"is_primary":true,"text":[{"text":"use crate::symlink::{atomic_symlink_swap_with_rollback, Symlink};","highlight_start":57,"highlight_end":64}],"label":null,"suggested_replacement":null,"suggestion_applicability":null,"expansion":null}],"children":[{"message":"`#[warn(unused_imports)]` (part of `#[warn(unused)]`) on by default","code":null,"level":"note","spans":[],"children":[],"rendered":null},{"message":"remove the unused import","code":null,"level":"help","spans":[{"file_name":"rpg-core/src/transaction.rs","byte_start":419,"byte_end":428,"line_start":13,"line_end":13,"column_start":55,"column_end":64,"is_primary":true,"text":[{"text":"use crate::symlink::{atomic_symlink_swap_with_rollback, Symlink};","highlight_start":55,"highlight_end":64}],"label":null,"suggested_replacement":"","suggestion_applicability":"MachineApplicable","expansion":null},{"file_name":"rpg-core/src/transaction.rs","byte_start":385,"byte_end":386,"line_start":13,"line_end":13,"column_start":21,"column_end":22,"is_primary":true,"text":[{"text":"use crate::symlink::{atomic_symlink_swap_with_rollback, Symlink};","highlight_start":21,"highlight_end":22}],"label":null,"suggested_replacement":"","suggestion_applicability":"MachineApplicable","expansion":null},{"file_name":"rpg-core/src/transaction.rs","byte_start":428,"byte_end":429,"line_start":13,"line_end":13,"column_start":64,"column_end":65,"is_primary":true,"text":[{"text":"use crate::symlink::{atomic_symlink_swap_with_rollback, Symlink};","highlight_start":64,"highlight_end":65}],"label":null,"suggested_replacement":"","suggestion_applicability":"MachineApplicable","expansion":null}],"children":[],"rendered":null}],"rendered":"\u001b[1m\u001b[33mwarning\u001b[0m\u001b[1m: unused import: `Symlink`\u001b[0m\n  \u001b[1m\u001b[94m--> \u001b[0mrpg-core/src/transaction.rs:13:57\n   \u001b[1m\u001b[94m|\u001b[0m\n\u001b[1m\u001b[94m13\u001b[0m \u001b[1m\u001b[94m|\u001b[0m use crate::symlink::{atomic_symlink_swap_with_rollback, Symlink};\n   \u001b[1m\u001b[94m|\u001b[0m                                                         \u001b[1m\u001b[33m^^^^^^^\u001b[0m\n   \u001b[1m\u001b[94m|\u001b[0m\n   \u001b[1m\u001b[94m= \u001b[0m\u001b[1mnote\u001b[0m: `#[warn(unused_imports)]` (part of `#[warn(unused)]`) on by default\n\n"}
{"$message_type":"diagnostic","message":"unused import: `SystemLayout`","code":{"code":"unused_imports","explanation":null},"level":"warning","spans":[{"file_name":"rpg-core/src/transaction.rs","byte_start":9255,"byte_end":9267,"line_start":278,"line_end":278,"column_start":40,"column_end":52,"is_primary":true,"text":[{"text":"        use crate::layout::{AppLayout, SystemLayout};","highlight_start":40,"highlight_end":52}],"label":null,"suggested_replacement":null,"suggestion_applicability":null,"expansion":null}],"children":[{"message":"remove the unused import","code":null,"level":"help","spans":[{"file_name":"rpg-core/src/transaction.rs","byte_start":9253,"byte_end":9267,"line_start":278,"line_end":278,"column_start":38,"column_end":52,"is_primary":true,"text":[{"text":"        use crate::layout::{AppLayout, SystemLayout};","highlight_start":38,"highlight_end":52}],"label":null,"suggested_replacement":"","suggestion_applicability":"MachineApplicable","expansion":null},{"file_name":"rpg-core/src/transaction.rs","byte_start":9243,"byte_end":9244,"line_start":278,"line_end":278,"column_start":28,"column_end":29,"is_primary":true,"text":[{"text":"        use crate::layout::{AppLayout, SystemLayout};","highlight_start":28,"highlight_end":29}],"label":null,"suggested_replacement":"","suggestion_applicability":"MachineApplicable","expansion":null},{"file_name":"rpg-core/src/transaction.rs","byte_start":9267,"byte_end":9268,"line_start":278,"line_end":278,"column_start":52,"column_end":53,"is_primary":true,"text":[{"text":"        use crate::layout::{AppLayout, SystemLayout};","highlight_start":52,"highlight_end":53}],"label":null,"suggested_replacement":"","suggestion_applicability":"MachineApplicable","expansion":null}],"children":[],"rendered":null}],"rendered":"\u001b[1m\u001b[33mwarning\u001b[0m\u001b[1m: unused import: `SystemLayout`\u001b[0m\n   \u001b[1m\u001b[94m--> \u001b[0mrpg-core/src/transaction.rs:278:40\n    \u001b[1m\u001b[94m|\u001b[0m\n\u001b[1m\u001b[94m278\u001b[0m \u001b[1m\u001b[94m|\u001b[0m         use crate::layout::{AppLayout, SystemLayout};\n    \u001b[1m\u001b[94m|\u001b[0m                                        \u001b[1m\u001b[33m^^^^^^^^^^^^\u001b[0m\n\n"}
{"$message_type":"diagnostic","message":"unused imports: `PackageKind` and `Package`","code":{"code":"unused_imports","explanation":null},"level":"warning","spans":[{"file_name":"rpg-core/src/registry.rs","byte_start":369,"byte_end":376,"line_start":13,"line_end":13,"column_start":22,"column_end":29,"is_primary":true,"text":[{"text":"use crate::package::{Package, PackageKind, PackageMetadata, PackageRef};","highlight_start":22,"highlight_end":29}],"label":null,"suggested_replacement":null,"suggestion_applicability":null,"expansion":null},{"file_name":"rpg-core/src/registry.rs","byte_start":378,"byte_end":389,"line_start":13,"line_end":13,"column_start":31,"column_end":42,"is_primary":true,"text":[{"text":"use crate::package::{Package, PackageKind, PackageMetadata, PackageRef};","highlight_start":31,"highlight_end":42}],"label":null,"suggested_replacement":null,"suggestion_applicability":null,"expansion":null}],"children":[{"message":"remove the unused imports","code":null,"level":"help","spans":[{"file_name":"rpg-core/src/registry.rs","byte_start":369,"byte_end":391,"line_start":13,"line_end":13,"column_start":22,"column_end":44,"is_primary":true,"text":[{"text":"use crate::package::{Package, PackageKind, PackageMetadata, PackageRef};","highlight_start":22,"highlight_end":44}],"label":null,"suggested_replacement":"","suggestion_applicability":"MachineApplicable","expansion":null}],"children":[],"rendered":null}],"rendered":"\u001b[1m\u001b[33mwarning\u001b[0m\u001b[1m: unused imports: `PackageKind` and `Package`\u001b[0m\n  \u001b[1m\u001b[94m--> \u001b[0mrpg-core/src/registry.rs:13:22\n   \u001b[1m\u001b[94m|\u001b[0m\n\u001b[1m\u001b[94m13\u001b[0m \u001b[1m\u001b[94m|\u001b[0m use crate::package::{Package, PackageKind, PackageMetadata, PackageRef};\n   \u001b[1m\u001b[94m|\u001b[0m                      \u001b[1m\u001b[33m^^^^^^^\u001b[0m  \u001b[1m\u001b[33m^^^^^^^^^^^\u001b[0m\n\n"}
{"$message_type":"diagnostic","message":"unused import: `TransactionKind`","code":{"code":"unused_imports","explanation":null},"level":"warning","spans":[{"file_name":"rpg-core/src/registry.rs","byte_start":460,"byte_end":475,"line_start":14,"line_end":14,"column_start":39,"column_end":54,"is_primary":true,"text":[{"text":"use crate::transaction::{Transaction, TransactionKind};","highlight_start":39,"highlight_end":54}],"label":null,"suggested_replacement":null,"suggestion_applicability":null,"expansion":null}],"children":[{"message":"remove the unused import","code":null,"level":"help","spans":[{"file_name":"rpg-core/src/registry.rs","byte_start":458,"byte_end":475,"line_start":14,"line_end":14,"column_start":37,"column_end":54,"is_primary":true,"text":[{"text":"use crate::transaction::{Transaction, TransactionKind};","highlight_start":37,"highlight_end":54}],"label":null,"suggested_replacement":"","suggestion_applicability":"MachineApplicable","expansion":null},{"file_name":"rpg-core/src/registry.rs","byte_start":446,"byte_end":447,"line_start":14,"line_end":14,"column_start":25,"column_end":26,"is_primary":true,"text":[{"text":"use crate::transaction::{Transaction, TransactionKind};","highlight_start":25,"highlight_end":26}],"label":null,"suggested_replacement":"","suggestion_applicability":"MachineApplicable","expansion":null},{"file_name":"rpg-core/src/registry.rs","byte_start":475,"byte_end":476,"line_start":14,"line_end":14,"column_start":54,"column_end":55,"is_primary":true,"text":[{"text":"use crate::transaction::{Transaction, TransactionKind};","highlight_start":54,"highlight_end":55}],"label":null,"suggested_replacement":"","suggestion_applicability":"MachineApplicable","expansion":null}],"children":[],"rendered":null}],"rendered":"\u001b[1m\u001b[33mwarning\u001b[0m\u001b[1m: unused import: `TransactionKind`\u001b[0m\n  \u001b[1m\u001b[94m--> \u001b[0mrpg-core/src/registry.rs:14:39\n   \u001b[1m\u001b[94m|\u001b[0m\n\u001b[1m\u001b[94m14\u001b[0m \u001b[1m\u001b[94m|\u001b[0m use crate::transaction::{Transaction, TransactionKind};\n   \u001b[1m\u001b[94m|\u001b[0m                                       \u001b[1m\u001b[33m^^^^^^^^^^^^^^^\u001b[0m\n\n"}
{"$message_type":"diagnostic","message":"the trait bound `PackageSignature: serde::Serialize` is not satisfied","code":{"code":"E0277","explanation":"You tried to use a type which doesn't implement some trait in a place which\nexpected that trait.\n\nErroneous code example:\n\n```compile_fail,E0277\n// here we declare the Foo trait with a bar method\ntrait Foo {\n    fn bar(&self);\n}\n\n// we now declare a function which takes an object implementing the Foo trait\nfn some_func<T: Foo>(foo: T) {\n    foo.bar();\n}\n\nfn main() {\n    // we now call the method with the i32 type, which doesn't implement\n    // the Foo trait\n    some_func(5i32); // error: the trait bound `i32 : Foo` is not satisfied\n}\n```\n\nIn order to fix this error, verify that the type you're using does implement\nthe trait. Example:\n\n```\ntrait Foo {\n    fn bar(&self);\n}\n\n// we implement the trait on the i32 type\nimpl Foo for i32 {\n    fn bar(&self) {}\n}\n\nfn some_func<T: Foo>(foo: T) {\n    foo.bar(); // we can now use this method since i32 implements the\n               // Foo trait\n}\n\nfn main() {\n    some_func(5i32); // ok!\n}\n```\n\nOr in a generic context, an erroneous code example would look like:\n\n```compile_fail,E0277\nfn some_func<T>(foo: T) {\n    println!(\"{:?}\", foo); // error: the trait `core::fmt::Debug` is not\n                           //        implemented for the type `T`\n}\n\nfn main() {\n    // We now call the method with the i32 type,\n    // which *does* implement the Debug trait.\n    some_func(5i32);\n}\n```\n\nNote that the error here is in the definition of the generic function. Although\nwe only call it with a parameter that does implement `Debug`, the compiler\nstill rejects the function. It must work with all possible input types. In\norder to make this example compile, we need to restrict the generic type we're\naccepting:\n\n```\nuse std::fmt;\n\n// Restrict the input type to types that implement Debug.\nfn some_func<T: fmt::Debug>(foo: T) {\n    println!(\"{:?}\", foo);\n}\n\nfn main() {\n    // Calling the method is still fine, as i32 implements Debug.\n    some_func(5i32);\n\n    // This would fail to compile now:\n    // struct WithoutDebug;\n    // some_func(WithoutDebug);\n}\n```\n\nRust only looks at the signature of the called function, as such it must\nalready specify all requirements that will be used for every type parameter.\n"},"level":"error","spans":[{"file_name":"rpg-core/src/package.rs","byte_start":1602,"byte_end":1611,"line_start":61,"line_end":61,"column_start":24,"column_end":33,"is_primary":true,"text":[{"text":"#[derive(Debug, Clone, Serialize, Deserialize)]","highlight_start":24,"highlight_end":33}],"label":"unsatisfied trait bound","suggested_replacement":null,"suggestion_applicability":null,"expansion":{"span":{"file_name":"rpg-core/src/package.rs","byte_start":1602,"byte_end":1611,"line_start":61,"line_end":61,"column_start":24,"column_end":33,"is_primary":false,"text":[{"text":"#[derive(Debug, Clone, Serialize, Deserialize)]","highlight_start":24,"highlight_end":33}],"label":null,"suggested_replacement":null,"suggestion_applicability":null,"expansion":null},"macro_decl_name":"#[derive(Serialize)]","def_site_span":{"file_name":"/root/.cargo/registry/src/index.crates.io-1949cf8c6b5b557f/serde_derive-1.0.228/src/lib.rs","byte_start":3101,"byte_end":3159,"line_start":114,"line_end":114,"column_start":1,"column_end":59,"is_primary":false,"text":[{"text":"pub fn derive_serialize(input: TokenStream) -> TokenStream {","highlight_start":1,"highlight_end":59}],"label":null,"suggested_replacement":null,"suggestion_applicability":null,"expansion":null}}},{"file_name":"rpg-core/src/package.rs","byte_start":2539,"byte_end":2590,"line_start":98,"line_end":99,"column_start":5,"column_end":29,"is_primary":false,"text":[{"text":"    /// Ed25519 signature","highlight_start":5,"highlight_end":26},{"text":"    pub signature: Signature,","highlight_start":1,"highlight_end":29}],"label":"required by a bound introduced by this call","suggested_replacement":null,"suggestion_applicability":null,"expansion":null}],"children":[{"message":"the trait `Serialize` is not implemented for `PackageSignature`","code":null,"level":"help","spans":[{"file_name":"rpg-core/src/signature.rs","byte_start":495,"byte_end":522,"line_start":15,"line_end":15,"column_start":1,"column_end":28,"is_primary":true,"text":[{"text":"pub struct PackageSignature(pub [u8; 64]);","highlight_start":1,"highlight_end":28}],"label":null,"suggested_replacement":null,"suggestion_applicability":null,"expansion":null}],"children":[],"rendered":null},{"message":"for local types consider adding `#[derive(serde::Serialize)]` to your `PackageSignature` type","code":null,"level":"note","spans":[],"children":[],"rendered":null},{"message":"for types from other crates check whether the crate offers a `serde` feature flag","code":null,"level":"note","spans":[],"children":[],"rendered":null},{"message":"the following other types implement trait `Serialize`:\n  &'a T\n  &'a mut T\n  ()\n  (T,)\n  (T0, T1)\n  (T0, T1, T2)\n  (T0, T1, T2, T3)\n  (T0, T1, T2, T3, T4)\nand 149 others","code":null,"level":"help","spans":[],"children":[],"rendered":null},{"message":"required by a bound in `config::_::_serde::ser::SerializeStruct::serialize_field`","code":null,"level":"note","spans":[{"file_name":"/root/.cargo/registry/src/index.crates.io-1949cf8c6b5b557f/serde_core-1.0.228/src/ser/mod.rs","byte_start":62575,"byte_end":62590,"line_start":1915,"line_end":1915,"column_start":8,"column_end":23,"is_primary":false,"text":[{"text":"    fn serialize_field<T>(&mut self, key: &'static str, value: &T) -> Result<(), Self::Error>","highlight_start":8,"highlight_end":23}],"label":"required by a bound in this associated function","suggested_replacement":null,"suggestion_applicability":null,"expansion":null},{"file_name":"/root/.cargo/registry/src/index.crates.io-1949cf8c6b5b557f/serde_core-1.0.228/src/ser/mod.rs","byte_start":62692,"byte_end":62701,"line_start":1917,"line_end":1917,"column_start":21,"column_end":30,"is_primary":true,"text":[{"text":"        T: ?Sized + Serialize;","highlight_start":21,"highlight_end":30}],"label":"required by this bound in `SerializeStruct::serialize_field`","suggested_replacement":null,"suggestion_applicability":null,"expansion":null}],"children":[],"rendered":null}],"rendered":"\u001b[1m\u001b[91merror[E0277]\u001b[0m\u001b[1m: the trait bound `PackageSignature: serde::Serialize` is not satisfied\u001b[0m\n    \u001b[1m\u001b[94m--> \u001b[0mrpg-core/src/package.rs:61:24\n     \u001b[1m\u001b[94m|\u001b[0m\n\u001b[1m\u001b[94m  61\u001b[0m \u001b[1m\u001b[94m|\u001b[0m   #[derive(Debug, Clone, Serialize, Deserialize)]\n     \u001b[1m\u001b[94m|\u001b[0m                          \u001b[1m\u001b[91m^^^^^^^^^\u001b[0m \u001b[1m\u001b[91munsatisfied trait bound\u001b[0m\n\u001b[1m\u001b[94m...\u001b[0m\n\u001b[1m\u001b[94m  98\u001b[0m \u001b[1m\u001b[94m|\u001b[0m \u001b[1m\u001b[94m/\u001b[0m     /// Ed25519 signature\n\u001b[1m\u001b[94m  99\u001b[0m \u001b[1m\u001b[94m|\u001b[0m \u001b[1m\u001b[94m|\u001b[0m     pub signature: Signature,\n     \u001b[1m\u001b[94m|\u001b[0m \u001b[1m\u001b[94m|____________________________-\u001b[0m \u001b[1m\u001b[94mrequired by a bound introduced by this call\u001b[0m\n     \u001b[1m\u001b[94m|\u001b[0m\n\u001b[1m\u001b[96mhelp\u001b[0m: the trait `Serialize` is not implemented for `PackageSignature`\n    \u001b[1m\u001b[94m--> \u001b[0mrpg-core/src/signature.rs:15:1\n     \u001b[1m\u001b[94m|\u001b[0m\n\u001b[1m\u001b[94m  15\u001b[0m \u001b[1m\u001b[94m|\u001b[0m pub struct PackageSignature(pub [u8; 64]);\n     \u001b[1m\u001b[94m|\u001b[0m \u001b[1m\u001b[96m^^^^^^^^^^^^^^^^^^^^^^^^^^^\u001b[0m\n     \u001b[1m\u001b[94m= \u001b[0m\u001b[1mnote\u001b[0m: for local types consider adding `#[derive(serde::Serialize)]` to your `PackageSignature` type\n     \u001b[1m\u001b[94m= \u001b[0m\u001b[1mnote\u001b[0m: for types from other crates check whether the crate offers a `serde` feature flag\n     \u001b[1m\u001b[94m= \u001b[0m\u001b[1mhelp\u001b[0m: the following other types implement trait `Serialize`:\n               &'a T\n               &'a mut T\n               ()\n               (T,)\n               (T0, T1)\n               (T0, T1, T2)\n               (T0, T1, T2, T3)\n               (T0, T1, T2, T3, T4)\n             and 149 others\n\u001b[1m\u001b[92mnote\u001b[0m: required by a bound in `config::_::_serde::ser::SerializeStruct::serialize_field`\n    \u001b[1m\u001b[94m--> \u001b[0m/root/.cargo/registry/src/index.crates.io-1949cf8c6b5b557f/serde_core-1.0.228/src/ser/mod.rs:1917:21\n     \u001b[1m\u001b[94m|\u001b[0m\n\u001b[1m\u001b[94m1915\u001b[0m \u001b[1m\u001b[94m|\u001b[0m     fn serialize_field<T>(&mut self, key: &'static str, value: &T) -> Result<(), Self::Error>\n     \u001b[1m\u001b[94m|\u001b[0m        \u001b[1m\u001b[94m---------------\u001b[0m \u001b[1m\u001b[94mrequired by a bound in this associated function\u001b[0m\n\u001b[1m\u001b[94m1916\u001b[0m \u001b[1m\u001b[94m|\u001b[0m     where\n\u001b[1m\u001b[94m1917\u001b[0m \u001b[1m\u001b[94m|\u001b[0m         T: ?Sized + Serialize;\n     \u001b[1m\u001b[94m|\u001b[0m                     \u001b[1m\u001b[92m^^^^^^^^^\u001b[0m \u001b[1m\u001b[92mrequired by this bound in `SerializeStruct::serialize_field`\u001b[0m\n     \u001b[1m\u001b[94m= \u001b[0m\u001b[1mnote\u001b[0m: this error originates in the derive macro `Serialize` (in Nightly builds, run with -Z macro-backtrace for more info)\n\n"}
{"$message_type":"diagnostic","message":"the trait bound `PackageSignature: serde::Deserialize<'de>` is not satisfied","code":{"code":"E0277","explanation":"You tried to use a type which doesn't implement some trait in a place which\nexpected that trait.\n\nErroneous code example:\n\n```compile_fail,E0277\n// here we declare the Foo trait with a bar method\ntrait Foo {\n    fn bar(&self);\n}\n\n// we now declare a function which takes an object implementing the Foo trait\nfn some_func<T: Foo>(foo: T) {\n    foo.bar();\n}\n\nfn main() {\n    // we now call the method with the i32 type, which doesn't implement\n    // the Foo trait\n    some_func(5i32); // error: the trait bound `i32 : Foo` is not satisfied\n}\n```\n\nIn order to fix this error, verify that the type you're using does implement\nthe trait. Example:\n\n```\ntrait Foo {\n    fn bar(&self);\n}\n\n// we implement the trait on the i32 type\nimpl Foo for i32 {\n    fn bar(&self) {}\n}\n\nfn some_func<T: Foo>(foo: T) {\n    foo.bar(); // we can now use this method since i32 implements the\n               // Foo trait\n}\n\nfn main() {\n    some_func(5i32); // ok!\n}\n```\n\nOr in a generic context, an erroneous code example would look like:\n\n```compile_fail,E0277\nfn some_func<T>(foo: T) {\n    println!(\"{:?}\", foo); // error: the trait `core::fmt::Debug` is not\n                           //        implemented for the type `T`\n}\n\nfn main() {\n    // We now call the method with the i32 type,\n    // which *does* implement the Debug trait.\n    some_func(5i32);\n}\n```\n\nNote that the error here is in the definition of the generic function. Although\nwe only call it with a parameter that does implement `Debug`, the compiler\nstill rejects the function. It must work with all possible input types. In\norder to make this example compile, we need to restrict the generic type we're\naccepting:\n\n```\nuse std::fmt;\n\n// Restrict the input type to types that implement Debug.\nfn some_func<T: fmt::Debug>(foo: T) {\n    println!(\"{:?}\", foo);\n}\n\nfn main() {\n    // Calling the method is still fine, as i32 implements Debug.\n    some_func(5i32);\n\n    // This would fail to compile now:\n    // struct WithoutDebug;\n    // some_func(WithoutDebug);\n}\n```\n\nRust only looks at the signature of the called function, as such it must\nalready specify all requirements that will be used for every type parameter.\n"},"level":"error","spans":[{"file_name":"rpg-core/src/package.rs","byte_start":2581,"byte_end":2590,"line_start":99,"line_end":99,"column_start":20,"column_end":29,"is_primary":true,"text":[{"text":"    pub signature: Signature,","highlight_start":20,"highlight_end":29}],"label":"unsatisfied trait bound","suggested_replacement":null,"suggestion_applicability":null,"expansion":null}],"children":[{"message":"the trait `Deserialize<'_>` is not implemented for `PackageSignature`","code":null,"level":"help","spans":[{"file_name":"rpg-core/src/signature.rs","byte_start":495,"byte_end":522,"line_start":15,"line_end":15,"column_start":1,"column_end":28,"is_primary":true,"text":[{"text":"pub struct PackageSignature(pub [u8; 64]);","highlight_start":1,"highlight_end":28}],"label":null,"suggested_replacement":null,"suggestion_applicability":null,"expansion":null}],"children":[],"rendered":null},{"message":"for local types consider adding `#[derive(serde::Deserialize)]` to your `PackageSignature` type","code":null,"level":"note","spans":[],"children":[],"rendered":null},{"message":"for types from other crates check whether the crate offers a `serde` feature flag","code":null,"level":"note","spans":[],"children":[],"rendered":null},{"message":"the following other types implement trait `Deserialize<'de>`:\n  &'a Path\n  &'a [u8]\n  &'a str\n  ()\n  (T,)\n  (T0, T1)\n  (T0, T1, T2)\n  (T0, T1, T2, T3)\nand 166 others","code":null,"level":"help","spans":[],"children":[],"rendered":null},{"message":"required by a bound in `next_element`","code":null,"level":"note","spans":[{"file_name":"/root/.cargo/registry/src/index.crates.io-1949cf8c6b5b557f/serde_core-1.0.228/src/de/mod.rs","byte_start":63908,"byte_end":63920,"line_start":1769,"line_end":1769,"column_start":8,"column_end":20,"is_primary":false,"text":[{"text":"    fn next_element<T>(&mut self) -> Result<Option<T>, Self::Error>","highlight_start":8,"highlight_end":20}],"label":"required by a bound in this associated function","suggested_replacement":null,"suggestion_applicability":null,"expansion":null},{"file_name":"/root/.cargo/registry/src/index.crates.io-1949cf8c6b5b557f/serde_core-1.0.228/src/de/mod.rs","byte_start":63990,"byte_end":64006,"line_start":1771,"line_end":1771,"column_start":12,"column_end":28,"is_primary":true,"text":[{"text":"        T: Deserialize<'de>,","highlight_start":12,"highlight_end":28}],"label":"required by this bound in `SeqAccess::next_element`","suggested_replacement":null,"suggestion_applicability":null,"expansion":null}],"children":[],"rendered":null}],"rendered":"\u001b[1m\u001b[91merror[E0277]\u001b[0m\u001b[1m: the trait bound `PackageSignature: serde::Deserialize<'de>` is not satisfied\u001b[0m\n    \u001b[1m\u001b[94m--> \u001b[0mrpg-core/src/package.rs:99:20\n     \u001b[1m\u001b[94m|\u001b[0m\n\u001b[1m\u001b[94m  99\u001b[0m \u001b[1m\u001b[94m|\u001b[0m     pub signature: Signature,\n     \u001b[1m\u001b[94m|\u001b[0m                    \u001b[1m\u001b[91m^^^^^^^^^\u001b[0m \u001b[1m\u001b[91munsatisfied trait bound\u001b[0m\n     \u001b[1m\u001b[94m|\u001b[0m\n\u001b[1m\u001b[96mhelp\u001b[0m: the trait `Deserialize<'_>` is not implemented for `PackageSignature`\n    \u001b[1m\u001b[94m--> \u001b[0mrpg-core/src/signature.rs:15:1\n     \u001b[1m\u001b[94m|\u001b[0m\n\u001b[1m\u001b[94m  15\u001b[0m \u001b[1m\u001b[94m|\u001b[0m pub struct PackageSignature(pub [u8; 64]);\n     \u001b[1m\u001b[94m|\u001b[0m \u001b[1m\u001b[96m^^^^^^^^^^^^^^^^^^^^^^^^^^^\u001b[0m\n     \u001b[1m\u001b[94m= \u001b[0m\u001b[1mnote\u001b[0m: for local types consider adding `#[derive(serde::Deserialize)]` to your `PackageSignature` type\n     \u001b[1m\u001b[94m= \u001b[0m\u001b[1mnote\u001b[0m: for types from other crates check whether the crate offers a `serde` feature flag\n     \u001b[1m\u001b[94m= \u001b[0m\u001b[1mhelp\u001b[0m: the following other types implement trait `Deserialize<'de>`:\n               &'a Path\n               &'a [u8]\n               &'a str\n               ()\n               (T,)\n               (T0, T1)\n               (T0, T1, T2)\n               (T0, T1, T2, T3)\n             and 166 others\n\u001b[1m\u001b[92mnote\u001b[0m: required by a bound in `next_element`\n    \u001b[1m\u001b[94m--> \u001b[0m/root/.cargo/registry/src/index.crates.io-1949cf8c6b5b557f/serde_core-1.0.228/src/de/mod.rs:1771:12\n     \u001b[1m\u001b[94m|\u001b[0m\n\u001b[1m\u001b[94m1769\u001b[0m \u001b[1m\u001b[94m|\u001b[0m     fn next_element<T>(&mut self) -> Result<Option<T>, Self::Error>\n     \u001b[1m\u001b[94m|\u001b[0m        \u001b[1m\u001b[94m------------\u001b[0m \u001b[1m\u001b[94mrequired by a bound in this associated function\u001b[0m\n\u001b[1m\u001b[94m1770\u001b[0m \u001b[1m\u001b[94m|\u001b[0m     where\n\u001b[1m\u001b[94m1771\u001b[0m \u001b[1m\u001b[94m|\u001b[0m         T: Deserialize<'de>,\n     \u001b[1m\u001b[94m|\u001b[0m            \u001b[1m\u001b[92m^^^^^^^^^^^^^^^^\u001b[0m \u001b[1m\u001b[92mrequired by this bound in `SeqAccess::next_element`\u001b[0m\n\n"}
{"$message_type":"diagnostic","message":"the trait bound `PackageState: Default` is not satisfied","code":{"code":"E0277","explanation":"You tried to use a type which doesn't implement some trait in a place which\nexpected that trait.\n\nErroneous code example:\n\n```compile_fail,E0277\n// here we declare the Foo trait with a bar method\ntrait Foo {\n    fn bar(&self);\n}\n\n// we now declare a function which takes an object implementing the Foo trait\nfn some_func<T: Foo>(foo: T) {\n    foo.bar();\n}\n\nfn main() {\n    // we now call the method with the i32 type, which doesn't implement\n    // the Foo trait\n    some_func(5i32); // error: the trait bound `i32 : Foo` is not satisfied\n}\n```\n\nIn order to fix this error, verify that the type you're using does implement\nthe trait. Example:\n\n```\ntrait Foo {\n    fn bar(&self);\n}\n\n// we implement the trait on the i32 type\nimpl Foo for i32 {\n    fn bar(&self) {}\n}\n\nfn some_func<T: Foo>(foo: T) {\n    foo.bar(); // we can now use this method since i32 implements the\n               // Foo trait\n}\n\nfn main() {\n    some_func(5i32); // ok!\n}\n```\n\nOr in a generic context, an erroneous code example would look like:\n\n```compile_fail,E0277\nfn some_func<T>(foo: T) {\n    println!(\"{:?}\", foo); // error: the trait `core::fmt::Debug` is not\n                           //        implemented for the type `T`\n}\n\nfn main() {\n    // We now call the method with the i32 type,\n    // which *does* implement the Debug trait.\n    some_func(5i32);\n}\n```\n\nNote that the error here is in the definition of the generic function. Although\nwe only call it with a parameter that does implement `Debug`, the compiler\nstill rejects the function. It must work with all possible input types. In\norder to make this example compile, we need to restrict the generic type we're\naccepting:\n\n```\nuse std::fmt;\n\n// Restrict the input type to types that implement Debug.\nfn some_func<T: fmt::Debug>(foo: T) {\n    println!(\"{:?}\", foo);\n}\n\nfn main() {\n    // Calling the method is still fine, as i32 implements Debug.\n    some_func(5i32);\n\n    // This would fail to compile now:\n    // struct WithoutDebug;\n    // some_func(WithoutDebug);\n}\n```\n\nRust only looks at the signature of the called function, as such it must\nalready specify all requirements that will be used for every type parameter.\n"},"level":"error","spans":[{"file_name":"rpg-core/src/package.rs","byte_start":2759,"byte_end":2828,"line_start":108,"line_end":110,"column_start":5,"column_end":28,"is_primary":true,"text":[{"text":"    /// Package state","highlight_start":5,"highlight_end":22},{"text":"    #[serde(default)]","highlight_start":1,"highlight_end":22},{"text":"    pub state: PackageState,","highlight_start":1,"highlight_end":28}],"label":"unsatisfied trait bound","suggested_replacement":null,"suggestion_applicability":null,"expansion":null}],"children":[{"message":"the trait `Default` is not implemented for `PackageState`","code":null,"level":"help","spans":[{"file_name":"rpg-core/src/package.rs","byte_start":1265,"byte_end":1286,"line_start":49,"line_end":49,"column_start":1,"column_end":22,"is_primary":true,"text":[{"text":"pub enum PackageState {","highlight_start":1,"highlight_end":22}],"label":null,"suggested_replacement":null,"suggestion_applicability":null,"expansion":null}],"children":[],"rendered":null}],"rendered":"\u001b[1m\u001b[91merror[E0277]\u001b[0m\u001b[1m: the trait bound `PackageState: Default` is not satisfied\u001b[0m\n   \u001b[1m\u001b[94m--> \u001b[0mrpg-core/src/package.rs:108:5\n    \u001b[1m\u001b[94m|\u001b[0m\n\u001b[1m\u001b[94m108\u001b[0m \u001b[1m\u001b[94m|\u001b[0m \u001b[1m\u001b[91m/\u001b[0m     /// Package state\n\u001b[1m\u001b[94m109\u001b[0m \u001b[1m\u001b[94m|\u001b[0m \u001b[1m\u001b[91m|\u001b[0m     #[serde(default)]\n\u001b[1m\u001b[94m110\u001b[0m \u001b[1m\u001b[94m|\u001b[0m \u001b[1m\u001b[91m|\u001b[0m     pub state: PackageState,\n    \u001b[1m\u001b[94m|\u001b[0m \u001b[1m\u001b[91m|___________________________^\u001b[0m \u001b[1m\u001b[91munsatisfied trait bound\u001b[0m\n    \u001b[1m\u001b[94m|\u001b[0m\n\u001b[1m\u001b[96mhelp\u001b[0m: the trait `Default` is not implemented for `PackageState`\n   \u001b[1m\u001b[94m--> \u001b[0mrpg-core/src/package.rs:49:1\n    \u001b[1m\u001b[94m|\u001b[0m\n\u001b[1m\u001b[94m 49\u001b[0m \u001b[1m\u001b[94m|\u001b[0m pub enum PackageState {\n    \u001b[1m\u001b[94m|\u001b[0m \u001b[1m\u001b[96m^^^^^^^^^^^^^^^^^^^^^\u001b[0m\n\n"}
{"$message_type":"diagnostic","message":"the trait bound `PackageSignature: serde::Deserialize<'de>` is not satisfied","code":{"code":"E0277","explanation":"You tried to use a type which doesn't implement some trait in a place which\nexpected that trait.\n\nErroneous code example:\n\n```compile_fail,E0277\n// here we declare the Foo trait with a bar method\ntrait Foo {\n    fn bar(&self);\n}\n\n// we now declare a function which takes an object implementing the Foo trait\nfn some_func<T: Foo>(foo: T) {\n    foo.bar();\n}\n\nfn main() {\n    // we now call the method with the i32 type, which doesn't implement\n    // the Foo trait\n    some_func(5i32); // error: the trait bound `i32 : Foo` is not satisfied\n}\n```\n\nIn order to fix this error, verify that the type you're using does implement\nthe trait. Example:\n\n```\ntrait Foo {\n    fn bar(&self);\n}\n\n// we implement the trait on the i32 type\nimpl Foo for i32 {\n    fn bar(&self) {}\n}\n\nfn some_func<T: Foo>(foo: T) {\n    foo.bar(); // we can now use this method since i32 implements the\n               // Foo trait\n}\n\nfn main() {\n    some_func(5i32); // ok!\n}\n```\n\nOr in a generic context, an erroneous code example would look like:\n\n```compile_fail,E0277\nfn some_func<T>(foo: T) {\n    println!(\"{:?}\", foo); // error: the trait `core::fmt::Debug` is not\n                           //        implemented for the type `T`\n}\n\nfn main() {\n    // We now call the method with the i32 type,\n    // which *does* implement the Debug trait.\n    some_func(5i32);\n}\n```\n\nNote that the error here is in the definition of the generic function. Although\nwe only call it with a parameter that does implement `Debug`, the compiler\nstill rejects the function. It must work with all possible input types. In\norder to make this example compile, we need to restrict the generic type we're\naccepting:\n\n```\nuse std::fmt;\n\n// Restrict the input type to types that implement Debug.\nfn some_func<T: fmt::Debug>(foo: T) {\n    println!(\"{:?}\", foo);\n}\n\nfn main() {\n    // Calling the method is still fine, as i32 implements Debug.\n    some_func(5i32);\n\n    // This would fail to compile now:\n    // struct WithoutDebug;\n    // some_func(WithoutDebug);\n}\n```\n\nRust only looks at the signature of the called function, as such it must\nalready specify all requirements that will be used for every type parameter.\n"},"level":"error","spans":[{"file_name":"rpg-core/src/package.rs","byte_start":2581,"byte_end":2590,"line_start":99,"line_end":99,"column_start":20,"column_end":29,"is_primary":true,"text":[{"text":"    pub signature: Signature,","highlight_start":20,"highlight_end":29}],"label":"unsatisfied trait bound","suggested_replacement":null,"suggestion_applicability":null,"expansion":null}],"children":[{"message":"the trait `Deserialize<'_>` is not implemented for `PackageSignature`","code":null,"level":"help","spans":[{"file_name":"rpg-core/src/signature.rs","byte_start":495,"byte_end":522,"line_start":15,"line_end":15,"column_start":1,"column_end":28,"is_primary":true,"text":[{"text":"pub struct PackageSignature(pub [u8; 64]);","highlight_start":1,"highlight_end":28}],"label":null,"suggested_replacement":null,"suggestion_applicability":null,"expansion":null}],"children":[],"rendered":null},{"message":"for local types consider adding `#[derive(serde::Deserialize)]` to your `PackageSignature` type","code":null,"level":"note","spans":[],"children":[],"rendered":null},{"message":"for types from other crates check whether the crate offers a `serde` feature flag","code":null,"level":"note","spans":[],"children":[],"rendered":null},{"message":"the following other types implement trait `Deserialize<'de>`:\n  &'a Path\n  &'a [u8]\n  &'a str\n  ()\n  (T,)\n  (T0, T1)\n  (T0, T1, T2)\n  (T0, T1, T2, T3)\nand 166 others","code":null,"level":"help","spans":[],"children":[],"rendered":null},{"message":"required by a bound in `next_value`","code":null,"level":"note","spans":[{"file_name":"/root/.cargo/registry/src/index.crates.io-1949cf8c6b5b557f/serde_core-1.0.228/src/de/mod.rs","byte_start":68496,"byte_end":68506,"line_start":1914,"line_end":1914,"column_start":8,"column_end":18,"is_primary":false,"text":[{"text":"    fn next_value<V>(&mut self) -> Result<V, Self::Error>","highlight_start":8,"highlight_end":18}],"label":"required by a bound in this associated function","suggested_replacement":null,"suggestion_applicability":null,"expansion":null},{"file_name":"/root/.cargo/registry/src/index.crates.io-1949cf8c6b5b557f/serde_core-1.0.228/src/de/mod.rs","byte_start":68568,"byte_end":68584,"line_start":1916,"line_end":1916,"column_start":12,"column_end":28,"is_primary":true,"text":[{"text":"        V: Deserialize<'de>,","highlight_start":12,"highlight_end":28}],"label":"required by this bound in `MapAccess::next_value`","suggested_replacement":null,"suggestion_applicability":null,"expansion":null}],"children":[],"rendered":null}],"rendered":"\u001b[1m\u001b[91merror[E0277]\u001b[0m\u001b[1m: the trait bound `PackageSignature: serde::Deserialize<'de>` is not satisfied\u001b[0m\n    \u001b[1m\u001b[94m--> \u001b[0mrpg-core/src/package.rs:99:20\n     \u001b[1m\u001b[94m|\u001b[0m\n\u001b[1m\u001b[94m  99\u001b[0m \u001b[1m\u001b[94m|\u001b[0m     pub signature: Signature,\n     \u001b[1m\u001b[94m|\u001b[0m                    \u001b[1m\u001b[91m^^^^^^^^^\u001b[0m \u001b[1m\u001b[91munsatisfied trait bound\u001b[0m\n     \u001b[1m\u001b[94m|\u001b[0m\n\u001b[1m\u001b[96mhelp\u001b[0m: the trait `Deserialize<'_>` is not implemented for `PackageSignature`\n    \u001b[1m\u001b[94m--> \u001b[0mrpg-core/src/signature.rs:15:1\n     \u001b[1m\u001b[94m|\u001b[0m\n\u001b[1m\u001b[94m  15\u001b[0m \u001b[1m\u001b[94m|\u001b[0m pub struct PackageSignature(pub [u8; 64]);\n     \u001b[1m\u001b[94m|\u001b[0m \u001b[1m\u001b[96m^^^^^^^^^^^^^^^^^^^^^^^^^^^\u001b[0m\n     \u001b[1m\u001b[94m= \u001b[0m\u001b[1mnote\u001b[0m: for local types consider adding `#[derive(serde::Deserialize)]` to your `PackageSignature` type\n     \u001b[1m\u001b[94m= \u001b[0m\u001b[1mnote\u001b[0m: for types from other crates check whether the crate offers a `serde` feature flag\n     \u001b[1m\u001b[94m= \u001b[0m\u001b[1mhelp\u001b[0m: the following other types implement trait `Deserialize<'de>`:\n               &'a Path\n               &'a [u8]\n               &'a str\n               ()\n               (T,)\n               (T0, T1)\n               (T0, T1, T2)\n               (T0, T1, T2, T3)\n             and 166 others\n\u001b[1m\u001b[92mnote\u001b[0m: required by a bound in `next_value`\n    \u001b[1m\u001b[94m--> \u001b[0m/root/.cargo/registry/src/index.crates.io-1949cf8c6b5b557f/serde_core-1.0.228/src/de/mod.rs:1916:12\n     \u001b[1m\u001b[94m|\u001b[0m\n\u001b[1m\u001b[94m1914\u001b[0m \u001b[1m\u001b[94m|\u001b[0m     fn next_value<V>(&mut self) -> Result<V, Self::Error>\n     \u001b[1m\u001b[94m|\u001b[0m        \u001b[1m\u001b[94m----------\u001b[0m \u001b[1m\u001b[94mrequired by a bound in this associated function\u001b[0m\n\u001b[1m\u001b[94m1915\u001b[0m \u001b[1m\u001b[94m|\u001b[0m     where\n\u001b[1m\u001b[94m1916\u001b[0m \u001b[1m\u001b[94m|\u001b[0m         V: Deserialize<'de>,\n     \u001b[1m\u001b[94m|\u001b[0m            \u001b[1m\u001b[92m^^^^^^^^^^^^^^^^\u001b[0m \u001b[1m\u001b[92mrequired by this bound in `MapAccess::next_value`\u001b[0m\n\n"}
{"$message_type":"diagnostic","message":"the trait bound `PackageSignature: serde::Deserialize<'de>` is not satisfied","code":{"code":"E0277","explanation":"You tried to use a type which doesn't implement some trait in a place which\nexpected that trait.\n\nErroneous code example:\n\n```compile_fail,E0277\n// here we declare the Foo trait with a bar method\ntrait Foo {\n    fn bar(&self);\n}\n\n// we now declare a function which takes an object implementing the Foo trait\nfn some_func<T: Foo>(foo: T) {\n    foo.bar();\n}\n\nfn main() {\n    // we now call the method with the i32 type, which doesn't implement\n    // the Foo trait\n    some_func(5i32); // error: the trait bound `i32 : Foo` is not satisfied\n}\n```\n\nIn order to fix this error, verify that the type you're using does implement\nthe trait. Example:\n\n```\ntrait Foo {\n    fn bar(&self);\n}\n\n// we implement the trait on the i32 type\nimpl Foo for i32 {\n    fn bar(&self) {}\n}\n\nfn some_func<T: Foo>(foo: T) {\n    foo.bar(); // we can now use this method since i32 implements the\n               // Foo trait\n}\n\nfn main() {\n    some_func(5i32); // ok!\n}\n```\n\nOr in a generic context, an erroneous code example would look like:\n\n```compile_fail,E0277\nfn some_func<T>(foo: T) {\n    println!(\"{:?}\", foo); // error: the trait `core::fmt::Debug` is not\n                           //        implemented for the type `T`\n}\n\nfn main() {\n    // We now call the method with the i32 type,\n    // which *does* implement the Debug trait.\n    some_func(5i32);\n}\n```\n\nNote that the error here is in the definition of the generic function. Although\nwe only call it with a parameter that does implement `Debug`, the compiler\nstill rejects the function. It must work with all possible input types. In\norder to make this example compile, we need to restrict the generic type we're\naccepting:\n\n```\nuse std::fmt;\n\n// Restrict the input type to types that implement Debug.\nfn some_func<T: fmt::Debug>(foo: T) {\n    println!(\"{:?}\", foo);\n}\n\nfn main() {\n    // Calling the method is still fine, as i32 implements Debug.\n    some_func(5i32);\n\n    // This would fail to compile now:\n    // struct WithoutDebug;\n    // some_func(WithoutDebug);\n}\n```\n\nRust only looks at the signature of the called function, as such it must\nalready specify all requirements that will be used for every type parameter.\n"},"level":"error","spans":[{"file_name":"rpg-core/src/package.rs","byte_start":1613,"byte_end":1624,"line_start":61,"line_end":61,"column_start":35,"column_end":46,"is_primary":true,"text":[{"text":"#[derive(Debug, Clone, Serialize, Deserialize)]","highlight_start":35,"highlight_end":46}],"label":"unsatisfied trait bound","suggested_replacement":null,"suggestion_applicability":null,"expansion":{"span":{"file_name":"rpg-core/src/package.rs","byte_start":1613,"byte_end":1624,"line_start":61,"line_end":61,"column_start":35,"column_end":46,"is_primary":false,"text":[{"text":"#[derive(Debug, Clone, Serialize, Deserialize)]","highlight_start":35,"highlight_end":46}],"label":null,"suggested_replacement":null,"suggestion_applicability":null,"expansion":null},"macro_decl_name":"#[derive(Deserialize)]","def_site_span":{"file_name":"/root/.cargo/registry/src/index.crates.io-1949cf8c6b5b557f/serde_derive-1.0.228/src/lib.rs","byte_start":3397,"byte_end":3457,"line_start":122,"line_end":122,"column_start":1,"column_end":61,"is_primary":false,"text":[{"text":"pub fn derive_deserialize(input: TokenStream) -> TokenStream {","highlight_start":1,"highlight_end":61}],"label":null,"suggested_replacement":null,"suggestion_applicability":null,"expansion":null}}}],"children":[{"message":"the trait `Deserialize<'_>` is not implemented for `PackageSignature`","code":null,"level":"help","spans":[{"file_name":"rpg-core/src/signature.rs","byte_start":495,"byte_end":522,"line_start":15,"line_end":15,"column_start":1,"column_end":28,"is_primary":true,"text":[{"text":"pub struct PackageSignature(pub [u8; 64]);","highlight_start":1,"highlight_end":28}],"label":null,"suggested_replacement":null,"suggestion_applicability":null,"expansion":null}],"children":[],"rendered":null},{"message":"for local types consider adding `#[derive(serde::Deserialize)]` to your `PackageSignature` type","code":null,"level":"note","spans":[],"children":[],"rendered":null},{"message":"for types from other crates check whether the crate offers a `serde` feature flag","code":null,"level":"note","spans":[],"children":[],"rendered":null},{"message":"the following other types implement trait `Deserialize<'de>`:\n  &'a Path\n  &'a [u8]\n  &'a str\n  ()\n  (T,)\n  (T0, T1)\n  (T0, T1, T2)\n  (T0, T1, T2, T3)\nand 166 others","code":null,"level":"help","spans":[],"children":[],"rendered":null},{"message":"required by a bound in `config::_::_serde::__private228::de::missing_field`","code":null,"level":"note","spans":[{"file_name":"/root/.cargo/registry/src/index.crates.io-1949cf8c6b5b557f/serde-1.0.228/src/private/de.rs","byte_start":837,"byte_end":850,"line_start":24,"line_end":24,"column_start":8,"column_end":21,"is_primary":false,"text":[{"text":"pub fn missing_field<'de, V, E>(field: &'static str) -> Result<V, E>","highlight_start":8,"highlight_end":21}],"label":"required by a bound in this function","suggested_replacement":null,"suggestion_applicability":null,"expansion":null},{"file_name":"/root/.cargo/registry/src/index.crates.io-1949cf8c6b5b557f/serde-1.0.228/src/private/de.rs","byte_start":912,"byte_end":928,"line_start":26,"line_end":26,"column_start":8,"column_end":24,"is_primary":true,"text":[{"text":"    V: Deserialize<'de>,","highlight_start":8,"highlight_end":24}],"label":"required by this bound in `missing_field`","suggested_replacement":null,"suggestion_applicability":null,"expansion":null}],"children":[],"rendered":null}],"rendered":"\u001b[1m\u001b[91merror[E0277]\u001b[0m\u001b[1m: the trait bound `PackageSignature: serde::Deserialize<'de>` is not satisfied\u001b[0m\n  \u001b[1m\u001b[94m--> \u001b[0mrpg-core/src/package.rs:61:35\n   \u001b[1m\u001b[94m|\u001b[0m\n\u001b[1m\u001b[94m61\u001b[0m \u001b[1m\u001b[94m|\u001b[0m #[derive(Debug, Clone, Serialize, Deserialize)]\n   \u001b[1m\u001b[94m|\u001b[0m                                   \u001b[1m\u001b[91m^^^^^^^^^^^\u001b[0m \u001b[1m\u001b[91munsatisfied trait bound\u001b[0m\n   \u001b[1m\u001b[94m|\u001b[0m\n\u001b[1m\u001b[96mhelp\u001b[0m: the trait `Deserialize<'_>` is not implemented for `PackageSignature`\n  \u001b[1m\u001b[94m--> \u001b[0mrpg-core/src/signature.rs:15:1\n   \u001b[1m\u001b[94m|\u001b[0m\n\u001b[1m\u001b[94m15\u001b[0m \u001b[1m\u001b[94m|\u001b[0m pub struct PackageSignature(pub [u8; 64]);\n   \u001b[1m\u001b[94m|\u001b[0m \u001b[1m\u001b[96m^^^^^^^^^^^^^^^^^^^^^^^^^^^\u001b[0m\n   \u001b[1m\u001b[94m= \u001b[0m\u001b[1mnote\u001b[0m: for local types consider adding `#[derive(serde::Deserialize)]` to your `PackageSignature` type\n   \u001b[1m\u001b[94m= \u001b[0m\u001b[1mnote\u001b[0m: for types from other crates check whether the crate offers a `serde` feature flag\n   \u001b[1m\u001b[94m= \u001b[0m\u001b[1mhelp\u001b[0m: the following other types implement trait `Deserialize<'de>`:\n             &'a Path\n             &'a [u8]\n             &'a str\n             ()\n             (T,)\n             (T0, T1)\n             (T0, T1, T2)\n             (T0, T1, T2, T3)\n           and 166 others\n\u001b[1m\u001b[92mnote\u001b[0m: required by a bound in `config::_::_serde::__private228::de::missing_field`\n  \u001b[1m\u001b[94m--> \u001b[0m/root/.cargo/registry/src/index.crates.io-1949cf8c6b5b557f/serde-1.0.228/src/private/de.rs:26:8\n   \u001b[1m\u001b[94m|\u001b[0m\n\u001b[1m\u001b[94m24\u001b[0m \u001b[1m\u001b[94m|\u001b[0m pub fn missing_field<'de, V, E>(field: &'static str) -> Result<V, E>\n   \u001b[1m\u001b[94m|\u001b[0m        \u001b[1m\u001b[94m-------------\u001b[0m \u001b[1m\u001b[94mrequired by a bound in this function\u001b[0m\n\u001b[1m\u001b[94m25\u001b[0m \u001b[1m\u001b[94m|\u001b[0m where\n\u001b[1m\u001b[94m26\u001b[0m \u001b[1m\u001b[94m|\u001b[0m     V: Deserialize<'de>,\n   \u001b[1m\u001b[94m|\u001b[0m        \u001b[1m\u001b[92m^^^^^^^^^^^^^^^^\u001b[0m \u001b[1m\u001b[92mrequired by this bound in `missing_field`\u001b[0m\n   \u001b[1m\u001b[94m= \u001b[0m\u001b[1mnote\u001b[0m: this error originates in the derive macro `Deserialize` (in Nightly builds, run with -Z macro-backtrace for more info)\n\n"}
{"$message_type":"diagnostic","message":"the trait bound `PackageState: Default` is not satisfied","code":{"code":"E0277","explanation":"You tried to use a type which doesn't implement some trait in a place which\nexpected that trait.\n\nErroneous code example:\n\n```compile_fail,E0277\n// here we declare the Foo trait with a bar method\ntrait Foo {\n    fn bar(&self);\n}\n\n// we now declare a function which takes an object implementing the Foo trait\nfn some_func<T: Foo>(foo: T) {\n    foo.bar();\n}\n\nfn main() {\n    // we now call the method with the i32 type, which doesn't implement\n    // the Foo trait\n    some_func(5i32); // error: the trait bound `i32 : Foo` is not satisfied\n}\n```\n\nIn order to fix this error, verify that the type you're using does implement\nthe trait. Example:\n\n```\ntrait Foo {\n    fn bar(&self);\n}\n\n// we implement the trait on the i32 type\nimpl Foo for i32 {\n    fn bar(&self) {}\n}\n\nfn some_func<T: Foo>(foo: T) {\n    foo.bar(); // we can now use this method since i32 implements the\n               // Foo trait\n}\n\nfn main() {\n    some_func(5i32); // ok!\n}\n```\n\nOr in a generic context, an erroneous code example would look like:\n\n```compile_fail,E0277\nfn some_func<T>(foo: T) {\n    println!(\"{:?}\", foo); // error: the trait `core::fmt::Debug` is not\n                           //        implemented for the type `T`\n}\n\nfn main() {\n    // We now call the method with the i32 type,\n    // which *does* implement the Debug trait.\n    some_func(5i32);\n}\n```\n\nNote that the error here is in the definition of the generic function. Although\nwe only call it with a parameter that does implement `Debug`, the compiler\nstill rejects the function. It must work with all possible input types. In\norder to make this example compile, we need to restrict the generic type we're\naccepting:\n\n```\nuse std::fmt;\n\n// Restrict the input type to types that implement Debug.\nfn some_func<T: fmt::Debug>(foo: T) {\n    println!(\"{:?}\", foo);\n}\n\nfn main() {\n    // Calling the method is still fine, as i32 implements Debug.\n    some_func(5i32);\n\n    // This would fail to compile now:\n    // struct WithoutDebug;\n    // some_func(WithoutDebug);\n}\n```\n\nRust only looks at the signature of the called function, as such it must\nalready specify all requirements that will be used for every type parameter.\n"},"level":"error","spans":[{"file_name":"rpg-core/src/package.rs","byte_start":1613,"byte_end":1624,"line_start":61,"line_end":61,"column_start":35,"column_end":46,"is_primary":true,"text":[{"text":"#[derive(Debug, Clone, Serialize, Deserialize)]","highlight_start":35,"highlight_end":46}],"label":"unsatisfied trait bound","suggested_replacement":null,"suggestion_applicability":null,"expansion":{"span":{"file_name":"rpg-core/src/package.rs","byte_start":1613,"byte_end":1624,"line_start":61,"line_end":61,"column_start":35,"column_end":46,"is_primary":false,"text":[{"text":"#[derive(Debug, Clone, Serialize, Deserialize)]","highlight_start":35,"highlight_end":46}],"label":null,"suggested_replacement":null,"suggestion_applicability":null,"expansion":null},"macro_decl_name":"#[derive(Deserialize)]","def_site_span":{"file_name":"/root/.cargo/registry/src/index.crates.io-1949cf8c6b5b557f/serde_derive-1.0.228/src/lib.rs","byte_start":3397,"byte_end":3457,"line_start":122,"line_end":122,"column_start":1,"column_end":61,"is_primary":false,"text":[{"text":"pub fn derive_deserialize(input: TokenStream) -> TokenStream {","highlight_start":1,"highlight_end":61}],"label":null,"suggested_replacement":null,"suggestion_applicability":null,"expansion":null}}}],"children":[{"message":"the trait `Default` is not implemented for `PackageState`","code":null,"level":"help","spans":[{"file_name":"rpg-core/src/package.rs","byte_start":1265,"byte_end":1286,"line_start":49,"line_end":49,"column_start":1,"column_end":22,"is_primary":true,"text":[{"text":"pub enum PackageState {","highlight_start":1,"highlight_end":22}],"label":null,"suggested_replacement":null,"suggestion_applicability":null,"expansion":null}],"children":[],"rendered":null}],"rendered":"\u001b[1m\u001b[91merror[E0277]\u001b[0m\u001b[1m: the trait bound `PackageState: Default` is not satisfied\u001b[0m\n  \u001b[1m\u001b[94m--> \u001b[0mrpg-core/src/package.rs:61:35\n   \u001b[1m\u001b[94m|\u001b[0m\n\u001b[1m\u001b[94m61\u001b[0m \u001b[1m\u001b[94m|\u001b[0m #[derive(Debug, Clone, Serialize, Deserialize)]\n   \u001b[1m\u001b[94m|\u001b[0m                                   \u001b[1m\u001b[91m^^^^^^^^^^^\u001b[0m \u001b[1m\u001b[91munsatisfied trait bound\u001b[0m\n   \u001b[1m\u001b[94m|\u001b[0m\n\u001b[1m\u001b[96mhelp\u001b[0m: the trait `Default` is not implemented for `PackageState`\n  \u001b[1m\u001b[94m--> \u001b[0mrpg-core/src/package.rs:49:1\n   \u001b[1m\u001b[94m|\u001b[0m\n\u001b[1m\u001b[94m49\u001b[0m \u001b[1m\u001b[94m|\u001b[0m pub enum PackageState {\n   \u001b[1m\u001b[94m|\u001b[0m \u001b[1m\u001b[96m^^^^^^^^^^^^^^^^^^^^^\u001b[0m\n   \u001b[1m\u001b[94m= \u001b[0m\u001b[1mnote\u001b[0m: this error originates in the derive macro `Deserialize` (in Nightly builds, run with -Z macro-backtrace for more info)\n\n"}
{"$message_type":"diagnostic","message":"no function or associated item named `from_bytes` found for array `[u8; 32]` in the current scope","code":{"code":"E0599","explanation":"This error occurs when a method is used on a type which doesn't implement it:\n\nErroneous code example:\n\n```compile_fail,E0599\nstruct Mouth;\n\nlet x = Mouth;\nx.chocolate(); // error: no method named `chocolate` found for type `Mouth`\n               //        in the current scope\n```\n\nIn this case, you need to implement the `chocolate` method to fix the error:\n\n```\nstruct Mouth;\n\nimpl Mouth {\n    fn chocolate(&self) { // We implement the `chocolate` method here.\n        println!(\"Hmmm! I love chocolate!\");\n    }\n}\n\nlet x = Mouth;\nx.chocolate(); // ok!\n```\n"},"level":"error","spans":[{"file_name":"rpg-core/src/signature.rs","byte_start":2332,"byte_end":2342,"line_start":81,"line_end":81,"column_start":44,"column_end":54,"is_primary":true,"text":[{"text":"        let secret: SecretKey = SecretKey::from_bytes(&bytes[..32]);","highlight_start":44,"highlight_end":54}],"label":"function or associated item not found in `[u8; 32]`","suggested_replacement":null,"suggestion_applicability":null,"expansion":null}],"children":[{"message":"there is an associated function `mut_from_bytes` with a similar name","code":null,"level":"help","spans":[{"file_name":"rpg-core/src/signature.rs","byte_start":2332,"byte_end":2342,"line_start":81,"line_end":81,"column_start":44,"column_end":54,"is_primary":true,"text":[{"text":"        let secret: SecretKey = SecretKey::from_bytes(&bytes[..32]);","highlight_start":44,"highlight_end":54}],"label":null,"suggested_replacement":"mut_from_bytes","suggestion_applicability":"MaybeIncorrect","expansion":null}],"children":[],"rendered":null}],"rendered":"\u001b[1m\u001b[91merror[E0599]\u001b[0m\u001b[1m: no function or associated item named `from_bytes` found for array `[u8; 32]` in the current scope\u001b[0m\n  \u001b[1m\u001b[94m--> \u001b[0mrpg-core/src/signature.rs:81:44\n   \u001b[1m\u001b[94m|\u001b[0m\n\u001b[1m\u001b[94m81\u001b[0m \u001b[1m\u001b[94m|\u001b[0m         let secret: SecretKey = SecretKey::from_bytes(&bytes[..32]);\n   \u001b[1m\u001b[94m|\u001b[0m                                            \u001b[1m\u001b[91m^^^^^^^^^^\u001b[0m \u001b[1m\u001b[91mfunction or associated item not found in `[u8; 32]`\u001b[0m\n   \u001b[1m\u001b[94m|\u001b[0m\n\u001b[1m\u001b[96mhelp\u001b[0m: there is an associated function `mut_from_bytes` with a similar name\n   \u001b[1m\u001b[94m|\u001b[0m\n\u001b[1m\u001b[94m81\u001b[0m \u001b[1m\u001b[94m| \u001b[0m        let secret: SecretKey = SecretKey::\u001b[92mmut_\u001b[0mfrom_bytes(&bytes[..32]);\n   \u001b[1m\u001b[94m|\u001b[0m                                            \u001b[92m++++\u001b[0m\n\n"}
{"$message_type":"diagnostic","message":"no function or associated item named `from_bytes` found for array `[u8; 32]` in the current scope","code":{"code":"E0599","explanation":"This error occurs when a method is used on a type which doesn't implement it:\n\nErroneous code example:\n\n```compile_fail,E0599\nstruct Mouth;\n\nlet x = Mouth;\nx.chocolate(); // error: no method named `chocolate` found for type `Mouth`\n               //        in the current scope\n```\n\nIn this case, you need to implement the `chocolate` method to fix the error:\n\n```\nstruct Mouth;\n\nimpl Mouth {\n    fn chocolate(&self) { // We implement the `chocolate` method here.\n        println!(\"Hmmm! I love chocolate!\");\n    }\n}\n\nlet x = Mouth;\nx.chocolate(); // ok!\n```\n"},"level":"error","spans":[{"file_name":"rpg-core/src/signature.rs","byte_start":4848,"byte_end":4858,"line_start":158,"line_end":158,"column_start":33,"column_end":43,"is_primary":true,"text":[{"text":"        let secret = SecretKey::from_bytes(&bytes[..32]);","highlight_start":33,"highlight_end":43}],"label":"function or associated item not found in `[u8; 32]`","suggested_replacement":null,"suggestion_applicability":null,"expansion":null}],"children":[{"message":"there is an associated function `mut_from_bytes` with a similar name","code":null,"level":"help","spans":[{"file_name":"rpg-core/src/signature.rs","byte_start":4848,"byte_end":4858,"line_start":158,"line_end":158,"column_start":33,"column_end":43,"is_primary":true,"text":[{"text":"        let secret = SecretKey::from_bytes(&bytes[..32]);","highlight_start":33,"highlight_end":43}],"label":null,"suggested_replacement":"mut_from_bytes","suggestion_applicability":"MaybeIncorrect","expansion":null}],"children":[],"rendered":null}],"rendered":"\u001b[1m\u001b[91merror[E0599]\u001b[0m\u001b[1m: no function or associated item named `from_bytes` found for array `[u8; 32]` in the current scope\u001b[0m\n   \u001b[1m\u001b[94m--> \u001b[0mrpg-core/src/signature.rs:158:33\n    \u001b[1m\u001b[94m|\u001b[0m\n\u001b[1m\u001b[94m158\u001b[0m \u001b[1m\u001b[94m|\u001b[0m         let secret = SecretKey::from_bytes(&bytes[..32]);\n    \u001b[1m\u001b[94m|\u001b[0m                                 \u001b[1m\u001b[91m^^^^^^^^^^\u001b[0m \u001b[1m\u001b[91mfunction or associated item not found in `[u8; 32]`\u001b[0m\n    \u001b[1m\u001b[94m|\u001b[0m\n\u001b[1m\u001b[96mhelp\u001b[0m: there is an associated function `mut_from_bytes` with a similar name\n    \u001b[1m\u001b[94m|\u001b[0m\n\u001b[1m\u001b[94m158\u001b[0m \u001b[1m\u001b[94m| \u001b[0m        let secret = SecretKey::\u001b[92mmut_\u001b[0mfrom_bytes(&bytes[..32]);\n    \u001b[1m\u001b[94m|\u001b[0m                                 \u001b[92m++++\u001b[0m\n\n"}
{"$message_type":"diagnostic","message":"the trait bound `Package: serde::Serialize` is not satisfied","code":{"code":"E0277","explanation":"You tried to use a type which doesn't implement some trait in a place which\nexpected that trait.\n\nErroneous code example:\n\n```compile_fail,E0277\n// here we declare the Foo trait with a bar method\ntrait Foo {\n    fn bar(&self);\n}\n\n// we now declare a function which takes an object implementing the Foo trait\nfn some_func<T: Foo>(foo: T) {\n    foo.bar();\n}\n\nfn main() {\n    // we now call the method with the i32 type, which doesn't implement\n    // the Foo trait\n    some_func(5i32); // error: the trait bound `i32 : Foo` is not satisfied\n}\n```\n\nIn order to fix this error, verify that the type you're using does implement\nthe trait. Example:\n\n```\ntrait Foo {\n    fn bar(&self);\n}\n\n// we implement the trait on the i32 type\nimpl Foo for i32 {\n    fn bar(&self) {}\n}\n\nfn some_func<T: Foo>(foo: T) {\n    foo.bar(); // we can now use this method since i32 implements the\n               // Foo trait\n}\n\nfn main() {\n    some_func(5i32); // ok!\n}\n```\n\nOr in a generic context, an erroneous code example would look like:\n\n```compile_fail,E0277\nfn some_func<T>(foo: T) {\n    println!(\"{:?}\", foo); // error: the trait `core::fmt::Debug` is not\n                           //        implemented for the type `T`\n}\n\nfn main() {\n    // We now call the method with the i32 type,\n    // which *does* implement the Debug trait.\n    some_func(5i32);\n}\n```\n\nNote that the error here is in the definition of the generic function. Although\nwe only call it with a parameter that does implement `Debug`, the compiler\nstill rejects the function. It must work with all possible input types. In\norder to make this example compile, we need to restrict the generic type we're\naccepting:\n\n```\nuse std::fmt;\n\n// Restrict the input type to types that implement Debug.\nfn some_func<T: fmt::Debug>(foo: T) {\n    println!(\"{:?}\", foo);\n}\n\nfn main() {\n    // Calling the method is still fine, as i32 implements Debug.\n    some_func(5i32);\n\n    // This would fail to compile now:\n    // struct WithoutDebug;\n    // some_func(WithoutDebug);\n}\n```\n\nRust only looks at the signature of the called function, as such it must\nalready specify all requirements that will be used for every type parameter.\n"},"level":"error","spans":[{"file_name":"rpg-core/src/transaction.rs","byte_start":1327,"byte_end":1336,"line_start":49,"line_end":49,"column_start":24,"column_end":33,"is_primary":true,"text":[{"text":"#[derive(Debug, Clone, Serialize, Deserialize)]","highlight_start":24,"highlight_end":33}],"label":"unsatisfied trait bound","suggested_replacement":null,"suggestion_applicability":null,"expansion":{"span":{"file_name":"rpg-core/src/transaction.rs","byte_start":1327,"byte_end":1336,"line_start":49,"line_end":49,"column_start":24,"column_end":33,"is_primary":false,"text":[{"text":"#[derive(Debug, Clone, Serialize, Deserialize)]","highlight_start":24,"highlight_end":33}],"label":null,"suggested_replacement":null,"suggestion_applicability":null,"expansion":null},"macro_decl_name":"#[derive(Serialize)]","def_site_span":{"file_name":"/root/.cargo/registry/src/index.crates.io-1949cf8c6b5b557f/serde_derive-1.0.228/src/lib.rs","byte_start":3101,"byte_end":3159,"line_start":114,"line_end":114,"column_start":1,"column_end":59,"is_primary":false,"text":[{"text":"pub fn derive_serialize(input: TokenStream) -> TokenStream {","highlight_start":1,"highlight_end":59}],"label":null,"suggested_replacement":null,"suggestion_applicability":null,"expansion":null}}},{"file_name":"rpg-core/src/transaction.rs","byte_start":1560,"byte_end":1633,"line_start":60,"line_end":61,"column_start":5,"column_end":31,"is_primary":false,"text":[{"text":"    /// Packages affected by this transaction","highlight_start":5,"highlight_end":46},{"text":"    pub packages: Vec<Package>,","highlight_start":1,"highlight_end":31}],"label":"required by a bound introduced by this call","suggested_replacement":null,"suggestion_applicability":null,"expansion":null}],"children":[{"message":"the trait `Serialize` is not implemented for `Package`","code":null,"level":"help","spans":[{"file_name":"rpg-core/src/package.rs","byte_start":5736,"byte_end":5754,"line_start":220,"line_end":220,"column_start":1,"column_end":19,"is_primary":true,"text":[{"text":"pub struct Package {","highlight_start":1,"highlight_end":19}],"label":null,"suggested_replacement":null,"suggestion_applicability":null,"expansion":null}],"children":[],"rendered":null},{"message":"for local types consider adding `#[derive(serde::Serialize)]` to your `Package` type","code":null,"level":"note","spans":[],"children":[],"rendered":null},{"message":"for types from other crates check whether the crate offers a `serde` feature flag","code":null,"level":"note","spans":[],"children":[],"rendered":null},{"message":"the following other types implement trait `Serialize`:\n  &'a T\n  &'a mut T\n  ()\n  (T,)\n  (T0, T1)\n  (T0, T1, T2)\n  (T0, T1, T2, T3)\n  (T0, T1, T2, T3, T4)\nand 149 others","code":null,"level":"help","spans":[],"children":[],"rendered":null},{"message":"required for `Vec<Package>` to implement `Serialize`","code":null,"level":"note","spans":[],"children":[],"rendered":null},{"message":"required by a bound in `config::_::_serde::ser::SerializeStruct::serialize_field`","code":null,"level":"note","spans":[{"file_name":"/root/.cargo/registry/src/index.crates.io-1949cf8c6b5b557f/serde_core-1.0.228/src/ser/mod.rs","byte_start":62575,"byte_end":62590,"line_start":1915,"line_end":1915,"column_start":8,"column_end":23,"is_primary":false,"text":[{"text":"    fn serialize_field<T>(&mut self, key: &'static str, value: &T) -> Result<(), Self::Error>","highlight_start":8,"highlight_end":23}],"label":"required by a bound in this associated function","suggested_replacement":null,"suggestion_applicability":null,"expansion":null},{"file_name":"/root/.cargo/registry/src/index.crates.io-1949cf8c6b5b557f/serde_core-1.0.228/src/ser/mod.rs","byte_start":62692,"byte_end":62701,"line_start":1917,"line_end":1917,"column_start":21,"column_end":30,"is_primary":true,"text":[{"text":"        T: ?Sized + Serialize;","highlight_start":21,"highlight_end":30}],"label":"required by this bound in `SerializeStruct::serialize_field`","suggested_replacement":null,"suggestion_applicability":null,"expansion":null}],"children":[],"rendered":null}],"rendered":"\u001b[1m\u001b[91merror[E0277]\u001b[0m\u001b[1m: the trait bound `Package: serde::Serialize` is not satisfied\u001b[0m\n    \u001b[1m\u001b[94m--> \u001b[0mrpg-core/src/transaction.rs:49:24\n     \u001b[1m\u001b[94m|\u001b[0m\n\u001b[1m\u001b[94m  49\u001b[0m \u001b[1m\u001b[94m|\u001b[0m   #[derive(Debug, Clone, Serialize, Deserialize)]\n     \u001b[1m\u001b[94m|\u001b[0m                          \u001b[1m\u001b[91m^^^^^^^^^\u001b[0m \u001b[1m\u001b[91munsatisfied trait bound\u001b[0m\n\u001b[1m\u001b[94m...\u001b[0m\n\u001b[1m\u001b[94m  60\u001b[0m \u001b[1m\u001b[94m|\u001b[0m \u001b[1m\u001b[94m/\u001b[0m     /// Packages affected by this transaction\n\u001b[1m\u001b[94m  61\u001b[0m \u001b[1m\u001b[94m|\u001b[0m \u001b[1m\u001b[94m|\u001b[0m     pub packages: Vec<Package>,\n     \u001b[1m\u001b[94m|\u001b[0m \u001b[1m\u001b[94m|______________________________-\u001b[0m \u001b[1m\u001b[94mrequired by a bound introduced by this call\u001b[0m\n     \u001b[1m\u001b[94m|\u001b[0m\n\u001b[1m\u001b[96mhelp\u001b[0m: the trait `Serialize` is not implemented for `Package`\n    \u001b[1m\u001b[94m--> \u001b[0mrpg-core/src/package.rs:220:1\n     \u001b[1m\u001b[94m|\u001b[0m\n\u001b[1m\u001b[94m 220\u001b[0m \u001b[1m\u001b[94m|\u001b[0m pub struct Package {\n     \u001b[1m\u001b[94m|\u001b[0m \u001b[1m\u001b[96m^^^^^^^^^^^^^^^^^^\u001b[0m\n     \u001b[1m\u001b[94m= \u001b[0m\u001b[1mnote\u001b[0m: for local types consider adding `#[derive(serde::Serialize)]` to your `Package` type\n     \u001b[1m\u001b[94m= \u001b[0m\u001b[1mnote\u001b[0m: for types from other crates check whether the crate offers a `serde` feature flag\n     \u001b[1m\u001b[94m= \u001b[0m\u001b[1mhelp\u001b[0m: the following other types implement trait `Serialize`:\n               &'a T\n               &'a mut T\n               ()\n               (T,)\n               (T0, T1)\n               (T0, T1, T2)\n               (T0, T1, T2, T3)\n               (T0, T1, T2, T3, T4)\n             and 149 others\n     \u001b[1m\u001b[94m= \u001b[0m\u001b[1mnote\u001b[0m: required for `Vec<Package>` to implement `Serialize`\n\u001b[1m\u001b[92mnote\u001b[0m: required by a bound in `config::_::_serde::ser::SerializeStruct::serialize_field`\n    \u001b[1m\u001b[94m--> \u001b[0m/root/.cargo/registry/src/index.crates.io-1949cf8c6b5b557f/serde_core-1.0.228/src/ser/mod.rs:1917:21\n     \u001b[1m\u001b[94m|\u001b[0m\n\u001b[1m\u001b[94m1915\u001b[0m \u001b[1m\u001b[94m|\u001b[0m     fn serialize_field<T>(&mut self, key: &'static str, value: &T) -> Result<(), Self::Error>\n     \u001b[1m\u001b[94m|\u001b[0m        \u001b[1m\u001b[94m---------------\u001b[0m \u001b[1m\u001b[94mrequired by a bound in this associated function\u001b[0m\n\u001b[1m\u001b[94m1916\u001b[0m \u001b[1m\u001b[94m|\u001b[0m     where\n\u001b[1m\u001b[94m1917\u001b[0m \u001b[1m\u001b[94m|\u001b[0m         T: ?Sized + Serialize;\n     \u001b[1m\u001b[94m|\u001b[0m                     \u001b[1m\u001b[92m^^^^^^^^^\u001b[0m \u001b[1m\u001b[92mrequired by this bound in `SerializeStruct::serialize_field`\u001b[0m\n     \u001b[1m\u001b[94m= \u001b[0m\u001b[1mnote\u001b[0m: this error originates in the derive macro `Serialize` (in Nightly builds, run with -Z macro-backtrace for more info)\n\n"}
{"$message_type":"diagnostic","message":"the trait bound `Package: serde::Deserialize<'de>` is not satisfied","code":{"code":"E0277","explanation":"You tried to use a type which doesn't implement some trait in a place which\nexpected that trait.\n\nErroneous code example:\n\n```compile_fail,E0277\n// here we declare the Foo trait with a bar method\ntrait Foo {\n    fn bar(&self);\n}\n\n// we now declare a function which takes an object implementing the Foo trait\nfn some_func<T: Foo>(foo: T) {\n    foo.bar();\n}\n\nfn main() {\n    // we now call the method with the i32 type, which doesn't implement\n    // the Foo trait\n    some_func(5i32); // error: the trait bound `i32 : Foo` is not satisfied\n}\n```\n\nIn order to fix this error, verify that the type you're using does implement\nthe trait. Example:\n\n```\ntrait Foo {\n    fn bar(&self);\n}\n\n// we implement the trait on the i32 type\nimpl Foo for i32 {\n    fn bar(&self) {}\n}\n\nfn some_func<T: Foo>(foo: T) {\n    foo.bar(); // we can now use this method since i32 implements the\n               // Foo trait\n}\n\nfn main() {\n    some_func(5i32); // ok!\n}\n```\n\nOr in a generic context, an erroneous code example would look like:\n\n```compile_fail,E0277\nfn some_func<T>(foo: T) {\n    println!(\"{:?}\", foo); // error: the trait `core::fmt::Debug` is not\n                           //        implemented for the type `T`\n}\n\nfn main() {\n    // We now call the method with the i32 type,\n    // which *does* implement the Debug trait.\n    some_func(5i32);\n}\n```\n\nNote that the error here is in the definition of the generic function. Although\nwe only call it with a parameter that does implement `Debug`, the compiler\nstill rejects the function. It must work with all possible input types. In\norder to make this example compile, we need to restrict the generic type we're\naccepting:\n\n```\nuse std::fmt;\n\n// Restrict the input type to types that implement Debug.\nfn some_func<T: fmt::Debug>(foo: T) {\n    println!(\"{:?}\", foo);\n}\n\nfn main() {\n    // Calling the method is still fine, as i32 implements Debug.\n    some_func(5i32);\n\n    // This would fail to compile now:\n    // struct WithoutDebug;\n    // some_func(WithoutDebug);\n}\n```\n\nRust only looks at the signature of the called function, as such it must\nalready specify all requirements that will be used for every type parameter.\n"},"level":"error","spans":[{"file_name":"rpg-core/src/transaction.rs","byte_start":1621,"byte_end":1633,"line_start":61,"line_end":61,"column_start":19,"column_end":31,"is_primary":true,"text":[{"text":"    pub packages: Vec<Package>,","highlight_start":19,"highlight_end":31}],"label":"unsatisfied trait bound","suggested_replacement":null,"suggestion_applicability":null,"expansion":null}],"children":[{"message":"the trait `Deserialize<'_>` is not implemented for `Package`","code":null,"level":"help","spans":[{"file_name":"rpg-core/src/package.rs","byte_start":5736,"byte_end":5754,"line_start":220,"line_end":220,"column_start":1,"column_end":19,"is_primary":true,"text":[{"text":"pub struct Package {","highlight_start":1,"highlight_end":19}],"label":null,"suggested_replacement":null,"suggestion_applicability":null,"expansion":null}],"children":[],"rendered":null},{"message":"for local types consider adding `#[derive(serde::Deserialize)]` to your `Package` type","code":null,"level":"note","spans":[],"children":[],"rendered":null},{"message":"for types from other crates check whether the crate offers a `serde` feature flag","code":null,"level":"note","spans":[],"children":[],"rendered":null},{"message":"the following other types implement trait `Deserialize<'de>`:\n  &'a Path\n  &'a [u8]\n  &'a str\n  ()\n  (T,)\n  (T0, T1)\n  (T0, T1, T2)\n  (T0, T1, T2, T3)\nand 165 others","code":null,"level":"help","spans":[],"children":[],"rendered":null},{"message":"required for `Vec<Package>` to implement `Deserialize<'_>`","code":null,"level":"note","spans":[],"children":[],"rendered":null},{"message":"required by a bound in `next_element`","code":null,"level":"note","spans":[{"file_name":"/root/.cargo/registry/src/index.crates.io-1949cf8c6b5b557f/serde_core-1.0.228/src/de/mod.rs","byte_start":63908,"byte_end":63920,"line_start":1769,"line_end":1769,"column_start":8,"column_end":20,"is_primary":false,"text":[{"text":"    fn next_element<T>(&mut self) -> Result<Option<T>, Self::Error>","highlight_start":8,"highlight_end":20}],"label":"required by a bound in this associated function","suggested_replacement":null,"suggestion_applicability":null,"expansion":null},{"file_name":"/root/.cargo/registry/src/index.crates.io-1949cf8c6b5b557f/serde_core-1.0.228/src/de/mod.rs","byte_start":63990,"byte_end":64006,"line_start":1771,"line_end":1771,"column_start":12,"column_end":28,"is_primary":true,"text":[{"text":"        T: Deserialize<'de>,","highlight_start":12,"highlight_end":28}],"label":"required by this bound in `SeqAccess::next_element`","suggested_replacement":null,"suggestion_applicability":null,"expansion":null}],"children":[],"rendered":null}],"rendered":"\u001b[1m\u001b[91merror[E0277]\u001b[0m\u001b[1m: the trait bound `Package: serde::Deserialize<'de>` is not satisfied\u001b[0m\n    \u001b[1m\u001b[94m--> \u001b[0mrpg-core/src/transaction.rs:61:19\n     \u001b[1m\u001b[94m|\u001b[0m\n\u001b[1m\u001b[94m  61\u001b[0m \u001b[1m\u001b[94m|\u001b[0m     pub packages: Vec<Package>,\n     \u001b[1m\u001b[94m|\u001b[0m                   \u001b[1m\u001b[91m^^^^^^^^^^^^\u001b[0m \u001b[1m\u001b[91munsatisfied trait bound\u001b[0m\n     \u001b[1m\u001b[94m|\u001b[0m\n\u001b[1m\u001b[96mhelp\u001b[0m: the trait `Deserialize<'_>` is not implemented for `Package`\n    \u001b[1m\u001b[94m--> \u001b[0mrpg-core/src/package.rs:220:1\n     \u001b[1m\u001b[94m|\u001b[0m\n\u001b[1m\u001b[94m 220\u001b[0m \u001b[1m\u001b[94m|\u001b[0m pub struct Package {\n     \u001b[1m\u001b[94m|\u001b[0m \u001b[1m\u001b[96m^^^^^^^^^^^^^^^^^^\u001b[0m\n     \u001b[1m\u001b[94m= \u001b[0m\u001b[1mnote\u001b[0m: for local types consider adding `#[derive(serde::Deserialize)]` to your `Package` type\n     \u001b[1m\u001b[94m= \u001b[0m\u001b[1mnote\u001b[0m: for types from other crates check whether the crate offers a `serde` feature flag\n     \u001b[1m\u001b[94m= \u001b[0m\u001b[1mhelp\u001b[0m: the following other types implement trait `Deserialize<'de>`:\n               &'a Path\n               &'a [u8]\n               &'a str\n               ()\n               (T,)\n               (T0, T1)\n               (T0, T1, T2)\n               (T0, T1, T2, T3)\n             and 165 others\n     \u001b[1m\u001b[94m= \u001b[0m\u001b[1mnote\u001b[0m: required for `Vec<Package>` to implement `Deserialize<'_>`\n\u001b[1m\u001b[92mnote\u001b[0m: required by a bound in `next_element`\n    \u001b[1m\u001b[94m--> \u001b[0m/root/.cargo/registry/src/index.crates.io-1949cf8c6b5b557f/serde_core-1.0.228/src/de/mod.rs:1771:12\n     \u001b[1m\u001b[94m|\u001b[0m\n\u001b[1m\u001b[94m1769\u001b[0m \u001b[1m\u001b[94m|\u001b[0m     fn next_element<T>(&mut self) -> Result<Option<T>, Self::Error>\n     \u001b[1m\u001b[94m|\u001b[0m        \u001b[1m\u001b[94m------------\u001b[0m \u001b[1m\u001b[94mrequired by a bound in this associated function\u001b[0m\n\u001b[1m\u001b[94m1770\u001b[0m \u001b[1m\u001b[94m|\u001b[0m     where\n\u001b[1m\u001b[94m1771\u001b[0m \u001b[1m\u001b[94m|\u001b[0m         T: Deserialize<'de>,\n     \u001b[1m\u001b[94m|\u001b[0m            \u001b[1m\u001b[92m^^^^^^^^^^^^^^^^\u001b[0m \u001b[1m\u001b[92mrequired by this bound in `SeqAccess::next_element`\u001b[0m\n\n"}
{"$message_type":"diagnostic","message":"the trait bound `Package: serde::Deserialize<'de>` is not satisfied","code":{"code":"E0277","explanation":"You tried to use a type which doesn't implement some trait in a place which\nexpected that trait.\n\nErroneous code example:\n\n```compile_fail,E0277\n// here we declare the Foo trait with a bar method\ntrait Foo {\n    fn bar(&self);\n}\n\n// we now declare a function which takes an object implementing the Foo trait\nfn some_func<T: Foo>(foo: T) {\n    foo.bar();\n}\n\nfn main() {\n    // we now call the method with the i32 type, which doesn't implement\n    // the Foo trait\n    some_func(5i32); // error: the trait bound `i32 : Foo` is not satisfied\n}\n```\n\nIn order to fix this error, verify that the type you're using does implement\nthe trait. Example:\n\n```\ntrait Foo {\n    fn bar(&self);\n}\n\n// we implement the trait on the i32 type\nimpl Foo for i32 {\n    fn bar(&self) {}\n}\n\nfn some_func<T: Foo>(foo: T) {\n    foo.bar(); // we can now use this method since i32 implements the\n               // Foo trait\n}\n\nfn main() {\n    some_func(5i32); // ok!\n}\n```\n\nOr in a generic context, an erroneous code example would look like:\n\n```compile_fail,E0277\nfn some_func<T>(foo: T) {\n    println!(\"{:?}\", foo); // error: the trait `core::fmt::Debug` is not\n                           //        implemented for the type `T`\n}\n\nfn main() {\n    // We now call the method with the i32 type,\n    // which *does* implement the Debug trait.\n    some_func(5i32);\n}\n```\n\nNote that the error here is in the definition of the generic function. Although\nwe only call it with a parameter that does implement `Debug`, the compiler\nstill rejects the function. It must work with all possible input types. In\norder to make this example compile, we need to restrict the generic type we're\naccepting:\n\n```\nuse std::fmt;\n\n// Restrict the input type to types that implement Debug.\nfn some_func<T: fmt::Debug>(foo: T) {\n    println!(\"{:?}\", foo);\n}\n\nfn main() {\n    // Calling the method is still fine, as i32 implements Debug.\n    some_func(5i32);\n\n    // This would fail to compile now:\n    // struct WithoutDebug;\n    // some_func(WithoutDebug);\n}\n```\n\nRust only looks at the signature of the called function, as such it must\nalready specify all requirements that will be used for every type parameter.\n"},"level":"error","spans":[{"file_name":"rpg-core/src/transaction.rs","byte_start":1621,"byte_end":1633,"line_start":61,"line_end":61,"column_start":19,"column_end":31,"is_primary":true,"text":[{"text":"    pub packages: Vec<Package>,","highlight_start":19,"highlight_end":31}],"label":"unsatisfied trait bound","suggested_replacement":null,"suggestion_applicability":null,"expansion":null}],"children":[{"message":"the trait `Deserialize<'_>` is not implemented for `Package`","code":null,"level":"help","spans":[{"file_name":"rpg-core/src/package.rs","byte_start":5736,"byte_end":5754,"line_start":220,"line_end":220,"column_start":1,"column_end":19,"is_primary":true,"text":[{"text":"pub struct Package {","highlight_start":1,"highlight_end":19}],"label":null,"suggested_replacement":null,"suggestion_applicability":null,"expansion":null}],"children":[],"rendered":null},{"message":"for local types consider adding `#[derive(serde::Deserialize)]` to your `Package` type","code":null,"level":"note","spans":[],"children":[],"rendered":null},{"message":"for types from other crates check whether the crate offers a `serde` feature flag","code":null,"level":"note","spans":[],"children":[],"rendered":null},{"message":"the following other types implement trait `Deserialize<'de>`:\n  &'a Path\n  &'a [u8]\n  &'a str\n  ()\n  (T,)\n  (T0, T1)\n  (T0, T1, T2)\n  (T0, T1, T2, T3)\nand 165 others","code":null,"level":"help","spans":[],"children":[],"rendered":null},{"message":"required for `Vec<Package>` to implement `Deserialize<'_>`","code":null,"level":"note","spans":[],"children":[],"rendered":null},{"message":"required by a bound in `next_value`","code":null,"level":"note","spans":[{"file_name":"/root/.cargo/registry/src/index.crates.io-1949cf8c6b5b557f/serde_core-1.0.228/src/de/mod.rs","byte_start":68496,"byte_end":68506,"line_start":1914,"line_end":1914,"column_start":8,"column_end":18,"is_primary":false,"text":[{"text":"    fn next_value<V>(&mut self) -> Result<V, Self::Error>","highlight_start":8,"highlight_end":18}],"label":"required by a bound in this associated function","suggested_replacement":null,"suggestion_applicability":null,"expansion":null},{"file_name":"/root/.cargo/registry/src/index.crates.io-1949cf8c6b5b557f/serde_core-1.0.228/src/de/mod.rs","byte_start":68568,"byte_end":68584,"line_start":1916,"line_end":1916,"column_start":12,"column_end":28,"is_primary":true,"text":[{"text":"        V: Deserialize<'de>,","highlight_start":12,"highlight_end":28}],"label":"required by this bound in `MapAccess::next_value`","suggested_replacement":null,"suggestion_applicability":null,"expansion":null}],"children":[],"rendered":null}],"rendered":"\u001b[1m\u001b[91merror[E0277]\u001b[0m\u001b[1m: the trait bound `Package: serde::Deserialize<'de>` is not satisfied\u001b[0m\n    \u001b[1m\u001b[94m--> \u001b[0mrpg-core/src/transaction.rs:61:19\n     \u001b[1m\u001b[94m|\u001b[0m\n\u001b[1m\u001b[94m  61\u001b[0m \u001b[1m\u001b[94m|\u001b[0m     pub packages: Vec<Package>,\n     \u001b[1m\u001b[94m|\u001b[0m                   \u001b[1m\u001b[91m^^^^^^^^^^^^\u001b[0m \u001b[1m\u001b[91munsatisfied trait bound\u001b[0m\n     \u001b[1m\u001b[94m|\u001b[0m\n\u001b[1m\u001b[96mhelp\u001b[0m: the trait `Deserialize<'_>` is not implemented for `Package`\n    \u001b[1m\u001b[94m--> \u001b[0mrpg-core/src/package.rs:220:1\n     \u001b[1m\u001b[94m|\u001b[0m\n\u001b[1m\u001b[94m 220\u001b[0m \u001b[1m\u001b[94m|\u001b[0m pub struct Package {\n     \u001b[1m\u001b[94m|\u001b[0m \u001b[1m\u001b[96m^^^^^^^^^^^^^^^^^^\u001b[0m\n     \u001b[1m\u001b[94m= \u001b[0m\u001b[1mnote\u001b[0m: for local types consider adding `#[derive(serde::Deserialize)]` to your `Package` type\n     \u001b[1m\u001b[94m= \u001b[0m\u001b[1mnote\u001b[0m: for types from other crates check whether the crate offers a `serde` feature flag\n     \u001b[1m\u001b[94m= \u001b[0m\u001b[1mhelp\u001b[0m: the following other types implement trait `Deserialize<'de>`:\n               &'a Path\n               &'a [u8]\n               &'a str\n               ()\n               (T,)\n               (T0, T1)\n               (T0, T1, T2)\n               (T0, T1, T2, T3)\n             and 165 others\n     \u001b[1m\u001b[94m= \u001b[0m\u001b[1mnote\u001b[0m: required for `Vec<Package>` to implement `Deserialize<'_>`\n\u001b[1m\u001b[92mnote\u001b[0m: required by a bound in `next_value`\n    \u001b[1m\u001b[94m--> \u001b[0m/root/.cargo/registry/src/index.crates.io-1949cf8c6b5b557f/serde_core-1.0.228/src/de/mod.rs:1916:12\n     \u001b[1m\u001b[94m|\u001b[0m\n\u001b[1m\u001b[94m1914\u001b[0m \u001b[1m\u001b[94m|\u001b[0m     fn next_value<V>(&mut self) -> Result<V, Self::Error>\n     \u001b[1m\u001b[94m|\u001b[0m        \u001b[1m\u001b[94m----------\u001b[0m \u001b[1m\u001b[94mrequired by a bound in this associated function\u001b[0m\n\u001b[1m\u001b[94m1915\u001b[0m \u001b[1m\u001b[94m|\u001b[0m     where\n\u001b[1m\u001b[94m1916\u001b[0m \u001b[1m\u001b[94m|\u001b[0m         V: Deserialize<'de>,\n     \u001b[1m\u001b[94m|\u001b[0m            \u001b[1m\u001b[92m^^^^^^^^^^^^^^^^\u001b[0m \u001b[1m\u001b[92mrequired by this bound in `MapAccess::next_value`\u001b[0m\n\n"}
{"$message_type":"diagnostic","message":"the trait bound `Package: serde::Deserialize<'de>` is not satisfied","code":{"code":"E0277","explanation":"You tried to use a type which doesn't implement some trait in a place which\nexpected that trait.\n\nErroneous code example:\n\n```compile_fail,E0277\n// here we declare the Foo trait with a bar method\ntrait Foo {\n    fn bar(&self);\n}\n\n// we now declare a function which takes an object implementing the Foo trait\nfn some_func<T: Foo>(foo: T) {\n    foo.bar();\n}\n\nfn main() {\n    // we now call the method with the i32 type, which doesn't implement\n    // the Foo trait\n    some_func(5i32); // error: the trait bound `i32 : Foo` is not satisfied\n}\n```\n\nIn order to fix this error, verify that the type you're using does implement\nthe trait. Example:\n\n```\ntrait Foo {\n    fn bar(&self);\n}\n\n// we implement the trait on the i32 type\nimpl Foo for i32 {\n    fn bar(&self) {}\n}\n\nfn some_func<T: Foo>(foo: T) {\n    foo.bar(); // we can now use this method since i32 implements the\n               // Foo trait\n}\n\nfn main() {\n    some_func(5i32); // ok!\n}\n```\n\nOr in a generic context, an erroneous code example would look like:\n\n```compile_fail,E0277\nfn some_func<T>(foo: T) {\n    println!(\"{:?}\", foo); // error: the trait `core::fmt::Debug` is not\n                           //        implemented for the type `T`\n}\n\nfn main() {\n    // We now call the method with the i32 type,\n    // which *does* implement the Debug trait.\n    some_func(5i32);\n}\n```\n\nNote that the error here is in the definition of the generic function. Although\nwe only call it with a parameter that does implement `Debug`, the compiler\nstill rejects the function. It must work with all possible input types. In\norder to make this example compile, we need to restrict the generic type we're\naccepting:\n\n```\nuse std::fmt;\n\n// Restrict the input type to types that implement Debug.\nfn some_func<T: fmt::Debug>(foo: T) {\n    println!(\"{:?}\", foo);\n}\n\nfn main() {\n    // Calling the method is still fine, as i32 implements Debug.\n    some_func(5i32);\n\n    // This would fail to compile now:\n    // struct WithoutDebug;\n    // some_func(WithoutDebug);\n}\n```\n\nRust only looks at the signature of the called function, as such it must\nalready specify all requirements that will be used for every type parameter.\n"},"level":"error","spans":[{"file_name":"rpg-core/src/transaction.rs","byte_start":1338,"byte_end":1349,"line_start":49,"line_end":49,"column_start":35,"column_end":46,"is_primary":true,"text":[{"text":"#[derive(Debug, Clone, Serialize, Deserialize)]","highlight_start":35,"highlight_end":46}],"label":"unsatisfied trait bound","suggested_replacement":null,"suggestion_applicability":null,"expansion":{"span":{"file_name":"rpg-core/src/transaction.rs","byte_start":1338,"byte_end":1349,"line_start":49,"line_end":49,"column_start":35,"column_end":46,"is_primary":false,"text":[{"text":"#[derive(Debug, Clone, Serialize, Deserialize)]","highlight_start":35,"highlight_end":46}],"label":null,"suggested_replacement":null,"suggestion_applicability":null,"expansion":null},"macro_decl_name":"#[derive(Deserialize)]","def_site_span":{"file_name":"/root/.cargo/registry/src/index.crates.io-1949cf8c6b5b557f/serde_derive-1.0.228/src/lib.rs","byte_start":3397,"byte_end":3457,"line_start":122,"line_end":122,"column_start":1,"column_end":61,"is_primary":false,"text":[{"text":"pub fn derive_deserialize(input: TokenStream) -> TokenStream {","highlight_start":1,"highlight_end":61}],"label":null,"suggested_replacement":null,"suggestion_applicability":null,"expansion":null}}}],"children":[{"message":"the trait `Deserialize<'_>` is not implemented for `Package`","code":null,"level":"help","spans":[{"file_name":"rpg-core/src/package.rs","byte_start":5736,"byte_end":5754,"line_start":220,"line_end":220,"column_start":1,"column_end":19,"is_primary":true,"text":[{"text":"pub struct Package {","highlight_start":1,"highlight_end":19}],"label":null,"suggested_replacement":null,"suggestion_applicability":null,"expansion":null}],"children":[],"rendered":null},{"message":"for local types consider adding `#[derive(serde::Deserialize)]` to your `Package` type","code":null,"level":"note","spans":[],"children":[],"rendered":null},{"message":"for types from other crates check whether the crate offers a `serde` feature flag","code":null,"level":"note","spans":[],"children":[],"rendered":null},{"message":"the following other types implement trait `Deserialize<'de>`:\n  &'a Path\n  &'a [u8]\n  &'a str\n  ()\n  (T,)\n  (T0, T1)\n  (T0, T1, T2)\n  (T0, T1, T2, T3)\nand 165 others","code":null,"level":"help","spans":[],"children":[],"rendered":null},{"message":"required for `Vec<Package>` to implement `Deserialize<'_>`","code":null,"level":"note","spans":[],"children":[],"rendered":null},{"message":"required by a bound in `config::_::_serde::__private228::de::missing_field`","code":null,"level":"note","spans":[{"file_name":"/root/.cargo/registry/src/index.crates.io-1949cf8c6b5b557f/serde-1.0.228/src/private/de.rs","byte_start":837,"byte_end":850,"line_start":24,"line_end":24,"column_start":8,"column_end":21,"is_primary":false,"text":[{"text":"pub fn missing_field<'de, V, E>(field: &'static str) -> Result<V, E>","highlight_start":8,"highlight_end":21}],"label":"required by a bound in this function","suggested_replacement":null,"suggestion_applicability":null,"expansion":null},{"file_name":"/root/.cargo/registry/src/index.crates.io-1949cf8c6b5b557f/serde-1.0.228/src/private/de.rs","byte_start":912,"byte_end":928,"line_start":26,"line_end":26,"column_start":8,"column_end":24,"is_primary":true,"text":[{"text":"    V: Deserialize<'de>,","highlight_start":8,"highlight_end":24}],"label":"required by this bound in `missing_field`","suggested_replacement":null,"suggestion_applicability":null,"expansion":null}],"children":[],"rendered":null}],"rendered":"\u001b[1m\u001b[91merror[E0277]\u001b[0m\u001b[1m: the trait bound `Package: serde::Deserialize<'de>` is not satisfied\u001b[0m\n   \u001b[1m\u001b[94m--> \u001b[0mrpg-core/src/transaction.rs:49:35\n    \u001b[1m\u001b[94m|\u001b[0m\n\u001b[1m\u001b[94m 49\u001b[0m \u001b[1m\u001b[94m|\u001b[0m #[derive(Debug, Clone, Serialize, Deserialize)]\n    \u001b[1m\u001b[94m|\u001b[0m                                   \u001b[1m\u001b[91m^^^^^^^^^^^\u001b[0m \u001b[1m\u001b[91munsatisfied trait bound\u001b[0m\n    \u001b[1m\u001b[94m|\u001b[0m\n\u001b[1m\u001b[96mhelp\u001b[0m: the trait `Deserialize<'_>` is not implemented for `Package`\n   \u001b[1m\u001b[94m--> \u001b[0mrpg-core/src/package.rs:220:1\n    \u001b[1m\u001b[94m|\u001b[0m\n\u001b[1m\u001b[94m220\u001b[0m \u001b[1m\u001b[94m|\u001b[0m pub struct Package {\n    \u001b[1m\u001b[94m|\u001b[0m \u001b[1m\u001b[96m^^^^^^^^^^^^^^^^^^\u001b[0m\n    \u001b[1m\u001b[94m= \u001b[0m\u001b[1mnote\u001b[0m: for local types consider adding `#[derive(serde::Deserialize)]` to your `Package` type\n    \u001b[1m\u001b[94m= \u001b[0m\u001b[1mnote\u001b[0m: for types from other crates check whether the crate offers a `serde` feature flag\n    \u001b[1m\u001b[94m= \u001b[0m\u001b[1mhelp\u001b[0m: the following other types implement trait `Deserialize<'de>`:\n              &'a Path\n              &'a [u8]\n              &'a str\n              ()\n              (T,)\n              (T0, T1)\n              (T0, T1, T2)\n              (T0, T1, T2, T3)\n            and 165 others\n    \u001b[1m\u001b[94m= \u001b[0m\u001b[1mnote\u001b[0m: required for `Vec<Package>` to implement `Deserialize<'_>`\n\u001b[1m\u001b[92mnote\u001b[0m: required by a bound in `config::_::_serde::__private228::de::missing_field`\n   \u001b[1m\u001b[94m--> \u001b[0m/root/.cargo/registry/src/index.crates.io-1949cf8c6b5b557f/serde-1.0.228/src/private/de.rs:26:8\n    \u001b[1m\u001b[94m|\u001b[0m\n\u001b[1m\u001b[94m 24\u001b[0m \u001b[1m\u001b[94m|\u001b[0m pub fn missing_field<'de, V, E>(field: &'static str) -> Result<V, E>\n    \u001b[1m\u001b[94m|\u001b[0m        \u001b[1m\u001b[94m-------------\u001b[0m \u001b[1m\u001b[94mrequired by a bound in this function\u001b[0m\n\u001b[1m\u001b[94m 25\u001b[0m \u001b[1m\u001b[94m|\u001b[0m where\n\u001b[1m\u001b[94m 26\u001b[0m \u001b[1m\u001b[94m|\u001b[0m     V: Deserialize<'de>,\n    \u001b[1m\u001b[94m|\u001b[0m        \u001b[1m\u001b[92m^^^^^^^^^^^^^^^^\u001b[0m \u001b[1m\u001b[92mrequired by this bound in `missing_field`\u001b[0m\n    \u001b[1m\u001b[94m= \u001b[0m\u001b[1mnote\u001b[0m: this error originates in the derive macro `Deserialize` (in Nightly builds, run with -Z macro-backtrace for more info)\n\n"}
{"$message_type":"diagnostic","message":"no method named `requires_reboot` found for enum `PackageKind` in the current scope","code":{"code":"E0599","explanation":"This error occurs when a method is used on a type which doesn't implement it:\n\nErroneous code example:\n\n```compile_fail,E0599\nstruct Mouth;\n\nlet x = Mouth;\nx.chocolate(); // error: no method named `chocolate` found for type `Mouth`\n               //        in the current scope\n```\n\nIn this case, you need to implement the `chocolate` method to fix the error:\n\n```\nstruct Mouth;\n\nimpl Mouth {\n    fn chocolate(&self) { // We implement the `chocolate` method here.\n        println!(\"Hmmm! I love chocolate!\");\n    }\n}\n\nlet x = Mouth;\nx.chocolate(); // ok!\n```\n"},"level":"error","spans":[{"file_name":"rpg-core/src/transaction.rs","byte_start":5653,"byte_end":5668,"line_start":189,"line_end":189,"column_start":46,"column_end":61,"is_primary":true,"text":[{"text":"        let requires_reboot = package.kind().requires_reboot();","highlight_start":46,"highlight_end":61}],"label":"method not found in `PackageKind`","suggested_replacement":null,"suggestion_applicability":null,"expansion":null},{"file_name":"rpg-core/src/package.rs","byte_start":502,"byte_end":522,"line_start":18,"line_end":18,"column_start":1,"column_end":21,"is_primary":false,"text":[{"text":"pub enum PackageKind {","highlight_start":1,"highlight_end":21}],"label":"method `requires_reboot` not found for this enum","suggested_replacement":null,"suggestion_applicability":null,"expansion":null}],"children":[],"rendered":"\u001b[1m\u001b[91merror[E0599]\u001b[0m\u001b[1m: no method named `requires_reboot` found for enum `PackageKind` in the current scope\u001b[0m\n   \u001b[1m\u001b[94m--> \u001b[0mrpg-core/src/transaction.rs:189:46\n    \u001b[1m\u001b[94m|\u001b[0m\n\u001b[1m\u001b[94m189\u001b[0m \u001b[1m\u001b[94m|\u001b[0m         let requires_reboot = package.kind().requires_reboot();\n    \u001b[1m\u001b[94m|\u001b[0m                                              \u001b[1m\u001b[91m^^^^^^^^^^^^^^^\u001b[0m \u001b[1m\u001b[91mmethod not found in `PackageKind`\u001b[0m\n    \u001b[1m\u001b[94m|\u001b[0m\n   \u001b[1m\u001b[94m::: \u001b[0mrpg-core/src/package.rs:18:1\n    \u001b[1m\u001b[94m|\u001b[0m\n\u001b[1m\u001b[94m 18\u001b[0m \u001b[1m\u001b[94m|\u001b[0m pub enum PackageKind {\n    \u001b[1m\u001b[94m|\u001b[0m \u001b[1m\u001b[94m--------------------\u001b[0m \u001b[1m\u001b[94mmethod `requires_reboot` not found for this enum\u001b[0m\n\n"}
{"$message_type":"diagnostic","message":"mismatched types","code":{"code":"E0308","explanation":"Expected type did not match the received type.\n\nErroneous code examples:\n\n```compile_fail,E0308\nfn plus_one(x: i32) -> i32 {\n    x + 1\n}\n\nplus_one(\"Not a number\");\n//       ^^^^^^^^^^^^^^ expected `i32`, found `&str`\n\nif \"Not a bool\" {\n// ^^^^^^^^^^^^ expected `bool`, found `&str`\n}\n\nlet x: f32 = \"Not a float\";\n//     ---   ^^^^^^^^^^^^^ expected `f32`, found `&str`\n//     |\n//     expected due to this\n```\n\nThis error occurs when an expression was used in a place where the compiler\nexpected an expression of a different type. It can occur in several cases, the\nmost common being when calling a function and passing an argument which has a\ndifferent type than the matching type in the function declaration.\n"},"level":"error","spans":[{"file_name":"rpg-core/src/transaction.rs","byte_start":5920,"byte_end":5931,"line_start":195,"line_end":195,"column_start":68,"column_end":79,"is_primary":true,"text":[{"text":"                let app_path = layout.version_path(package.name(), version_str);","highlight_start":68,"highlight_end":79}],"label":"expected `&str`, found `String`","suggested_replacement":null,"suggestion_applicability":null,"expansion":null},{"file_name":"rpg-core/src/transaction.rs","byte_start":5891,"byte_end":5903,"line_start":195,"line_end":195,"column_start":39,"column_end":51,"is_primary":false,"text":[{"text":"                let app_path = layout.version_path(package.name(), version_str);","highlight_start":39,"highlight_end":51}],"label":"arguments to this method are incorrect","suggested_replacement":null,"suggestion_applicability":null,"expansion":null}],"children":[{"message":"method defined here","code":null,"level":"note","spans":[{"file_name":"rpg-core/src/layout.rs","byte_start":4755,"byte_end":4768,"line_start":173,"line_end":173,"column_start":48,"column_end":61,"is_primary":false,"text":[{"text":"    pub fn version_path(&self, app_name: &str, version: &str) -> PathBuf {","highlight_start":48,"highlight_end":61}],"label":"","suggested_replacement":null,"suggestion_applicability":null,"expansion":null},{"file_name":"rpg-core/src/layout.rs","byte_start":4719,"byte_end":4731,"line_start":173,"line_end":173,"column_start":12,"column_end":24,"is_primary":true,"text":[{"text":"    pub fn version_path(&self, app_name: &str, version: &str) -> PathBuf {","highlight_start":12,"highlight_end":24}],"label":null,"suggested_replacement":null,"suggestion_applicability":null,"expansion":null}],"children":[],"rendered":null},{"message":"consider borrowing here","code":null,"level":"help","spans":[{"file_name":"rpg-core/src/transaction.rs","byte_start":5920,"byte_end":5920,"line_start":195,"line_end":195,"column_start":68,"column_end":68,"is_primary":true,"text":[{"text":"                let app_path = layout.version_path(package.name(), version_str);","highlight_start":68,"highlight_end":68}],"label":null,"suggested_replacement":"&","suggestion_applicability":"MachineApplicable","expansion":null}],"children":[],"rendered":null}],"rendered":"\u001b[1m\u001b[91merror[E0308]\u001b[0m\u001b[1m: mismatched types\u001b[0m\n   \u001b[1m\u001b[94m--> \u001b[0mrpg-core/src/transaction.rs:195:68\n    \u001b[1m\u001b[94m|\u001b[0m\n\u001b[1m\u001b[94m195\u001b[0m \u001b[1m\u001b[94m|\u001b[0m                 let app_path = layout.version_path(package.name(), version_str);\n    \u001b[1m\u001b[94m|\u001b[0m                                       \u001b[1m\u001b[94m------------\u001b[0m                 \u001b[1m\u001b[91m^^^^^^^^^^^\u001b[0m \u001b[1m\u001b[91mexpected `&str`, found `String`\u001b[0m\n    \u001b[1m\u001b[94m|\u001b[0m                                       \u001b[1m\u001b[94m|\u001b[0m\n    \u001b[1m\u001b[94m|\u001b[0m                                       \u001b[1m\u001b[94marguments to this method are incorrect\u001b[0m\n    \u001b[1m\u001b[94m|\u001b[0m\n\u001b[1m\u001b[92mnote\u001b[0m: method defined here\n   \u001b[1m\u001b[94m--> \u001b[0mrpg-core/src/layout.rs:173:12\n    \u001b[1m\u001b[94m|\u001b[0m\n\u001b[1m\u001b[94m173\u001b[0m \u001b[1m\u001b[94m|\u001b[0m     pub fn version_path(&self, app_name: &str, version: &str) -> PathBuf {\n    \u001b[1m\u001b[94m|\u001b[0m            \u001b[1m\u001b[92m^^^^^^^^^^^^\u001b[0m                        \u001b[1m\u001b[94m-------------\u001b[0m\n\u001b[1m\u001b[96mhelp\u001b[0m: consider borrowing here\n    \u001b[1m\u001b[94m|\u001b[0m\n\u001b[1m\u001b[94m195\u001b[0m \u001b[1m\u001b[94m| \u001b[0m                let app_path = layout.version_path(package.name(), \u001b[92m&\u001b[0mversion_str);\n    \u001b[1m\u001b[94m|\u001b[0m                                                                    \u001b[92m+\u001b[0m\n\n"}
{"$message_type":"diagnostic","message":"mismatched types","code":{"code":"E0308","explanation":"Expected type did not match the received type.\n\nErroneous code examples:\n\n```compile_fail,E0308\nfn plus_one(x: i32) -> i32 {\n    x + 1\n}\n\nplus_one(\"Not a number\");\n//       ^^^^^^^^^^^^^^ expected `i32`, found `&str`\n\nif \"Not a bool\" {\n// ^^^^^^^^^^^^ expected `bool`, found `&str`\n}\n\nlet x: f32 = \"Not a float\";\n//     ---   ^^^^^^^^^^^^^ expected `f32`, found `&str`\n//     |\n//     expected due to this\n```\n\nThis error occurs when an expression was used in a place where the compiler\nexpected an expression of a different type. It can occur in several cases, the\nmost common being when calling a function and passing an argument which has a\ndifferent type than the matching type in the function declaration.\n"},"level":"error","spans":[{"file_name":"rpg-core/src/transaction.rs","byte_start":6262,"byte_end":6273,"line_start":204,"line_end":204,"column_start":74,"column_end":85,"is_primary":true,"text":[{"text":"                let metadata_path = layout.metadata_path(package.name(), version_str);","highlight_start":74,"highlight_end":85}],"label":"expected `&str`, found `String`","suggested_replacement":null,"suggestion_applicability":null,"expansion":null},{"file_name":"rpg-core/src/transaction.rs","byte_start":6232,"byte_end":6245,"line_start":204,"line_end":204,"column_start":44,"column_end":57,"is_primary":false,"text":[{"text":"                let metadata_path = layout.metadata_path(package.name(), version_str);","highlight_start":44,"highlight_end":57}],"label":"arguments to this method are incorrect","suggested_replacement":null,"suggestion_applicability":null,"expansion":null}],"children":[{"message":"method defined here","code":null,"level":"note","spans":[{"file_name":"rpg-core/src/layout.rs","byte_start":5106,"byte_end":5119,"line_start":183,"line_end":183,"column_start":49,"column_end":62,"is_primary":false,"text":[{"text":"    pub fn metadata_path(&self, app_name: &str, version: &str) -> PathBuf {","highlight_start":49,"highlight_end":62}],"label":"","suggested_replacement":null,"suggestion_applicability":null,"expansion":null},{"file_name":"rpg-core/src/layout.rs","byte_start":5069,"byte_end":5082,"line_start":183,"line_end":183,"column_start":12,"column_end":25,"is_primary":true,"text":[{"text":"    pub fn metadata_path(&self, app_name: &str, version: &str) -> PathBuf {","highlight_start":12,"highlight_end":25}],"label":null,"suggested_replacement":null,"suggestion_applicability":null,"expansion":null}],"children":[],"rendered":null},{"message":"consider borrowing here","code":null,"level":"help","spans":[{"file_name":"rpg-core/src/transaction.rs","byte_start":6262,"byte_end":6262,"line_start":204,"line_end":204,"column_start":74,"column_end":74,"is_primary":true,"text":[{"text":"                let metadata_path = layout.metadata_path(package.name(), version_str);","highlight_start":74,"highlight_end":74}],"label":null,"suggested_replacement":"&","suggestion_applicability":"MachineApplicable","expansion":null}],"children":[],"rendered":null}],"rendered":"\u001b[1m\u001b[91merror[E0308]\u001b[0m\u001b[1m: mismatched types\u001b[0m\n   \u001b[1m\u001b[94m--> \u001b[0mrpg-core/src/transaction.rs:204:74\n    \u001b[1m\u001b[94m|\u001b[0m\n\u001b[1m\u001b[94m204\u001b[0m \u001b[1m\u001b[94m|\u001b[0m                 let metadata_path = layout.metadata_path(package.name(), version_str);\n    \u001b[1m\u001b[94m|\u001b[0m                                            \u001b[1m\u001b[94m-------------\u001b[0m                 \u001b[1m\u001b[91m^^^^^^^^^^^\u001b[0m \u001b[1m\u001b[91mexpected `&str`, found `String`\u001b[0m\n    \u001b[1m\u001b[94m|\u001b[0m                                            \u001b[1m\u001b[94m|\u001b[0m\n    \u001b[1m\u001b[94m|\u001b[0m                                            \u001b[1m\u001b[94marguments to this method are incorrect\u001b[0m\n    \u001b[1m\u001b[94m|\u001b[0m\n\u001b[1m\u001b[92mnote\u001b[0m: method defined here\n   \u001b[1m\u001b[94m--> \u001b[0mrpg-core/src/layout.rs:183:12\n    \u001b[1m\u001b[94m|\u001b[0m\n\u001b[1m\u001b[94m183\u001b[0m \u001b[1m\u001b[94m|\u001b[0m     pub fn metadata_path(&self, app_name: &str, version: &str) -> PathBuf {\n    \u001b[1m\u001b[94m|\u001b[0m            \u001b[1m\u001b[92m^^^^^^^^^^^^^\u001b[0m                        \u001b[1m\u001b[94m-------------\u001b[0m\n\u001b[1m\u001b[96mhelp\u001b[0m: consider borrowing here\n    \u001b[1m\u001b[94m|\u001b[0m\n\u001b[1m\u001b[94m204\u001b[0m \u001b[1m\u001b[94m| \u001b[0m                let metadata_path = layout.metadata_path(package.name(), \u001b[92m&\u001b[0mversion_str);\n    \u001b[1m\u001b[94m|\u001b[0m                                                                          \u001b[92m+\u001b[0m\n\n"}
{"$message_type":"diagnostic","message":"`?` couldn't convert the error to `Error`","code":{"code":"E0277","explanation":"You tried to use a type which doesn't implement some trait in a place which\nexpected that trait.\n\nErroneous code example:\n\n```compile_fail,E0277\n// here we declare the Foo trait with a bar method\ntrait Foo {\n    fn bar(&self);\n}\n\n// we now declare a function which takes an object implementing the Foo trait\nfn some_func<T: Foo>(foo: T) {\n    foo.bar();\n}\n\nfn main() {\n    // we now call the method with the i32 type, which doesn't implement\n    // the Foo trait\n    some_func(5i32); // error: the trait bound `i32 : Foo` is not satisfied\n}\n```\n\nIn order to fix this error, verify that the type you're using does implement\nthe trait. Example:\n\n```\ntrait Foo {\n    fn bar(&self);\n}\n\n// we implement the trait on the i32 type\nimpl Foo for i32 {\n    fn bar(&self) {}\n}\n\nfn some_func<T: Foo>(foo: T) {\n    foo.bar(); // we can now use this method since i32 implements the\n               // Foo trait\n}\n\nfn main() {\n    some_func(5i32); // ok!\n}\n```\n\nOr in a generic context, an erroneous code example would look like:\n\n```compile_fail,E0277\nfn some_func<T>(foo: T) {\n    println!(\"{:?}\", foo); // error: the trait `core::fmt::Debug` is not\n                           //        implemented for the type `T`\n}\n\nfn main() {\n    // We now call the method with the i32 type,\n    // which *does* implement the Debug trait.\n    some_func(5i32);\n}\n```\n\nNote that the error here is in the definition of the generic function. Although\nwe only call it with a parameter that does implement `Debug`, the compiler\nstill rejects the function. It must work with all possible input types. In\norder to make this example compile, we need to restrict the generic type we're\naccepting:\n\n```\nuse std::fmt;\n\n// Restrict the input type to types that implement Debug.\nfn some_func<T: fmt::Debug>(foo: T) {\n    println!(\"{:?}\", foo);\n}\n\nfn main() {\n    // Calling the method is still fine, as i32 implements Debug.\n    some_func(5i32);\n\n    // This would fail to compile now:\n    // struct WithoutDebug;\n    // some_func(WithoutDebug);\n}\n```\n\nRust only looks at the signature of the called function, as such it must\nalready specify all requirements that will be used for every type parameter.\n"},"level":"error","spans":[{"file_name":"rpg-core/src/transaction.rs","byte_start":6313,"byte_end":6360,"line_start":205,"line_end":205,"column_start":37,"column_end":84,"is_primary":false,"text":[{"text":"                let metadata_json = serde_json::to_string_pretty(&package.metadata)?;","highlight_start":37,"highlight_end":84}],"label":"this can't be annotated with `?` because it has type `Result<_, serde_json::Error>`","suggested_replacement":null,"suggestion_applicability":null,"expansion":null},{"file_name":"rpg-core/src/transaction.rs","byte_start":6360,"byte_end":6361,"line_start":205,"line_end":205,"column_start":84,"column_end":85,"is_primary":true,"text":[{"text":"                let metadata_json = serde_json::to_string_pretty(&package.metadata)?;","highlight_start":84,"highlight_end":85}],"label":"the trait `From<serde_json::Error>` is not implemented for `Error`","suggested_replacement":null,"suggestion_applicability":null,"expansion":{"span":{"file_name":"rpg-core/src/transaction.rs","byte_start":6360,"byte_end":6361,"line_start":205,"line_end":205,"column_start":84,"column_end":85,"is_primary":false,"text":[{"text":"                let metadata_json = serde_json::to_string_pretty(&package.metadata)?;","highlight_start":84,"highlight_end":85}],"label":null,"suggested_replacement":null,"suggestion_applicability":null,"expansion":null},"macro_decl_name":"desugaring of operator `?`","def_site_span":{"file_name":"rpg-core/src/lib.rs","byte_start":0,"byte_end":0,"line_start":1,"line_end":1,"column_start":1,"column_end":1,"is_primary":false,"text":[],"label":null,"suggested_replacement":null,"suggestion_applicability":null,"expansion":null}}}],"children":[{"message":"`Error` needs to implement `From<serde_json::Error>`","code":null,"level":"note","spans":[{"file_name":"rpg-core/src/lib.rs","byte_start":1886,"byte_end":1900,"line_start":57,"line_end":57,"column_start":1,"column_end":15,"is_primary":true,"text":[{"text":"pub enum Error {","highlight_start":1,"highlight_end":15}],"label":null,"suggested_replacement":null,"suggestion_applicability":null,"expansion":null}],"children":[],"rendered":null},{"message":"the question mark operation (`?`) implicitly performs a conversion on the error value using the `From` trait","code":null,"level":"note","spans":[],"children":[],"rendered":null},{"message":"the trait `From<serde_json::Error>` is not implemented for `Error`\nbut trait `From<std::io::Error>` is implemented for it","code":null,"level":"help","spans":[{"file_name":"rpg-core/src/lib.rs","byte_start":1962,"byte_end":1969,"line_start":60,"line_end":60,"column_start":8,"column_end":15,"is_primary":true,"text":[{"text":"    Io(#[from] std::io::Error),","highlight_start":8,"highlight_end":15}],"label":null,"suggested_replacement":null,"suggestion_applicability":null,"expansion":null}],"children":[],"rendered":null},{"message":"for that trait implementation, expected `std::io::Error`, found `serde_json::Error`","code":null,"level":"help","spans":[],"children":[],"rendered":null}],"rendered":"\u001b[1m\u001b[91merror[E0277]\u001b[0m\u001b[1m: `?` couldn't convert the error to `Error`\u001b[0m\n   \u001b[1m\u001b[94m--> \u001b[0mrpg-core/src/transaction.rs:205:84\n    \u001b[1m\u001b[94m|\u001b[0m\n\u001b[1m\u001b[94m205\u001b[0m \u001b[1m\u001b[94m|\u001b[0m                 let metadata_json = serde_json::to_string_pretty(&package.metadata)?;\n    \u001b[1m\u001b[94m|\u001b[0m                                     \u001b[1m\u001b[94m-----------------------------------------------\u001b[0m\u001b[1m\u001b[91m^\u001b[0m \u001b[1m\u001b[91mthe trait `From<serde_json::Error>` is not implemented for `Error`\u001b[0m\n    \u001b[1m\u001b[94m|\u001b[0m                                     \u001b[1m\u001b[94m|\u001b[0m\n    \u001b[1m\u001b[94m|\u001b[0m                                     \u001b[1m\u001b[94mthis can't be annotated with `?` because it has type `Result<_, serde_json::Error>`\u001b[0m\n    \u001b[1m\u001b[94m|\u001b[0m\n\u001b[1m\u001b[92mnote\u001b[0m: `Error` needs to implement `From<serde_json::Error>`\n   \u001b[1m\u001b[94m--> \u001b[0mrpg-core/src/lib.rs:57:1\n    \u001b[1m\u001b[94m|\u001b[0m\n\u001b[1m\u001b[94m 57\u001b[0m \u001b[1m\u001b[94m|\u001b[0m pub enum Error {\n    \u001b[1m\u001b[94m|\u001b[0m \u001b[1m\u001b[92m^^^^^^^^^^^^^^\u001b[0m\n    \u001b[1m\u001b[94m= \u001b[0m\u001b[1mnote\u001b[0m: the question mark operation (`?`) implicitly performs a conversion on the error value using the `From` trait\n\u001b[1m\u001b[96mhelp\u001b[0m: the trait `From<\u001b[1m\u001b[35mserde_json::Error\u001b[0m>` \u001b[1m\u001b[35mis not\u001b[0m implemented for `Error`\n      but trait `From<\u001b[1m\u001b[35mstd::io::Error\u001b[0m>` \u001b[1m\u001b[35mis\u001b[0m implemented for it\n   \u001b[1m\u001b[94m--> \u001b[0mrpg-core/src/lib.rs:60:8\n    \u001b[1m\u001b[94m|\u001b[0m\n\u001b[1m\u001b[94m 60\u001b[0m \u001b[1m\u001b[94m|\u001b[0m     Io(#[from] std::io::Error),\n    \u001b[1m\u001b[94m|\u001b[0m        \u001b[1m\u001b[96m^^^^^^^\u001b[0m\n    \u001b[1m\u001b[94m= \u001b[0m\u001b[1mhelp\u001b[0m: for that trait implementation, expected `\u001b[1m\u001b[35mstd::io::Error\u001b[0m`, found `\u001b[1m\u001b[35mserde_json::Error\u001b[0m`\n\n"}
{"$message_type":"diagnostic","message":"`?` couldn't convert the error to `Error`","code":{"code":"E0277","explanation":"You tried to use a type which doesn't implement some trait in a place which\nexpected that trait.\n\nErroneous code example:\n\n```compile_fail,E0277\n// here we declare the Foo trait with a bar method\ntrait Foo {\n    fn bar(&self);\n}\n\n// we now declare a function which takes an object implementing the Foo trait\nfn some_func<T: Foo>(foo: T) {\n    foo.bar();\n}\n\nfn main() {\n    // we now call the method with the i32 type, which doesn't implement\n    // the Foo trait\n    some_func(5i32); // error: the trait bound `i32 : Foo` is not satisfied\n}\n```\n\nIn order to fix this error, verify that the type you're using does implement\nthe trait. Example:\n\n```\ntrait Foo {\n    fn bar(&self);\n}\n\n// we implement the trait on the i32 type\nimpl Foo for i32 {\n    fn bar(&self) {}\n}\n\nfn some_func<T: Foo>(foo: T) {\n    foo.bar(); // we can now use this method since i32 implements the\n               // Foo trait\n}\n\nfn main() {\n    some_func(5i32); // ok!\n}\n```\n\nOr in a generic context, an erroneous code example would look like:\n\n```compile_fail,E0277\nfn some_func<T>(foo: T) {\n    println!(\"{:?}\", foo); // error: the trait `core::fmt::Debug` is not\n                           //        implemented for the type `T`\n}\n\nfn main() {\n    // We now call the method with the i32 type,\n    // which *does* implement the Debug trait.\n    some_func(5i32);\n}\n```\n\nNote that the error here is in the definition of the generic function. Although\nwe only call it with a parameter that does implement `Debug`, the compiler\nstill rejects the function. It must work with all possible input types. In\norder to make this example compile, we need to restrict the generic type we're\naccepting:\n\n```\nuse std::fmt;\n\n// Restrict the input type to types that implement Debug.\nfn some_func<T: fmt::Debug>(foo: T) {\n    println!(\"{:?}\", foo);\n}\n\nfn main() {\n    // Calling the method is still fine, as i32 implements Debug.\n    some_func(5i32);\n\n    // This would fail to compile now:\n    // struct WithoutDebug;\n    // some_func(WithoutDebug);\n}\n```\n\nRust only looks at the signature of the called function, as such it must\nalready specify all requirements that will be used for every type parameter.\n"},"level":"error","spans":[{"file_name":"rpg-core/src/transaction.rs","byte_start":7800,"byte_end":7847,"line_start":236,"line_end":236,"column_start":37,"column_end":84,"is_primary":false,"text":[{"text":"                let metadata_json = serde_json::to_string_pretty(&package.metadata)?;","highlight_start":37,"highlight_end":84}],"label":"this can't be annotated with `?` because it has type `Result<_, serde_json::Error>`","suggested_replacement":null,"suggestion_applicability":null,"expansion":null},{"file_name":"rpg-core/src/transaction.rs","byte_start":7847,"byte_end":7848,"line_start":236,"line_end":236,"column_start":84,"column_end":85,"is_primary":true,"text":[{"text":"                let metadata_json = serde_json::to_string_pretty(&package.metadata)?;","highlight_start":84,"highlight_end":85}],"label":"the trait `From<serde_json::Error>` is not implemented for `Error`","suggested_replacement":null,"suggestion_applicability":null,"expansion":{"span":{"file_name":"rpg-core/src/transaction.rs","byte_start":7847,"byte_end":7848,"line_start":236,"line_end":236,"column_start":84,"column_end":85,"is_primary":false,"text":[{"text":"                let metadata_json = serde_json::to_string_pretty(&package.metadata)?;","highlight_start":84,"highlight_end":85}],"label":null,"suggested_replacement":null,"suggestion_applicability":null,"expansion":null},"macro_decl_name":"desugaring of operator `?`","def_site_span":{"file_name":"rpg-core/src/lib.rs","byte_start":0,"byte_end":0,"line_start":1,"line_end":1,"column_start":1,"column_end":1,"is_primary":false,"text":[],"label":null,"suggested_replacement":null,"suggestion_applicability":null,"expansion":null}}}],"children":[{"message":"`Error` needs to implement `From<serde_json::Error>`","code":null,"level":"note","spans":[{"file_name":"rpg-core/src/lib.rs","byte_start":1886,"byte_end":1900,"line_start":57,"line_end":57,"column_start":1,"column_end":15,"is_primary":true,"text":[{"text":"pub enum Error {","highlight_start":1,"highlight_end":15}],"label":null,"suggested_replacement":null,"suggestion_applicability":null,"expansion":null}],"children":[],"rendered":null},{"message":"the question mark operation (`?`) implicitly performs a conversion on the error value using the `From` trait","code":null,"level":"note","spans":[],"children":[],"rendered":null},{"message":"the trait `From<serde_json::Error>` is not implemented for `Error`\nbut trait `From<std::io::Error>` is implemented for it","code":null,"level":"help","spans":[{"file_name":"rpg-core/src/lib.rs","byte_start":1962,"byte_end":1969,"line_start":60,"line_end":60,"column_start":8,"column_end":15,"is_primary":true,"text":[{"text":"    Io(#[from] std::io::Error),","highlight_start":8,"highlight_end":15}],"label":null,"suggested_replacement":null,"suggestion_applicability":null,"expansion":null}],"children":[],"rendered":null},{"message":"for that trait implementation, expected `std::io::Error`, found `serde_json::Error`","code":null,"level":"help","spans":[],"children":[],"rendered":null}],"rendered":"\u001b[1m\u001b[91merror[E0277]\u001b[0m\u001b[1m: `?` couldn't convert the error to `Error`\u001b[0m\n   \u001b[1m\u001b[94m--> \u001b[0mrpg-core/src/transaction.rs:236:84\n    \u001b[1m\u001b[94m|\u001b[0m\n\u001b[1m\u001b[94m236\u001b[0m \u001b[1m\u001b[94m|\u001b[0m                 let metadata_json = serde_json::to_string_pretty(&package.metadata)?;\n    \u001b[1m\u001b[94m|\u001b[0m                                     \u001b[1m\u001b[94m-----------------------------------------------\u001b[0m\u001b[1m\u001b[91m^\u001b[0m \u001b[1m\u001b[91mthe trait `From<serde_json::Error>` is not implemented for `Error`\u001b[0m\n    \u001b[1m\u001b[94m|\u001b[0m                                     \u001b[1m\u001b[94m|\u001b[0m\n    \u001b[1m\u001b[94m|\u001b[0m                                     \u001b[1m\u001b[94mthis can't be annotated with `?` because it has type `Result<_, serde_json::Error>`\u001b[0m\n    \u001b[1m\u001b[94m|\u001b[0m\n\u001b[1m\u001b[92mnote\u001b[0m: `Error` needs to implement `From<serde_json::Error>`\n   \u001b[1m\u001b[94m--> \u001b[0mrpg-core/src/lib.rs:57:1\n    \u001b[1m\u001b[94m|\u001b[0m\n\u001b[1m\u001b[94m 57\u001b[0m \u001b[1m\u001b[94m|\u001b[0m pub enum Error {\n    \u001b[1m\u001b[94m|\u001b[0m \u001b[1m\u001b[92m^^^^^^^^^^^^^^\u001b[0m\n    \u001b[1m\u001b[94m= \u001b[0m\u001b[1mnote\u001b[0m: the question mark operation (`?`) implicitly performs a conversion on the error value using the `From` trait\n\u001b[1m\u001b[96mhelp\u001b[0m: the trait `From<\u001b[1m\u001b[35mserde_json::Error\u001b[0m>` \u001b[1m\u001b[35mis not\u001b[0m implemented for `Error`\n      but trait `From<\u001b[1m\u001b[35mstd::io::Error\u001b[0m>` \u001b[1m\u001b[35mis\u001b[0m implemented for it\n   \u001b[1m\u001b[94m--> \u001b[0mrpg-core/src/lib.rs:60:8\n    \u001b[1m\u001b[94m|\u001b[0m\n\u001b[1m\u001b[94m 60\u001b[0m \u001b[1m\u001b[94m|\u001b[0m     Io(#[from] std::io::Error),\n    \u001b[1m\u001b[94m|\u001b[0m        \u001b[1m\u001b[96m^^^^^^^\u001b[0m\n    \u001b[1m\u001b[94m= \u001b[0m\u001b[1mhelp\u001b[0m: for that trait implementation, expected `\u001b[1m\u001b[35mstd::io::Error\u001b[0m`, found `\u001b[1m\u001b[35mserde_json::Error\u001b[0m`\n\n"}
{"$message_type":"diagnostic","message":"mismatched types","code":{"code":"E0308","explanation":"Expected type did not match the received type.\n\nErroneous code examples:\n\n```compile_fail,E0308\nfn plus_one(x: i32) -> i32 {\n    x + 1\n}\n\nplus_one(\"Not a number\");\n//       ^^^^^^^^^^^^^^ expected `i32`, found `&str`\n\nif \"Not a bool\" {\n// ^^^^^^^^^^^^ expected `bool`, found `&str`\n}\n\nlet x: f32 = \"Not a float\";\n//     ---   ^^^^^^^^^^^^^ expected `f32`, found `&str`\n//     |\n//     expected due to this\n```\n\nThis error occurs when an expression was used in a place where the compiler\nexpected an expression of a different type. It can occur in several cases, the\nmost common being when calling a function and passing an argument which has a\ndifferent type than the matching type in the function declaration.\n"},"level":"error","spans":[{"file_name":"rpg-core/src/transaction.rs","byte_start":10139,"byte_end":10165,"line_start":298,"line_end":298,"column_start":72,"column_end":98,"is_primary":true,"text":[{"text":"                let version_path = layout.version_path(package.name(), package.version().as_str());","highlight_start":72,"highlight_end":98}],"label":"expected `&str`, found `String`","suggested_replacement":null,"suggestion_applicability":null,"expansion":null},{"file_name":"rpg-core/src/transaction.rs","byte_start":10110,"byte_end":10122,"line_start":298,"line_end":298,"column_start":43,"column_end":55,"is_primary":false,"text":[{"text":"                let version_path = layout.version_path(package.name(), package.version().as_str());","highlight_start":43,"highlight_end":55}],"label":"arguments to this method are incorrect","suggested_replacement":null,"suggestion_applicability":null,"expansion":null}],"children":[{"message":"method defined here","code":null,"level":"note","spans":[{"file_name":"rpg-core/src/layout.rs","byte_start":4755,"byte_end":4768,"line_start":173,"line_end":173,"column_start":48,"column_end":61,"is_primary":false,"text":[{"text":"    pub fn version_path(&self, app_name: &str, version: &str) -> PathBuf {","highlight_start":48,"highlight_end":61}],"label":"","suggested_replacement":null,"suggestion_applicability":null,"expansion":null},{"file_name":"rpg-core/src/layout.rs","byte_start":4719,"byte_end":4731,"line_start":173,"line_end":173,"column_start":12,"column_end":24,"is_primary":true,"text":[{"text":"    pub fn version_path(&self, app_name: &str, version: &str) -> PathBuf {","highlight_start":12,"highlight_end":24}],"label":null,"suggested_replacement":null,"suggestion_applicability":null,"expansion":null}],"children":[],"rendered":null},{"message":"consider borrowing here","code":null,"level":"help","spans":[{"file_name":"rpg-core/src/transaction.rs","byte_start":10139,"byte_end":10139,"line_start":298,"line_end":298,"column_start":72,"column_end":72,"is_primary":true,"text":[{"text":"                let version_path = layout.version_path(package.name(), package.version().as_str());","highlight_start":72,"highlight_end":72}],"label":null,"suggested_replacement":"&","suggestion_applicability":"MachineApplicable","expansion":null}],"children":[],"rendered":null}],"rendered":"\u001b[1m\u001b[91merror[E0308]\u001b[0m\u001b[1m: mismatched types\u001b[0m\n   \u001b[1m\u001b[94m--> \u001b[0mrpg-core/src/transaction.rs:298:72\n    \u001b[1m\u001b[94m|\u001b[0m\n\u001b[1m\u001b[94m298\u001b[0m \u001b[1m\u001b[94m|\u001b[0m                 let version_path = layout.version_path(package.name(), package.version().as_str());\n    \u001b[1m\u001b[94m|\u001b[0m                                           \u001b[1m\u001b[94m------------\u001b[0m                 \u001b[1m\u001b[91m^^^^^^^^^^^^^^^^^^^^^^^^^^\u001b[0m \u001b[1m\u001b[91mexpected `&str`, found `String`\u001b[0m\n    \u001b[1m\u001b[94m|\u001b[0m                                           \u001b[1m\u001b[94m|\u001b[0m\n    \u001b[1m\u001b[94m|\u001b[0m                                           \u001b[1m\u001b[94marguments to this method are incorrect\u001b[0m\n    \u001b[1m\u001b[94m|\u001b[0m\n\u001b[1m\u001b[92mnote\u001b[0m: method defined here\n   \u001b[1m\u001b[94m--> \u001b[0mrpg-core/src/layout.rs:173:12\n    \u001b[1m\u001b[94m|\u001b[0m\n\u001b[1m\u001b[94m173\u001b[0m \u001b[1m\u001b[94m|\u001b[0m     pub fn version_path(&self, app_name: &str, version: &str) -> PathBuf {\n    \u001b[1m\u001b[94m|\u001b[0m            \u001b[1m\u001b[92m^^^^^^^^^^^^\u001b[0m                        \u001b[1m\u001b[94m-------------\u001b[0m\n\u001b[1m\u001b[96mhelp\u001b[0m: consider borrowing here\n    \u001b[1m\u001b[94m|\u001b[0m\n\u001b[1m\u001b[94m298\u001b[0m \u001b[1m\u001b[94m| \u001b[0m                let version_path = layout.version_path(package.name(), \u001b[92m&\u001b[0mpackage.version().as_str());\n    \u001b[1m\u001b[94m|\u001b[0m                                                                        \u001b[92m+\u001b[0m\n\n"}
{"$message_type":"diagnostic","message":"the `?` operator can only be used in a method that returns `Result` or `Option` (or another type that implements `FromResidual`)","code":{"code":"E0277","explanation":"You tried to use a type which doesn't implement some trait in a place which\nexpected that trait.\n\nErroneous code example:\n\n```compile_fail,E0277\n// here we declare the Foo trait with a bar method\ntrait Foo {\n    fn bar(&self);\n}\n\n// we now declare a function which takes an object implementing the Foo trait\nfn some_func<T: Foo>(foo: T) {\n    foo.bar();\n}\n\nfn main() {\n    // we now call the method with the i32 type, which doesn't implement\n    // the Foo trait\n    some_func(5i32); // error: the trait bound `i32 : Foo` is not satisfied\n}\n```\n\nIn order to fix this error, verify that the type you're using does implement\nthe trait. Example:\n\n```\ntrait Foo {\n    fn bar(&self);\n}\n\n// we implement the trait on the i32 type\nimpl Foo for i32 {\n    fn bar(&self) {}\n}\n\nfn some_func<T: Foo>(foo: T) {\n    foo.bar(); // we can now use this method since i32 implements the\n               // Foo trait\n}\n\nfn main() {\n    some_func(5i32); // ok!\n}\n```\n\nOr in a generic context, an erroneous code example would look like:\n\n```compile_fail,E0277\nfn some_func<T>(foo: T) {\n    println!(\"{:?}\", foo); // error: the trait `core::fmt::Debug` is not\n                           //        implemented for the type `T`\n}\n\nfn main() {\n    // We now call the method with the i32 type,\n    // which *does* implement the Debug trait.\n    some_func(5i32);\n}\n```\n\nNote that the error here is in the definition of the generic function. Although\nwe only call it with a parameter that does implement `Debug`, the compiler\nstill rejects the function. It must work with all possible input types. In\norder to make this example compile, we need to restrict the generic type we're\naccepting:\n\n```\nuse std::fmt;\n\n// Restrict the input type to types that implement Debug.\nfn some_func<T: fmt::Debug>(foo: T) {\n    println!(\"{:?}\", foo);\n}\n\nfn main() {\n    // Calling the method is still fine, as i32 implements Debug.\n    some_func(5i32);\n\n    // This would fail to compile now:\n    // struct WithoutDebug;\n    // some_func(WithoutDebug);\n}\n```\n\nRust only looks at the signature of the called function, as such it must\nalready specify all requirements that will be used for every type parameter.\n"},"level":"error","spans":[{"file_name":"rpg-core/src/transaction.rs","byte_start":13514,"byte_end":13515,"line_start":390,"line_end":390,"column_start":87,"column_end":88,"is_primary":true,"text":[{"text":"            self.rollback_info.previous_system_version = Some(Version::parse(&current)?);","highlight_start":87,"highlight_end":88}],"label":"cannot use the `?` operator in a method that returns `TransactionResult`","suggested_replacement":null,"suggestion_applicability":null,"expansion":{"span":{"file_name":"rpg-core/src/transaction.rs","byte_start":13514,"byte_end":13515,"line_start":390,"line_end":390,"column_start":87,"column_end":88,"is_primary":false,"text":[{"text":"            self.rollback_info.previous_system_version = Some(Version::parse(&current)?);","highlight_start":87,"highlight_end":88}],"label":null,"suggested_replacement":null,"suggestion_applicability":null,"expansion":null},"macro_decl_name":"desugaring of operator `?`","def_site_span":{"file_name":"rpg-core/src/lib.rs","byte_start":0,"byte_end":0,"line_start":1,"line_end":1,"column_start":1,"column_end":1,"is_primary":false,"text":[],"label":null,"suggested_replacement":null,"suggestion_applicability":null,"expansion":null}}},{"file_name":"rpg-core/src/transaction.rs","byte_start":12612,"byte_end":12660,"line_start":370,"line_end":370,"column_start":5,"column_end":53,"is_primary":false,"text":[{"text":"    fn switch_system(&mut self) -> TransactionResult {","highlight_start":5,"highlight_end":53}],"label":"this function should return `Result` or `Option` to accept `?`","suggested_replacement":null,"suggestion_applicability":null,"expansion":null}],"children":[],"rendered":"\u001b[1m\u001b[91merror[E0277]\u001b[0m\u001b[1m: the `?` operator can only be used in a method that returns `Result` or `Option` (or another type that implements `FromResidual`)\u001b[0m\n   \u001b[1m\u001b[94m--> \u001b[0mrpg-core/src/transaction.rs:390:87\n    \u001b[1m\u001b[94m|\u001b[0m\n\u001b[1m\u001b[94m370\u001b[0m \u001b[1m\u001b[94m|\u001b[0m     fn switch_system(&mut self) -> TransactionResult {\n    \u001b[1m\u001b[94m|\u001b[0m     \u001b[1m\u001b[94m------------------------------------------------\u001b[0m \u001b[1m\u001b[94mthis function should return `Result` or `Option` to accept `?`\u001b[0m\n\u001b[1m\u001b[94m...\u001b[0m\n\u001b[1m\u001b[94m390\u001b[0m \u001b[1m\u001b[94m|\u001b[0m             self.rollback_info.previous_system_version = Some(Version::parse(&current)?);\n    \u001b[1m\u001b[94m|\u001b[0m                                                                                       \u001b[1m\u001b[91m^\u001b[0m \u001b[1m\u001b[91mcannot use the `?` operator in a method that returns `TransactionResult`\u001b[0m\n\n"}
{"$message_type":"diagnostic","message":"cannot borrow `*self` as mutable because it is also borrowed as immutable","code":{"code":"E0502","explanation":"A variable already borrowed with a certain mutability (either mutable or\nimmutable) was borrowed again with a different mutability.\n\nErroneous code example:\n\n```compile_fail,E0502\nfn bar(x: &mut i32) {}\nfn foo(a: &mut i32) {\n    let y = &a; // a is borrowed as immutable.\n    bar(a); // error: cannot borrow `*a` as mutable because `a` is also borrowed\n            //        as immutable\n    println!(\"{}\", y);\n}\n```\n\nTo fix this error, ensure that you don't have any other references to the\nvariable before trying to access it with a different mutability:\n\n```\nfn bar(x: &mut i32) {}\nfn foo(a: &mut i32) {\n    bar(a);\n    let y = &a; // ok!\n    println!(\"{}\", y);\n}\n```\n\nFor more information on Rust's ownership system, take a look at the\n[References & Borrowing][references-and-borrowing] section of the Book.\n\n[references-and-borrowing]: https://doc.rust-lang.org/book/ch04-02-references-and-borrowing.html\n"},"level":"error","spans":[{"file_name":"rpg-core/src/transaction.rs","byte_start":4364,"byte_end":4393,"line_start":152,"line_end":152,"column_start":19,"column_end":48,"is_primary":true,"text":[{"text":"            match self.install_package(package) {","highlight_start":19,"highlight_end":48}],"label":"mutable borrow occurs here","suggested_replacement":null,"suggestion_applicability":null,"expansion":null},{"file_name":"rpg-core/src/transaction.rs","byte_start":4328,"byte_end":4342,"line_start":151,"line_end":151,"column_start":24,"column_end":38,"is_primary":false,"text":[{"text":"        for package in &self.packages {","highlight_start":24,"highlight_end":38}],"label":"immutable borrow occurs here","suggested_replacement":null,"suggestion_applicability":null,"expansion":null},{"file_name":"rpg-core/src/transaction.rs","byte_start":4328,"byte_end":4342,"line_start":151,"line_end":151,"column_start":24,"column_end":38,"is_primary":false,"text":[{"text":"        for package in &self.packages {","highlight_start":24,"highlight_end":38}],"label":"immutable borrow later used here","suggested_replacement":null,"suggestion_applicability":null,"expansion":{"span":{"file_name":"rpg-core/src/transaction.rs","byte_start":4313,"byte_end":5035,"line_start":151,"line_end":169,"column_start":9,"column_end":10,"is_primary":false,"text":[{"text":"        for package in &self.packages {","highlight_start":9,"highlight_end":40},{"text":"            match self.install_package(package) {","highlight_start":1,"highlight_end":50},{"text":"                Ok(Some(reboot)) => {","highlight_start":1,"highlight_end":38},{"text":"                    if reboot {","highlight_start":1,"highlight_end":32},{"text":"                        requires_reboot.push(package.name().to_string());","highlight_start":1,"highlight_end":74},{"text":"                    } else {","highlight_start":1,"highlight_end":29},{"text":"                        activated.push(package.name().to_string());","highlight_start":1,"highlight_end":68},{"text":"                    }","highlight_start":1,"highlight_end":22},{"text":"                }","highlight_start":1,"highlight_end":18},{"text":"                Ok(None) => {","highlight_start":1,"highlight_end":30},{"text":"                    // Package already installed","highlight_start":1,"highlight_end":49},{"text":"                }","highlight_start":1,"highlight_end":18},{"text":"                Err(e) => {","highlight_start":1,"highlight_end":28},{"text":"                    partial.push(package.name().to_string());","highlight_start":1,"highlight_end":62},{"text":"                    self.state = TransactionState::Failed;","highlight_start":1,"highlight_end":59},{"text":"                    self.error = Some(e.to_string());","highlight_start":1,"highlight_end":54},{"text":"                }","highlight_start":1,"highlight_end":18},{"text":"            }","highlight_start":1,"highlight_end":14},{"text":"        }","highlight_start":1,"highlight_end":10}],"label":null,"suggested_replacement":null,"suggestion_applicability":null,"expansion":null},"macro_decl_name":"desugaring of `for` loop","def_site_span":{"file_name":"rpg-core/src/lib.rs","byte_start":0,"byte_end":0,"line_start":1,"line_end":1,"column_start":1,"column_end":1,"is_primary":false,"text":[],"label":null,"suggested_replacement":null,"suggestion_applicability":null,"expansion":null}}}],"children":[],"rendered":"\u001b[1m\u001b[91merror[E0502]\u001b[0m\u001b[1m: cannot borrow `*self` as mutable because it is also borrowed as immutable\u001b[0m\n   \u001b[1m\u001b[94m--> \u001b[0mrpg-core/src/transaction.rs:152:19\n    \u001b[1m\u001b[94m|\u001b[0m\n\u001b[1m\u001b[94m151\u001b[0m \u001b[1m\u001b[94m|\u001b[0m         for package in &self.packages {\n    \u001b[1m\u001b[94m|\u001b[0m                        \u001b[1m\u001b[94m--------------\u001b[0m\n    \u001b[1m\u001b[94m|\u001b[0m                        \u001b[1m\u001b[94m|\u001b[0m\n    \u001b[1m\u001b[94m|\u001b[0m                        \u001b[1m\u001b[94mimmutable borrow occurs here\u001b[0m\n    \u001b[1m\u001b[94m|\u001b[0m                        \u001b[1m\u001b[94mimmutable borrow later used here\u001b[0m\n\u001b[1m\u001b[94m152\u001b[0m \u001b[1m\u001b[94m|\u001b[0m             match self.install_package(package) {\n    \u001b[1m\u001b[94m|\u001b[0m                   \u001b[1m\u001b[91m^^^^^^^^^^^^^^^^^^^^^^^^^^^^^\u001b[0m \u001b[1m\u001b[91mmutable borrow occurs here\u001b[0m\n\n"}
{"$message_type":"diagnostic","message":"unused variable: `versions`","code":{"code":"unused_variables","explanation":null},"level":"warning","spans":[{"file_name":"rpg-core/src/registry.rs","byte_start":6815,"byte_end":6823,"line_start":224,"line_end":224,"column_start":20,"column_end":28,"is_primary":true,"text":[{"text":"        for (name, versions) in &self.packages {","highlight_start":20,"highlight_end":28}],"label":null,"suggested_replacement":null,"suggestion_applicability":null,"expansion":null}],"children":[{"message":"`#[warn(unused_variables)]` (part of `#[warn(unused)]`) on by default","code":null,"level":"note","spans":[],"children":[],"rendered":null},{"message":"if this is intentional, prefix it with an underscore","code":null,"level":"help","spans":[{"file_name":"rpg-core/src/registry.rs","byte_start":6815,"byte_end":6823,"line_start":224,"line_end":224,"column_start":20,"column_end":28,"is_primary":true,"text":[{"text":"        for (name, versions) in &self.packages {","highlight_start":20,"highlight_end":28}],"label":null,"suggested_replacement":"_versions","suggestion_applicability":"MachineApplicable","expansion":null}],"children":[],"rendered":null}],"rendered":"\u001b[1m\u001b[33mwarning\u001b[0m\u001b[1m: unused variable: `versions`\u001b[0m\n   \u001b[1m\u001b[94m--> \u001b[0mrpg-core/src/registry.rs:224:20\n    \u001b[1m\u001b[94m|\u001b[0m\n\u001b[1m\u001b[94m224\u001b[0m \u001b[1m\u001b[94m|\u001b[0m         for (name, versions) in &self.packages {\n    \u001b[1m\u001b[94m|\u001b[0m                    \u001b[1m\u001b[33m^^^^^^^^\u001b[0m \u001b[1m\u001b[33mhelp: if this is intentional, prefix it with an underscore: `_versions`\u001b[0m\n    \u001b[1m\u001b[94m|\u001b[0m\n    \u001b[1m\u001b[94m= \u001b[0m\u001b[1mnote\u001b[0m: `#[warn(unused_variables)]` (part of `#[warn(unused)]`) on by default\n\n"}
{"$message_type":"diagnostic","message":"aborting due to 22 previous errors; 5 warnings emitted","code":null,"level":"error","spans":[],"children":[],"rendered":"\u001b[1m\u001b[91merror\u001b[0m\u001b[1m: aborting due to 22 previous errors; 5 warnings emitted\u001b[0m\n\n"}
{"$message_type":"diagnostic","message":"Some errors have detailed explanations: E0277, E0308, E0432, E0433, E0502, E0599.","code":null,"level":"failure-note","spans":[],"children":[],"rendered":"\u001b[1mSome errors have detailed explanations: E0277, E0308, E0432, E0433, E0502, E0599.\u001b[0m\n"}
{"$message_type":"diagnostic","message":"For more information about an error, try `rustc --explain E0277`.","code":null,"level":"failure-note","spans":[],"children":[],"rendered":"\u001b[1mFor more information about an error, try `rustc --explain E0277`.\u001b[0m\n"}
