{"$message_type":"diagnostic","message":"unused import: `rand::CryptoRng`","code":{"code":"unused_imports","explanation":null},"level":"warning","spans":[{"file_name":"rpg-core/src/signature.rs","byte_start":401,"byte_end":416,"line_start":13,"line_end":13,"column_start":5,"column_end":20,"is_primary":true,"text":[{"text":"use rand::CryptoRng;","highlight_start":5,"highlight_end":20}],"label":null,"suggested_replacement":null,"suggestion_applicability":null,"expansion":null}],"children":[{"message":"`#[warn(unused_imports)]` (part of `#[warn(unused)]`) on by default","code":null,"level":"note","spans":[],"children":[],"rendered":null},{"message":"remove the whole `use` item","code":null,"level":"help","spans":[{"file_name":"rpg-core/src/signature.rs","byte_start":397,"byte_end":419,"line_start":13,"line_end":14,"column_start":1,"column_end":1,"is_primary":true,"text":[{"text":"use rand::CryptoRng;","highlight_start":1,"highlight_end":21},{"text":"use serde::{Deserialize, Deserializer, Serialize, Serializer};","highlight_start":1,"highlight_end":1}],"label":null,"suggested_replacement":"","suggestion_applicability":"MachineApplicable","expansion":null}],"children":[],"rendered":null}],"rendered":"\u001b[1m\u001b[33mwarning\u001b[0m\u001b[1m: unused import: `rand::CryptoRng`\u001b[0m\n  \u001b[1m\u001b[94m--> \u001b[0mrpg-core/src/signature.rs:13:5\n   \u001b[1m\u001b[94m|\u001b[0m\n\u001b[1m\u001b[94m13\u001b[0m \u001b[1m\u001b[94m|\u001b[0m use rand::CryptoRng;\n   \u001b[1m\u001b[94m|\u001b[0m     \u001b[1m\u001b[33m^^^^^^^^^^^^^^^\u001b[0m\n   \u001b[1m\u001b[94m|\u001b[0m\n   \u001b[1m\u001b[94m= \u001b[0m\u001b[1mnote\u001b[0m: `#[warn(unused_imports)]` (part of `#[warn(unused)]`) on by default\n\n"}
{"$message_type":"diagnostic","message":"unused import: `Symlink`","code":{"code":"unused_imports","explanation":null},"level":"warning","spans":[{"file_name":"rpg-core/src/transaction.rs","byte_start":421,"byte_end":428,"line_start":13,"line_end":13,"column_start":57,"column_end":64,"is_primary":true,"text":[{"text":"use crate::symlink::{atomic_symlink_swap_with_rollback, Symlink};","highlight_start":57,"highlight_end":64}],"label":null,"suggested_replacement":null,"suggestion_applicability":null,"expansion":null}],"children":[{"message":"remove the unused import","code":null,"level":"help","spans":[{"file_name":"rpg-core/src/transaction.rs","byte_start":419,"byte_end":428,"line_start":13,"line_end":13,"column_start":55,"column_end":64,"is_primary":true,"text":[{"text":"use crate::symlink::{atomic_symlink_swap_with_rollback, Symlink};","highlight_start":55,"highlight_end":64}],"label":null,"suggested_replacement":"","suggestion_applicability":"MachineApplicable","expansion":null},{"file_name":"rpg-core/src/transaction.rs","byte_start":385,"byte_end":386,"line_start":13,"line_end":13,"column_start":21,"column_end":22,"is_primary":true,"text":[{"text":"use crate::symlink::{atomic_symlink_swap_with_rollback, Symlink};","highlight_start":21,"highlight_end":22}],"label":null,"suggested_replacement":"","suggestion_applicability":"MachineApplicable","expansion":null},{"file_name":"rpg-core/src/transaction.rs","byte_start":428,"byte_end":429,"line_start":13,"line_end":13,"column_start":64,"column_end":65,"is_primary":true,"text":[{"text":"use crate::symlink::{atomic_symlink_swap_with_rollback, Symlink};","highlight_start":64,"highlight_end":65}],"label":null,"suggested_replacement":"","suggestion_applicability":"MachineApplicable","expansion":null}],"children":[],"rendered":null}],"rendered":"\u001b[1m\u001b[33mwarning\u001b[0m\u001b[1m: unused import: `Symlink`\u001b[0m\n  \u001b[1m\u001b[94m--> \u001b[0mrpg-core/src/transaction.rs:13:57\n   \u001b[1m\u001b[94m|\u001b[0m\n\u001b[1m\u001b[94m13\u001b[0m \u001b[1m\u001b[94m|\u001b[0m use crate::symlink::{atomic_symlink_swap_with_rollback, Symlink};\n   \u001b[1m\u001b[94m|\u001b[0m                                                         \u001b[1m\u001b[33m^^^^^^^\u001b[0m\n\n"}
{"$message_type":"diagnostic","message":"unused import: `SystemLayout`","code":{"code":"unused_imports","explanation":null},"level":"warning","spans":[{"file_name":"rpg-core/src/transaction.rs","byte_start":9255,"byte_end":9267,"line_start":278,"line_end":278,"column_start":40,"column_end":52,"is_primary":true,"text":[{"text":"        use crate::layout::{AppLayout, SystemLayout};","highlight_start":40,"highlight_end":52}],"label":null,"suggested_replacement":null,"suggestion_applicability":null,"expansion":null}],"children":[{"message":"remove the unused import","code":null,"level":"help","spans":[{"file_name":"rpg-core/src/transaction.rs","byte_start":9253,"byte_end":9267,"line_start":278,"line_end":278,"column_start":38,"column_end":52,"is_primary":true,"text":[{"text":"        use crate::layout::{AppLayout, SystemLayout};","highlight_start":38,"highlight_end":52}],"label":null,"suggested_replacement":"","suggestion_applicability":"MachineApplicable","expansion":null},{"file_name":"rpg-core/src/transaction.rs","byte_start":9243,"byte_end":9244,"line_start":278,"line_end":278,"column_start":28,"column_end":29,"is_primary":true,"text":[{"text":"        use crate::layout::{AppLayout, SystemLayout};","highlight_start":28,"highlight_end":29}],"label":null,"suggested_replacement":"","suggestion_applicability":"MachineApplicable","expansion":null},{"file_name":"rpg-core/src/transaction.rs","byte_start":9267,"byte_end":9268,"line_start":278,"line_end":278,"column_start":52,"column_end":53,"is_primary":true,"text":[{"text":"        use crate::layout::{AppLayout, SystemLayout};","highlight_start":52,"highlight_end":53}],"label":null,"suggested_replacement":"","suggestion_applicability":"MachineApplicable","expansion":null}],"children":[],"rendered":null}],"rendered":"\u001b[1m\u001b[33mwarning\u001b[0m\u001b[1m: unused import: `SystemLayout`\u001b[0m\n   \u001b[1m\u001b[94m--> \u001b[0mrpg-core/src/transaction.rs:278:40\n    \u001b[1m\u001b[94m|\u001b[0m\n\u001b[1m\u001b[94m278\u001b[0m \u001b[1m\u001b[94m|\u001b[0m         use crate::layout::{AppLayout, SystemLayout};\n    \u001b[1m\u001b[94m|\u001b[0m                                        \u001b[1m\u001b[33m^^^^^^^^^^^^\u001b[0m\n\n"}
{"$message_type":"diagnostic","message":"unused imports: `PackageKind` and `Package`","code":{"code":"unused_imports","explanation":null},"level":"warning","spans":[{"file_name":"rpg-core/src/registry.rs","byte_start":369,"byte_end":376,"line_start":13,"line_end":13,"column_start":22,"column_end":29,"is_primary":true,"text":[{"text":"use crate::package::{Package, PackageKind, PackageMetadata, PackageRef};","highlight_start":22,"highlight_end":29}],"label":null,"suggested_replacement":null,"suggestion_applicability":null,"expansion":null},{"file_name":"rpg-core/src/registry.rs","byte_start":378,"byte_end":389,"line_start":13,"line_end":13,"column_start":31,"column_end":42,"is_primary":true,"text":[{"text":"use crate::package::{Package, PackageKind, PackageMetadata, PackageRef};","highlight_start":31,"highlight_end":42}],"label":null,"suggested_replacement":null,"suggestion_applicability":null,"expansion":null}],"children":[{"message":"remove the unused imports","code":null,"level":"help","spans":[{"file_name":"rpg-core/src/registry.rs","byte_start":369,"byte_end":391,"line_start":13,"line_end":13,"column_start":22,"column_end":44,"is_primary":true,"text":[{"text":"use crate::package::{Package, PackageKind, PackageMetadata, PackageRef};","highlight_start":22,"highlight_end":44}],"label":null,"suggested_replacement":"","suggestion_applicability":"MachineApplicable","expansion":null}],"children":[],"rendered":null}],"rendered":"\u001b[1m\u001b[33mwarning\u001b[0m\u001b[1m: unused imports: `PackageKind` and `Package`\u001b[0m\n  \u001b[1m\u001b[94m--> \u001b[0mrpg-core/src/registry.rs:13:22\n   \u001b[1m\u001b[94m|\u001b[0m\n\u001b[1m\u001b[94m13\u001b[0m \u001b[1m\u001b[94m|\u001b[0m use crate::package::{Package, PackageKind, PackageMetadata, PackageRef};\n   \u001b[1m\u001b[94m|\u001b[0m                      \u001b[1m\u001b[33m^^^^^^^\u001b[0m  \u001b[1m\u001b[33m^^^^^^^^^^^\u001b[0m\n\n"}
{"$message_type":"diagnostic","message":"unused import: `TransactionKind`","code":{"code":"unused_imports","explanation":null},"level":"warning","spans":[{"file_name":"rpg-core/src/registry.rs","byte_start":460,"byte_end":475,"line_start":14,"line_end":14,"column_start":39,"column_end":54,"is_primary":true,"text":[{"text":"use crate::transaction::{Transaction, TransactionKind};","highlight_start":39,"highlight_end":54}],"label":null,"suggested_replacement":null,"suggestion_applicability":null,"expansion":null}],"children":[{"message":"remove the unused import","code":null,"level":"help","spans":[{"file_name":"rpg-core/src/registry.rs","byte_start":458,"byte_end":475,"line_start":14,"line_end":14,"column_start":37,"column_end":54,"is_primary":true,"text":[{"text":"use crate::transaction::{Transaction, TransactionKind};","highlight_start":37,"highlight_end":54}],"label":null,"suggested_replacement":"","suggestion_applicability":"MachineApplicable","expansion":null},{"file_name":"rpg-core/src/registry.rs","byte_start":446,"byte_end":447,"line_start":14,"line_end":14,"column_start":25,"column_end":26,"is_primary":true,"text":[{"text":"use crate::transaction::{Transaction, TransactionKind};","highlight_start":25,"highlight_end":26}],"label":null,"suggested_replacement":"","suggestion_applicability":"MachineApplicable","expansion":null},{"file_name":"rpg-core/src/registry.rs","byte_start":475,"byte_end":476,"line_start":14,"line_end":14,"column_start":54,"column_end":55,"is_primary":true,"text":[{"text":"use crate::transaction::{Transaction, TransactionKind};","highlight_start":54,"highlight_end":55}],"label":null,"suggested_replacement":"","suggestion_applicability":"MachineApplicable","expansion":null}],"children":[],"rendered":null}],"rendered":"\u001b[1m\u001b[33mwarning\u001b[0m\u001b[1m: unused import: `TransactionKind`\u001b[0m\n  \u001b[1m\u001b[94m--> \u001b[0mrpg-core/src/registry.rs:14:39\n   \u001b[1m\u001b[94m|\u001b[0m\n\u001b[1m\u001b[94m14\u001b[0m \u001b[1m\u001b[94m|\u001b[0m use crate::transaction::{Transaction, TransactionKind};\n   \u001b[1m\u001b[94m|\u001b[0m                                       \u001b[1m\u001b[33m^^^^^^^^^^^^^^^\u001b[0m\n\n"}
{"$message_type":"diagnostic","message":"no function or associated item named `generate` found for struct `ed25519_dalek::SigningKey` in the current scope","code":{"code":"E0599","explanation":"This error occurs when a method is used on a type which doesn't implement it:\n\nErroneous code example:\n\n```compile_fail,E0599\nstruct Mouth;\n\nlet x = Mouth;\nx.chocolate(); // error: no method named `chocolate` found for type `Mouth`\n               //        in the current scope\n```\n\nIn this case, you need to implement the `chocolate` method to fix the error:\n\n```\nstruct Mouth;\n\nimpl Mouth {\n    fn chocolate(&self) { // We implement the `chocolate` method here.\n        println!(\"Hmmm! I love chocolate!\");\n    }\n}\n\nlet x = Mouth;\nx.chocolate(); // ok!\n```\n"},"level":"error","spans":[{"file_name":"rpg-core/src/signature.rs","byte_start":2881,"byte_end":2889,"line_start":99,"line_end":99,"column_start":46,"column_end":54,"is_primary":true,"text":[{"text":"        let signing_key = Ed25519SigningKey::generate(&mut rand::rngs::OsRng);","highlight_start":46,"highlight_end":54}],"label":"function or associated item not found in `ed25519_dalek::SigningKey`","suggested_replacement":null,"suggestion_applicability":null,"expansion":null}],"children":[{"message":"if you're trying to build a new `ed25519_dalek::SigningKey` consider using one of the following associated functions:\ned25519_dalek::SigningKey::from_bytes\ned25519_dalek::SigningKey::from_keypair_bytes","code":null,"level":"note","spans":[{"file_name":"/root/.cargo/registry/src/index.crates.io-1949cf8c6b5b557f/ed25519-dalek-2.2.0/src/signing.rs","byte_start":2855,"byte_end":2904,"line_start":104,"line_end":104,"column_start":5,"column_end":54,"is_primary":true,"text":[{"text":"    pub fn from_bytes(secret_key: &SecretKey) -> Self {","highlight_start":5,"highlight_end":54}],"label":null,"suggested_replacement":null,"suggestion_applicability":null,"expansion":null},{"file_name":"/root/.cargo/registry/src/index.crates.io-1949cf8c6b5b557f/ed25519-dalek-2.2.0/src/signing.rs","byte_start":3969,"byte_end":4050,"line_start":138,"line_end":138,"column_start":5,"column_end":86,"is_primary":true,"text":[{"text":"    pub fn from_keypair_bytes(bytes: &[u8; 64]) -> Result<SigningKey, SignatureError> {","highlight_start":5,"highlight_end":86}],"label":null,"suggested_replacement":null,"suggestion_applicability":null,"expansion":null}],"children":[],"rendered":null}],"rendered":"\u001b[1m\u001b[91merror[E0599]\u001b[0m\u001b[1m: no function or associated item named `generate` found for struct `ed25519_dalek::SigningKey` in the current scope\u001b[0m\n   \u001b[1m\u001b[94m--> \u001b[0mrpg-core/src/signature.rs:99:46\n    \u001b[1m\u001b[94m|\u001b[0m\n\u001b[1m\u001b[94m 99\u001b[0m \u001b[1m\u001b[94m|\u001b[0m         let signing_key = Ed25519SigningKey::generate(&mut rand::rngs::OsRng);\n    \u001b[1m\u001b[94m|\u001b[0m                                              \u001b[1m\u001b[91m^^^^^^^^\u001b[0m \u001b[1m\u001b[91mfunction or associated item not found in `ed25519_dalek::SigningKey`\u001b[0m\n    \u001b[1m\u001b[94m|\u001b[0m\n\u001b[1m\u001b[92mnote\u001b[0m: if you're trying to build a new `ed25519_dalek::SigningKey` consider using one of the following associated functions:\n      ed25519_dalek::SigningKey::from_bytes\n      ed25519_dalek::SigningKey::from_keypair_bytes\n   \u001b[1m\u001b[94m--> \u001b[0m/root/.cargo/registry/src/index.crates.io-1949cf8c6b5b557f/ed25519-dalek-2.2.0/src/signing.rs:104:5\n    \u001b[1m\u001b[94m|\u001b[0m\n\u001b[1m\u001b[94m104\u001b[0m \u001b[1m\u001b[94m|\u001b[0m     pub fn from_bytes(secret_key: &SecretKey) -> Self {\n    \u001b[1m\u001b[94m|\u001b[0m     \u001b[1m\u001b[92m^^^^^^^^^^^^^^^^^^^^^^^^^^^^^^^^^^^^^^^^^^^^^^^^^\u001b[0m\n\u001b[1m\u001b[94m...\u001b[0m\n\u001b[1m\u001b[94m138\u001b[0m \u001b[1m\u001b[94m|\u001b[0m     pub fn from_keypair_bytes(bytes: &[u8; 64]) -> Result<SigningKey, SignatureError> {\n    \u001b[1m\u001b[94m|\u001b[0m     \u001b[1m\u001b[92m^^^^^^^^^^^^^^^^^^^^^^^^^^^^^^^^^^^^^^^^^^^^^^^^^^^^^^^^^^^^^^^^^^^^^^^^^^^^^^^^^\u001b[0m\n\n"}
{"$message_type":"diagnostic","message":"the trait bound `[u8; 32]: TryFrom<&[u8; 32]>` is not satisfied","code":{"code":"E0277","explanation":"You tried to use a type which doesn't implement some trait in a place which\nexpected that trait.\n\nErroneous code example:\n\n```compile_fail,E0277\n// here we declare the Foo trait with a bar method\ntrait Foo {\n    fn bar(&self);\n}\n\n// we now declare a function which takes an object implementing the Foo trait\nfn some_func<T: Foo>(foo: T) {\n    foo.bar();\n}\n\nfn main() {\n    // we now call the method with the i32 type, which doesn't implement\n    // the Foo trait\n    some_func(5i32); // error: the trait bound `i32 : Foo` is not satisfied\n}\n```\n\nIn order to fix this error, verify that the type you're using does implement\nthe trait. Example:\n\n```\ntrait Foo {\n    fn bar(&self);\n}\n\n// we implement the trait on the i32 type\nimpl Foo for i32 {\n    fn bar(&self) {}\n}\n\nfn some_func<T: Foo>(foo: T) {\n    foo.bar(); // we can now use this method since i32 implements the\n               // Foo trait\n}\n\nfn main() {\n    some_func(5i32); // ok!\n}\n```\n\nOr in a generic context, an erroneous code example would look like:\n\n```compile_fail,E0277\nfn some_func<T>(foo: T) {\n    println!(\"{:?}\", foo); // error: the trait `core::fmt::Debug` is not\n                           //        implemented for the type `T`\n}\n\nfn main() {\n    // We now call the method with the i32 type,\n    // which *does* implement the Debug trait.\n    some_func(5i32);\n}\n```\n\nNote that the error here is in the definition of the generic function. Although\nwe only call it with a parameter that does implement `Debug`, the compiler\nstill rejects the function. It must work with all possible input types. In\norder to make this example compile, we need to restrict the generic type we're\naccepting:\n\n```\nuse std::fmt;\n\n// Restrict the input type to types that implement Debug.\nfn some_func<T: fmt::Debug>(foo: T) {\n    println!(\"{:?}\", foo);\n}\n\nfn main() {\n    // Calling the method is still fine, as i32 implements Debug.\n    some_func(5i32);\n\n    // This would fail to compile now:\n    // struct WithoutDebug;\n    // some_func(WithoutDebug);\n}\n```\n\nRust only looks at the signature of the called function, as such it must\nalready specify all requirements that will be used for every type parameter.\n"},"level":"error","spans":[{"file_name":"rpg-core/src/signature.rs","byte_start":7548,"byte_end":7556,"line_start":244,"line_end":244,"column_start":36,"column_end":44,"is_primary":true,"text":[{"text":"        self.public_key.as_bytes().try_into().unwrap()","highlight_start":36,"highlight_end":44}],"label":"the trait `From<&[u8; 32]>` is not implemented for `[u8; 32]`","suggested_replacement":null,"suggestion_applicability":null,"expansion":null}],"children":[{"message":"the following other types implement trait `From<T>`:\n  `&[u32; 4]` implements `From<&ppv_lite86::x86_64::vec128_storage>`\n  `[T; 1]` implements `From<(T,)>`\n  `[T; 1]` implements `From<GenericArray<T, UInt<UTerm, B1>>>`\n  `[u128; 1]` implements `From<ppv_lite86::x86_64::vec128_storage>`\n  `[T; 2]` implements `From<(T, T)>`\n  `[T; 2]` implements `From<GenericArray<T, UInt<UInt<UTerm, B1>, B0>>>`\n  `[u128; 2]` implements `From<ppv_lite86::x86_64::vec256_storage>`\n  `[u64; 2]` implements `From<ppv_lite86::x86_64::vec128_storage>`\nand 108 others","code":null,"level":"help","spans":[],"children":[],"rendered":null},{"message":"required for `&[u8; 32]` to implement `Into<[u8; 32]>`","code":null,"level":"note","spans":[],"children":[],"rendered":null},{"message":"required for `[u8; 32]` to implement `TryFrom<&[u8; 32]>`","code":null,"level":"note","spans":[],"children":[],"rendered":null},{"message":"required for `&[u8; 32]` to implement `TryInto<[u8; 32]>`","code":null,"level":"note","spans":[],"children":[],"rendered":null},{"message":"the full name for the type has been written to '/var/www/rustux.com/prod/rustica/update-system/target/debug/deps/rpg_core-1516a41524e5ea82.long-type-17431774827042611580.txt'","code":null,"level":"note","spans":[],"children":[],"rendered":null},{"message":"consider using `--verbose` to print the full type name to the console","code":null,"level":"note","spans":[],"children":[],"rendered":null}],"rendered":"\u001b[1m\u001b[91merror[E0277]\u001b[0m\u001b[1m: the trait bound `[u8; 32]: TryFrom<&[u8; 32]>` is not satisfied\u001b[0m\n   \u001b[1m\u001b[94m--> \u001b[0mrpg-core/src/signature.rs:244:36\n    \u001b[1m\u001b[94m|\u001b[0m\n\u001b[1m\u001b[94m244\u001b[0m \u001b[1m\u001b[94m|\u001b[0m         self.public_key.as_bytes().try_into().unwrap()\n    \u001b[1m\u001b[94m|\u001b[0m                                    \u001b[1m\u001b[91m^^^^^^^^\u001b[0m \u001b[1m\u001b[91mthe trait `From<&[u8; 32]>` is not implemented for `[u8; 32]`\u001b[0m\n    \u001b[1m\u001b[94m|\u001b[0m\n    \u001b[1m\u001b[94m= \u001b[0m\u001b[1mhelp\u001b[0m: the following other types implement trait `From<T>`:\n              `&[u32; 4]` implements `From<&ppv_lite86::x86_64::vec128_storage>`\n              `[T; 1]` implements `From<(T,)>`\n              `[T; 1]` implements `From<GenericArray<T, UInt<UTerm, B1>>>`\n              `[u128; 1]` implements `From<ppv_lite86::x86_64::vec128_storage>`\n              `[T; 2]` implements `From<(T, T)>`\n              `[T; 2]` implements `From<GenericArray<T, UInt<UInt<UTerm, B1>, B0>>>`\n              `[u128; 2]` implements `From<ppv_lite86::x86_64::vec256_storage>`\n              `[u64; 2]` implements `From<ppv_lite86::x86_64::vec128_storage>`\n            and 108 others\n    \u001b[1m\u001b[94m= \u001b[0m\u001b[1mnote\u001b[0m: required for `&[u8; 32]` to implement `Into<[u8; 32]>`\n    \u001b[1m\u001b[94m= \u001b[0m\u001b[1mnote\u001b[0m: required for `[u8; 32]` to implement `TryFrom<&[u8; 32]>`\n    \u001b[1m\u001b[94m= \u001b[0m\u001b[1mnote\u001b[0m: required for `&[u8; 32]` to implement `TryInto<[u8; 32]>`\n    \u001b[1m\u001b[94m= \u001b[0m\u001b[1mnote\u001b[0m: the full name for the type has been written to '/var/www/rustux.com/prod/rustica/update-system/target/debug/deps/rpg_core-1516a41524e5ea82.long-type-17431774827042611580.txt'\n    \u001b[1m\u001b[94m= \u001b[0m\u001b[1mnote\u001b[0m: consider using `--verbose` to print the full type name to the console\n\n"}
{"$message_type":"diagnostic","message":"mismatched types","code":{"code":"E0308","explanation":"Expected type did not match the received type.\n\nErroneous code examples:\n\n```compile_fail,E0308\nfn plus_one(x: i32) -> i32 {\n    x + 1\n}\n\nplus_one(\"Not a number\");\n//       ^^^^^^^^^^^^^^ expected `i32`, found `&str`\n\nif \"Not a bool\" {\n// ^^^^^^^^^^^^ expected `bool`, found `&str`\n}\n\nlet x: f32 = \"Not a float\";\n//     ---   ^^^^^^^^^^^^^ expected `f32`, found `&str`\n//     |\n//     expected due to this\n```\n\nThis error occurs when an expression was used in a place where the compiler\nexpected an expression of a different type. It can occur in several cases, the\nmost common being when calling a function and passing an argument which has a\ndifferent type than the matching type in the function declaration.\n"},"level":"error","spans":[{"file_name":"rpg-core/src/transaction.rs","byte_start":5920,"byte_end":5931,"line_start":195,"line_end":195,"column_start":68,"column_end":79,"is_primary":true,"text":[{"text":"                let app_path = layout.version_path(package.name(), version_str);","highlight_start":68,"highlight_end":79}],"label":"expected `&str`, found `String`","suggested_replacement":null,"suggestion_applicability":null,"expansion":null},{"file_name":"rpg-core/src/transaction.rs","byte_start":5891,"byte_end":5903,"line_start":195,"line_end":195,"column_start":39,"column_end":51,"is_primary":false,"text":[{"text":"                let app_path = layout.version_path(package.name(), version_str);","highlight_start":39,"highlight_end":51}],"label":"arguments to this method are incorrect","suggested_replacement":null,"suggestion_applicability":null,"expansion":null}],"children":[{"message":"method defined here","code":null,"level":"note","spans":[{"file_name":"rpg-core/src/layout.rs","byte_start":4755,"byte_end":4768,"line_start":173,"line_end":173,"column_start":48,"column_end":61,"is_primary":false,"text":[{"text":"    pub fn version_path(&self, app_name: &str, version: &str) -> PathBuf {","highlight_start":48,"highlight_end":61}],"label":"","suggested_replacement":null,"suggestion_applicability":null,"expansion":null},{"file_name":"rpg-core/src/layout.rs","byte_start":4719,"byte_end":4731,"line_start":173,"line_end":173,"column_start":12,"column_end":24,"is_primary":true,"text":[{"text":"    pub fn version_path(&self, app_name: &str, version: &str) -> PathBuf {","highlight_start":12,"highlight_end":24}],"label":null,"suggested_replacement":null,"suggestion_applicability":null,"expansion":null}],"children":[],"rendered":null},{"message":"consider borrowing here","code":null,"level":"help","spans":[{"file_name":"rpg-core/src/transaction.rs","byte_start":5920,"byte_end":5920,"line_start":195,"line_end":195,"column_start":68,"column_end":68,"is_primary":true,"text":[{"text":"                let app_path = layout.version_path(package.name(), version_str);","highlight_start":68,"highlight_end":68}],"label":null,"suggested_replacement":"&","suggestion_applicability":"MachineApplicable","expansion":null}],"children":[],"rendered":null}],"rendered":"\u001b[1m\u001b[91merror[E0308]\u001b[0m\u001b[1m: mismatched types\u001b[0m\n   \u001b[1m\u001b[94m--> \u001b[0mrpg-core/src/transaction.rs:195:68\n    \u001b[1m\u001b[94m|\u001b[0m\n\u001b[1m\u001b[94m195\u001b[0m \u001b[1m\u001b[94m|\u001b[0m                 let app_path = layout.version_path(package.name(), version_str);\n    \u001b[1m\u001b[94m|\u001b[0m                                       \u001b[1m\u001b[94m------------\u001b[0m                 \u001b[1m\u001b[91m^^^^^^^^^^^\u001b[0m \u001b[1m\u001b[91mexpected `&str`, found `String`\u001b[0m\n    \u001b[1m\u001b[94m|\u001b[0m                                       \u001b[1m\u001b[94m|\u001b[0m\n    \u001b[1m\u001b[94m|\u001b[0m                                       \u001b[1m\u001b[94marguments to this method are incorrect\u001b[0m\n    \u001b[1m\u001b[94m|\u001b[0m\n\u001b[1m\u001b[92mnote\u001b[0m: method defined here\n   \u001b[1m\u001b[94m--> \u001b[0mrpg-core/src/layout.rs:173:12\n    \u001b[1m\u001b[94m|\u001b[0m\n\u001b[1m\u001b[94m173\u001b[0m \u001b[1m\u001b[94m|\u001b[0m     pub fn version_path(&self, app_name: &str, version: &str) -> PathBuf {\n    \u001b[1m\u001b[94m|\u001b[0m            \u001b[1m\u001b[92m^^^^^^^^^^^^\u001b[0m                        \u001b[1m\u001b[94m-------------\u001b[0m\n\u001b[1m\u001b[96mhelp\u001b[0m: consider borrowing here\n    \u001b[1m\u001b[94m|\u001b[0m\n\u001b[1m\u001b[94m195\u001b[0m \u001b[1m\u001b[94m| \u001b[0m                let app_path = layout.version_path(package.name(), \u001b[92m&\u001b[0mversion_str);\n    \u001b[1m\u001b[94m|\u001b[0m                                                                    \u001b[92m+\u001b[0m\n\n"}
{"$message_type":"diagnostic","message":"mismatched types","code":{"code":"E0308","explanation":"Expected type did not match the received type.\n\nErroneous code examples:\n\n```compile_fail,E0308\nfn plus_one(x: i32) -> i32 {\n    x + 1\n}\n\nplus_one(\"Not a number\");\n//       ^^^^^^^^^^^^^^ expected `i32`, found `&str`\n\nif \"Not a bool\" {\n// ^^^^^^^^^^^^ expected `bool`, found `&str`\n}\n\nlet x: f32 = \"Not a float\";\n//     ---   ^^^^^^^^^^^^^ expected `f32`, found `&str`\n//     |\n//     expected due to this\n```\n\nThis error occurs when an expression was used in a place where the compiler\nexpected an expression of a different type. It can occur in several cases, the\nmost common being when calling a function and passing an argument which has a\ndifferent type than the matching type in the function declaration.\n"},"level":"error","spans":[{"file_name":"rpg-core/src/transaction.rs","byte_start":6262,"byte_end":6273,"line_start":204,"line_end":204,"column_start":74,"column_end":85,"is_primary":true,"text":[{"text":"                let metadata_path = layout.metadata_path(package.name(), version_str);","highlight_start":74,"highlight_end":85}],"label":"expected `&str`, found `String`","suggested_replacement":null,"suggestion_applicability":null,"expansion":null},{"file_name":"rpg-core/src/transaction.rs","byte_start":6232,"byte_end":6245,"line_start":204,"line_end":204,"column_start":44,"column_end":57,"is_primary":false,"text":[{"text":"                let metadata_path = layout.metadata_path(package.name(), version_str);","highlight_start":44,"highlight_end":57}],"label":"arguments to this method are incorrect","suggested_replacement":null,"suggestion_applicability":null,"expansion":null}],"children":[{"message":"method defined here","code":null,"level":"note","spans":[{"file_name":"rpg-core/src/layout.rs","byte_start":5106,"byte_end":5119,"line_start":183,"line_end":183,"column_start":49,"column_end":62,"is_primary":false,"text":[{"text":"    pub fn metadata_path(&self, app_name: &str, version: &str) -> PathBuf {","highlight_start":49,"highlight_end":62}],"label":"","suggested_replacement":null,"suggestion_applicability":null,"expansion":null},{"file_name":"rpg-core/src/layout.rs","byte_start":5069,"byte_end":5082,"line_start":183,"line_end":183,"column_start":12,"column_end":25,"is_primary":true,"text":[{"text":"    pub fn metadata_path(&self, app_name: &str, version: &str) -> PathBuf {","highlight_start":12,"highlight_end":25}],"label":null,"suggested_replacement":null,"suggestion_applicability":null,"expansion":null}],"children":[],"rendered":null},{"message":"consider borrowing here","code":null,"level":"help","spans":[{"file_name":"rpg-core/src/transaction.rs","byte_start":6262,"byte_end":6262,"line_start":204,"line_end":204,"column_start":74,"column_end":74,"is_primary":true,"text":[{"text":"                let metadata_path = layout.metadata_path(package.name(), version_str);","highlight_start":74,"highlight_end":74}],"label":null,"suggested_replacement":"&","suggestion_applicability":"MachineApplicable","expansion":null}],"children":[],"rendered":null}],"rendered":"\u001b[1m\u001b[91merror[E0308]\u001b[0m\u001b[1m: mismatched types\u001b[0m\n   \u001b[1m\u001b[94m--> \u001b[0mrpg-core/src/transaction.rs:204:74\n    \u001b[1m\u001b[94m|\u001b[0m\n\u001b[1m\u001b[94m204\u001b[0m \u001b[1m\u001b[94m|\u001b[0m                 let metadata_path = layout.metadata_path(package.name(), version_str);\n    \u001b[1m\u001b[94m|\u001b[0m                                            \u001b[1m\u001b[94m-------------\u001b[0m                 \u001b[1m\u001b[91m^^^^^^^^^^^\u001b[0m \u001b[1m\u001b[91mexpected `&str`, found `String`\u001b[0m\n    \u001b[1m\u001b[94m|\u001b[0m                                            \u001b[1m\u001b[94m|\u001b[0m\n    \u001b[1m\u001b[94m|\u001b[0m                                            \u001b[1m\u001b[94marguments to this method are incorrect\u001b[0m\n    \u001b[1m\u001b[94m|\u001b[0m\n\u001b[1m\u001b[92mnote\u001b[0m: method defined here\n   \u001b[1m\u001b[94m--> \u001b[0mrpg-core/src/layout.rs:183:12\n    \u001b[1m\u001b[94m|\u001b[0m\n\u001b[1m\u001b[94m183\u001b[0m \u001b[1m\u001b[94m|\u001b[0m     pub fn metadata_path(&self, app_name: &str, version: &str) -> PathBuf {\n    \u001b[1m\u001b[94m|\u001b[0m            \u001b[1m\u001b[92m^^^^^^^^^^^^^\u001b[0m                        \u001b[1m\u001b[94m-------------\u001b[0m\n\u001b[1m\u001b[96mhelp\u001b[0m: consider borrowing here\n    \u001b[1m\u001b[94m|\u001b[0m\n\u001b[1m\u001b[94m204\u001b[0m \u001b[1m\u001b[94m| \u001b[0m                let metadata_path = layout.metadata_path(package.name(), \u001b[92m&\u001b[0mversion_str);\n    \u001b[1m\u001b[94m|\u001b[0m                                                                          \u001b[92m+\u001b[0m\n\n"}
{"$message_type":"diagnostic","message":"`?` couldn't convert the error to `Error`","code":{"code":"E0277","explanation":"You tried to use a type which doesn't implement some trait in a place which\nexpected that trait.\n\nErroneous code example:\n\n```compile_fail,E0277\n// here we declare the Foo trait with a bar method\ntrait Foo {\n    fn bar(&self);\n}\n\n// we now declare a function which takes an object implementing the Foo trait\nfn some_func<T: Foo>(foo: T) {\n    foo.bar();\n}\n\nfn main() {\n    // we now call the method with the i32 type, which doesn't implement\n    // the Foo trait\n    some_func(5i32); // error: the trait bound `i32 : Foo` is not satisfied\n}\n```\n\nIn order to fix this error, verify that the type you're using does implement\nthe trait. Example:\n\n```\ntrait Foo {\n    fn bar(&self);\n}\n\n// we implement the trait on the i32 type\nimpl Foo for i32 {\n    fn bar(&self) {}\n}\n\nfn some_func<T: Foo>(foo: T) {\n    foo.bar(); // we can now use this method since i32 implements the\n               // Foo trait\n}\n\nfn main() {\n    some_func(5i32); // ok!\n}\n```\n\nOr in a generic context, an erroneous code example would look like:\n\n```compile_fail,E0277\nfn some_func<T>(foo: T) {\n    println!(\"{:?}\", foo); // error: the trait `core::fmt::Debug` is not\n                           //        implemented for the type `T`\n}\n\nfn main() {\n    // We now call the method with the i32 type,\n    // which *does* implement the Debug trait.\n    some_func(5i32);\n}\n```\n\nNote that the error here is in the definition of the generic function. Although\nwe only call it with a parameter that does implement `Debug`, the compiler\nstill rejects the function. It must work with all possible input types. In\norder to make this example compile, we need to restrict the generic type we're\naccepting:\n\n```\nuse std::fmt;\n\n// Restrict the input type to types that implement Debug.\nfn some_func<T: fmt::Debug>(foo: T) {\n    println!(\"{:?}\", foo);\n}\n\nfn main() {\n    // Calling the method is still fine, as i32 implements Debug.\n    some_func(5i32);\n\n    // This would fail to compile now:\n    // struct WithoutDebug;\n    // some_func(WithoutDebug);\n}\n```\n\nRust only looks at the signature of the called function, as such it must\nalready specify all requirements that will be used for every type parameter.\n"},"level":"error","spans":[{"file_name":"rpg-core/src/transaction.rs","byte_start":6313,"byte_end":6360,"line_start":205,"line_end":205,"column_start":37,"column_end":84,"is_primary":false,"text":[{"text":"                let metadata_json = serde_json::to_string_pretty(&package.metadata)?;","highlight_start":37,"highlight_end":84}],"label":"this can't be annotated with `?` because it has type `Result<_, serde_json::Error>`","suggested_replacement":null,"suggestion_applicability":null,"expansion":null},{"file_name":"rpg-core/src/transaction.rs","byte_start":6360,"byte_end":6361,"line_start":205,"line_end":205,"column_start":84,"column_end":85,"is_primary":true,"text":[{"text":"                let metadata_json = serde_json::to_string_pretty(&package.metadata)?;","highlight_start":84,"highlight_end":85}],"label":"the trait `From<serde_json::Error>` is not implemented for `Error`","suggested_replacement":null,"suggestion_applicability":null,"expansion":{"span":{"file_name":"rpg-core/src/transaction.rs","byte_start":6360,"byte_end":6361,"line_start":205,"line_end":205,"column_start":84,"column_end":85,"is_primary":false,"text":[{"text":"                let metadata_json = serde_json::to_string_pretty(&package.metadata)?;","highlight_start":84,"highlight_end":85}],"label":null,"suggested_replacement":null,"suggestion_applicability":null,"expansion":null},"macro_decl_name":"desugaring of operator `?`","def_site_span":{"file_name":"rpg-core/src/lib.rs","byte_start":0,"byte_end":0,"line_start":1,"line_end":1,"column_start":1,"column_end":1,"is_primary":false,"text":[],"label":null,"suggested_replacement":null,"suggestion_applicability":null,"expansion":null}}}],"children":[{"message":"`Error` needs to implement `From<serde_json::Error>`","code":null,"level":"note","spans":[{"file_name":"rpg-core/src/lib.rs","byte_start":1886,"byte_end":1900,"line_start":57,"line_end":57,"column_start":1,"column_end":15,"is_primary":true,"text":[{"text":"pub enum Error {","highlight_start":1,"highlight_end":15}],"label":null,"suggested_replacement":null,"suggestion_applicability":null,"expansion":null}],"children":[],"rendered":null},{"message":"the question mark operation (`?`) implicitly performs a conversion on the error value using the `From` trait","code":null,"level":"note","spans":[],"children":[],"rendered":null},{"message":"the trait `From<serde_json::Error>` is not implemented for `Error`\nbut trait `From<std::io::Error>` is implemented for it","code":null,"level":"help","spans":[{"file_name":"rpg-core/src/lib.rs","byte_start":1962,"byte_end":1969,"line_start":60,"line_end":60,"column_start":8,"column_end":15,"is_primary":true,"text":[{"text":"    Io(#[from] std::io::Error),","highlight_start":8,"highlight_end":15}],"label":null,"suggested_replacement":null,"suggestion_applicability":null,"expansion":null}],"children":[],"rendered":null},{"message":"for that trait implementation, expected `std::io::Error`, found `serde_json::Error`","code":null,"level":"help","spans":[],"children":[],"rendered":null}],"rendered":"\u001b[1m\u001b[91merror[E0277]\u001b[0m\u001b[1m: `?` couldn't convert the error to `Error`\u001b[0m\n   \u001b[1m\u001b[94m--> \u001b[0mrpg-core/src/transaction.rs:205:84\n    \u001b[1m\u001b[94m|\u001b[0m\n\u001b[1m\u001b[94m205\u001b[0m \u001b[1m\u001b[94m|\u001b[0m                 let metadata_json = serde_json::to_string_pretty(&package.metadata)?;\n    \u001b[1m\u001b[94m|\u001b[0m                                     \u001b[1m\u001b[94m-----------------------------------------------\u001b[0m\u001b[1m\u001b[91m^\u001b[0m \u001b[1m\u001b[91mthe trait `From<serde_json::Error>` is not implemented for `Error`\u001b[0m\n    \u001b[1m\u001b[94m|\u001b[0m                                     \u001b[1m\u001b[94m|\u001b[0m\n    \u001b[1m\u001b[94m|\u001b[0m                                     \u001b[1m\u001b[94mthis can't be annotated with `?` because it has type `Result<_, serde_json::Error>`\u001b[0m\n    \u001b[1m\u001b[94m|\u001b[0m\n\u001b[1m\u001b[92mnote\u001b[0m: `Error` needs to implement `From<serde_json::Error>`\n   \u001b[1m\u001b[94m--> \u001b[0mrpg-core/src/lib.rs:57:1\n    \u001b[1m\u001b[94m|\u001b[0m\n\u001b[1m\u001b[94m 57\u001b[0m \u001b[1m\u001b[94m|\u001b[0m pub enum Error {\n    \u001b[1m\u001b[94m|\u001b[0m \u001b[1m\u001b[92m^^^^^^^^^^^^^^\u001b[0m\n    \u001b[1m\u001b[94m= \u001b[0m\u001b[1mnote\u001b[0m: the question mark operation (`?`) implicitly performs a conversion on the error value using the `From` trait\n\u001b[1m\u001b[96mhelp\u001b[0m: the trait `From<\u001b[1m\u001b[35mserde_json::Error\u001b[0m>` \u001b[1m\u001b[35mis not\u001b[0m implemented for `Error`\n      but trait `From<\u001b[1m\u001b[35mstd::io::Error\u001b[0m>` \u001b[1m\u001b[35mis\u001b[0m implemented for it\n   \u001b[1m\u001b[94m--> \u001b[0mrpg-core/src/lib.rs:60:8\n    \u001b[1m\u001b[94m|\u001b[0m\n\u001b[1m\u001b[94m 60\u001b[0m \u001b[1m\u001b[94m|\u001b[0m     Io(#[from] std::io::Error),\n    \u001b[1m\u001b[94m|\u001b[0m        \u001b[1m\u001b[96m^^^^^^^\u001b[0m\n    \u001b[1m\u001b[94m= \u001b[0m\u001b[1mhelp\u001b[0m: for that trait implementation, expected `\u001b[1m\u001b[35mstd::io::Error\u001b[0m`, found `\u001b[1m\u001b[35mserde_json::Error\u001b[0m`\n\n"}
{"$message_type":"diagnostic","message":"`?` couldn't convert the error to `Error`","code":{"code":"E0277","explanation":"You tried to use a type which doesn't implement some trait in a place which\nexpected that trait.\n\nErroneous code example:\n\n```compile_fail,E0277\n// here we declare the Foo trait with a bar method\ntrait Foo {\n    fn bar(&self);\n}\n\n// we now declare a function which takes an object implementing the Foo trait\nfn some_func<T: Foo>(foo: T) {\n    foo.bar();\n}\n\nfn main() {\n    // we now call the method with the i32 type, which doesn't implement\n    // the Foo trait\n    some_func(5i32); // error: the trait bound `i32 : Foo` is not satisfied\n}\n```\n\nIn order to fix this error, verify that the type you're using does implement\nthe trait. Example:\n\n```\ntrait Foo {\n    fn bar(&self);\n}\n\n// we implement the trait on the i32 type\nimpl Foo for i32 {\n    fn bar(&self) {}\n}\n\nfn some_func<T: Foo>(foo: T) {\n    foo.bar(); // we can now use this method since i32 implements the\n               // Foo trait\n}\n\nfn main() {\n    some_func(5i32); // ok!\n}\n```\n\nOr in a generic context, an erroneous code example would look like:\n\n```compile_fail,E0277\nfn some_func<T>(foo: T) {\n    println!(\"{:?}\", foo); // error: the trait `core::fmt::Debug` is not\n                           //        implemented for the type `T`\n}\n\nfn main() {\n    // We now call the method with the i32 type,\n    // which *does* implement the Debug trait.\n    some_func(5i32);\n}\n```\n\nNote that the error here is in the definition of the generic function. Although\nwe only call it with a parameter that does implement `Debug`, the compiler\nstill rejects the function. It must work with all possible input types. In\norder to make this example compile, we need to restrict the generic type we're\naccepting:\n\n```\nuse std::fmt;\n\n// Restrict the input type to types that implement Debug.\nfn some_func<T: fmt::Debug>(foo: T) {\n    println!(\"{:?}\", foo);\n}\n\nfn main() {\n    // Calling the method is still fine, as i32 implements Debug.\n    some_func(5i32);\n\n    // This would fail to compile now:\n    // struct WithoutDebug;\n    // some_func(WithoutDebug);\n}\n```\n\nRust only looks at the signature of the called function, as such it must\nalready specify all requirements that will be used for every type parameter.\n"},"level":"error","spans":[{"file_name":"rpg-core/src/transaction.rs","byte_start":7800,"byte_end":7847,"line_start":236,"line_end":236,"column_start":37,"column_end":84,"is_primary":false,"text":[{"text":"                let metadata_json = serde_json::to_string_pretty(&package.metadata)?;","highlight_start":37,"highlight_end":84}],"label":"this can't be annotated with `?` because it has type `Result<_, serde_json::Error>`","suggested_replacement":null,"suggestion_applicability":null,"expansion":null},{"file_name":"rpg-core/src/transaction.rs","byte_start":7847,"byte_end":7848,"line_start":236,"line_end":236,"column_start":84,"column_end":85,"is_primary":true,"text":[{"text":"                let metadata_json = serde_json::to_string_pretty(&package.metadata)?;","highlight_start":84,"highlight_end":85}],"label":"the trait `From<serde_json::Error>` is not implemented for `Error`","suggested_replacement":null,"suggestion_applicability":null,"expansion":{"span":{"file_name":"rpg-core/src/transaction.rs","byte_start":7847,"byte_end":7848,"line_start":236,"line_end":236,"column_start":84,"column_end":85,"is_primary":false,"text":[{"text":"                let metadata_json = serde_json::to_string_pretty(&package.metadata)?;","highlight_start":84,"highlight_end":85}],"label":null,"suggested_replacement":null,"suggestion_applicability":null,"expansion":null},"macro_decl_name":"desugaring of operator `?`","def_site_span":{"file_name":"rpg-core/src/lib.rs","byte_start":0,"byte_end":0,"line_start":1,"line_end":1,"column_start":1,"column_end":1,"is_primary":false,"text":[],"label":null,"suggested_replacement":null,"suggestion_applicability":null,"expansion":null}}}],"children":[{"message":"`Error` needs to implement `From<serde_json::Error>`","code":null,"level":"note","spans":[{"file_name":"rpg-core/src/lib.rs","byte_start":1886,"byte_end":1900,"line_start":57,"line_end":57,"column_start":1,"column_end":15,"is_primary":true,"text":[{"text":"pub enum Error {","highlight_start":1,"highlight_end":15}],"label":null,"suggested_replacement":null,"suggestion_applicability":null,"expansion":null}],"children":[],"rendered":null},{"message":"the question mark operation (`?`) implicitly performs a conversion on the error value using the `From` trait","code":null,"level":"note","spans":[],"children":[],"rendered":null},{"message":"the trait `From<serde_json::Error>` is not implemented for `Error`\nbut trait `From<std::io::Error>` is implemented for it","code":null,"level":"help","spans":[{"file_name":"rpg-core/src/lib.rs","byte_start":1962,"byte_end":1969,"line_start":60,"line_end":60,"column_start":8,"column_end":15,"is_primary":true,"text":[{"text":"    Io(#[from] std::io::Error),","highlight_start":8,"highlight_end":15}],"label":null,"suggested_replacement":null,"suggestion_applicability":null,"expansion":null}],"children":[],"rendered":null},{"message":"for that trait implementation, expected `std::io::Error`, found `serde_json::Error`","code":null,"level":"help","spans":[],"children":[],"rendered":null}],"rendered":"\u001b[1m\u001b[91merror[E0277]\u001b[0m\u001b[1m: `?` couldn't convert the error to `Error`\u001b[0m\n   \u001b[1m\u001b[94m--> \u001b[0mrpg-core/src/transaction.rs:236:84\n    \u001b[1m\u001b[94m|\u001b[0m\n\u001b[1m\u001b[94m236\u001b[0m \u001b[1m\u001b[94m|\u001b[0m                 let metadata_json = serde_json::to_string_pretty(&package.metadata)?;\n    \u001b[1m\u001b[94m|\u001b[0m                                     \u001b[1m\u001b[94m-----------------------------------------------\u001b[0m\u001b[1m\u001b[91m^\u001b[0m \u001b[1m\u001b[91mthe trait `From<serde_json::Error>` is not implemented for `Error`\u001b[0m\n    \u001b[1m\u001b[94m|\u001b[0m                                     \u001b[1m\u001b[94m|\u001b[0m\n    \u001b[1m\u001b[94m|\u001b[0m                                     \u001b[1m\u001b[94mthis can't be annotated with `?` because it has type `Result<_, serde_json::Error>`\u001b[0m\n    \u001b[1m\u001b[94m|\u001b[0m\n\u001b[1m\u001b[92mnote\u001b[0m: `Error` needs to implement `From<serde_json::Error>`\n   \u001b[1m\u001b[94m--> \u001b[0mrpg-core/src/lib.rs:57:1\n    \u001b[1m\u001b[94m|\u001b[0m\n\u001b[1m\u001b[94m 57\u001b[0m \u001b[1m\u001b[94m|\u001b[0m pub enum Error {\n    \u001b[1m\u001b[94m|\u001b[0m \u001b[1m\u001b[92m^^^^^^^^^^^^^^\u001b[0m\n    \u001b[1m\u001b[94m= \u001b[0m\u001b[1mnote\u001b[0m: the question mark operation (`?`) implicitly performs a conversion on the error value using the `From` trait\n\u001b[1m\u001b[96mhelp\u001b[0m: the trait `From<\u001b[1m\u001b[35mserde_json::Error\u001b[0m>` \u001b[1m\u001b[35mis not\u001b[0m implemented for `Error`\n      but trait `From<\u001b[1m\u001b[35mstd::io::Error\u001b[0m>` \u001b[1m\u001b[35mis\u001b[0m implemented for it\n   \u001b[1m\u001b[94m--> \u001b[0mrpg-core/src/lib.rs:60:8\n    \u001b[1m\u001b[94m|\u001b[0m\n\u001b[1m\u001b[94m 60\u001b[0m \u001b[1m\u001b[94m|\u001b[0m     Io(#[from] std::io::Error),\n    \u001b[1m\u001b[94m|\u001b[0m        \u001b[1m\u001b[96m^^^^^^^\u001b[0m\n    \u001b[1m\u001b[94m= \u001b[0m\u001b[1mhelp\u001b[0m: for that trait implementation, expected `\u001b[1m\u001b[35mstd::io::Error\u001b[0m`, found `\u001b[1m\u001b[35mserde_json::Error\u001b[0m`\n\n"}
{"$message_type":"diagnostic","message":"mismatched types","code":{"code":"E0308","explanation":"Expected type did not match the received type.\n\nErroneous code examples:\n\n```compile_fail,E0308\nfn plus_one(x: i32) -> i32 {\n    x + 1\n}\n\nplus_one(\"Not a number\");\n//       ^^^^^^^^^^^^^^ expected `i32`, found `&str`\n\nif \"Not a bool\" {\n// ^^^^^^^^^^^^ expected `bool`, found `&str`\n}\n\nlet x: f32 = \"Not a float\";\n//     ---   ^^^^^^^^^^^^^ expected `f32`, found `&str`\n//     |\n//     expected due to this\n```\n\nThis error occurs when an expression was used in a place where the compiler\nexpected an expression of a different type. It can occur in several cases, the\nmost common being when calling a function and passing an argument which has a\ndifferent type than the matching type in the function declaration.\n"},"level":"error","spans":[{"file_name":"rpg-core/src/transaction.rs","byte_start":10139,"byte_end":10165,"line_start":298,"line_end":298,"column_start":72,"column_end":98,"is_primary":true,"text":[{"text":"                let version_path = layout.version_path(package.name(), package.version().as_str());","highlight_start":72,"highlight_end":98}],"label":"expected `&str`, found `String`","suggested_replacement":null,"suggestion_applicability":null,"expansion":null},{"file_name":"rpg-core/src/transaction.rs","byte_start":10110,"byte_end":10122,"line_start":298,"line_end":298,"column_start":43,"column_end":55,"is_primary":false,"text":[{"text":"                let version_path = layout.version_path(package.name(), package.version().as_str());","highlight_start":43,"highlight_end":55}],"label":"arguments to this method are incorrect","suggested_replacement":null,"suggestion_applicability":null,"expansion":null}],"children":[{"message":"method defined here","code":null,"level":"note","spans":[{"file_name":"rpg-core/src/layout.rs","byte_start":4755,"byte_end":4768,"line_start":173,"line_end":173,"column_start":48,"column_end":61,"is_primary":false,"text":[{"text":"    pub fn version_path(&self, app_name: &str, version: &str) -> PathBuf {","highlight_start":48,"highlight_end":61}],"label":"","suggested_replacement":null,"suggestion_applicability":null,"expansion":null},{"file_name":"rpg-core/src/layout.rs","byte_start":4719,"byte_end":4731,"line_start":173,"line_end":173,"column_start":12,"column_end":24,"is_primary":true,"text":[{"text":"    pub fn version_path(&self, app_name: &str, version: &str) -> PathBuf {","highlight_start":12,"highlight_end":24}],"label":null,"suggested_replacement":null,"suggestion_applicability":null,"expansion":null}],"children":[],"rendered":null},{"message":"consider borrowing here","code":null,"level":"help","spans":[{"file_name":"rpg-core/src/transaction.rs","byte_start":10139,"byte_end":10139,"line_start":298,"line_end":298,"column_start":72,"column_end":72,"is_primary":true,"text":[{"text":"                let version_path = layout.version_path(package.name(), package.version().as_str());","highlight_start":72,"highlight_end":72}],"label":null,"suggested_replacement":"&","suggestion_applicability":"MachineApplicable","expansion":null}],"children":[],"rendered":null}],"rendered":"\u001b[1m\u001b[91merror[E0308]\u001b[0m\u001b[1m: mismatched types\u001b[0m\n   \u001b[1m\u001b[94m--> \u001b[0mrpg-core/src/transaction.rs:298:72\n    \u001b[1m\u001b[94m|\u001b[0m\n\u001b[1m\u001b[94m298\u001b[0m \u001b[1m\u001b[94m|\u001b[0m                 let version_path = layout.version_path(package.name(), package.version().as_str());\n    \u001b[1m\u001b[94m|\u001b[0m                                           \u001b[1m\u001b[94m------------\u001b[0m                 \u001b[1m\u001b[91m^^^^^^^^^^^^^^^^^^^^^^^^^^\u001b[0m \u001b[1m\u001b[91mexpected `&str`, found `String`\u001b[0m\n    \u001b[1m\u001b[94m|\u001b[0m                                           \u001b[1m\u001b[94m|\u001b[0m\n    \u001b[1m\u001b[94m|\u001b[0m                                           \u001b[1m\u001b[94marguments to this method are incorrect\u001b[0m\n    \u001b[1m\u001b[94m|\u001b[0m\n\u001b[1m\u001b[92mnote\u001b[0m: method defined here\n   \u001b[1m\u001b[94m--> \u001b[0mrpg-core/src/layout.rs:173:12\n    \u001b[1m\u001b[94m|\u001b[0m\n\u001b[1m\u001b[94m173\u001b[0m \u001b[1m\u001b[94m|\u001b[0m     pub fn version_path(&self, app_name: &str, version: &str) -> PathBuf {\n    \u001b[1m\u001b[94m|\u001b[0m            \u001b[1m\u001b[92m^^^^^^^^^^^^\u001b[0m                        \u001b[1m\u001b[94m-------------\u001b[0m\n\u001b[1m\u001b[96mhelp\u001b[0m: consider borrowing here\n    \u001b[1m\u001b[94m|\u001b[0m\n\u001b[1m\u001b[94m298\u001b[0m \u001b[1m\u001b[94m| \u001b[0m                let version_path = layout.version_path(package.name(), \u001b[92m&\u001b[0mpackage.version().as_str());\n    \u001b[1m\u001b[94m|\u001b[0m                                                                        \u001b[92m+\u001b[0m\n\n"}
{"$message_type":"diagnostic","message":"the `?` operator can only be used in a method that returns `Result` or `Option` (or another type that implements `FromResidual`)","code":{"code":"E0277","explanation":"You tried to use a type which doesn't implement some trait in a place which\nexpected that trait.\n\nErroneous code example:\n\n```compile_fail,E0277\n// here we declare the Foo trait with a bar method\ntrait Foo {\n    fn bar(&self);\n}\n\n// we now declare a function which takes an object implementing the Foo trait\nfn some_func<T: Foo>(foo: T) {\n    foo.bar();\n}\n\nfn main() {\n    // we now call the method with the i32 type, which doesn't implement\n    // the Foo trait\n    some_func(5i32); // error: the trait bound `i32 : Foo` is not satisfied\n}\n```\n\nIn order to fix this error, verify that the type you're using does implement\nthe trait. Example:\n\n```\ntrait Foo {\n    fn bar(&self);\n}\n\n// we implement the trait on the i32 type\nimpl Foo for i32 {\n    fn bar(&self) {}\n}\n\nfn some_func<T: Foo>(foo: T) {\n    foo.bar(); // we can now use this method since i32 implements the\n               // Foo trait\n}\n\nfn main() {\n    some_func(5i32); // ok!\n}\n```\n\nOr in a generic context, an erroneous code example would look like:\n\n```compile_fail,E0277\nfn some_func<T>(foo: T) {\n    println!(\"{:?}\", foo); // error: the trait `core::fmt::Debug` is not\n                           //        implemented for the type `T`\n}\n\nfn main() {\n    // We now call the method with the i32 type,\n    // which *does* implement the Debug trait.\n    some_func(5i32);\n}\n```\n\nNote that the error here is in the definition of the generic function. Although\nwe only call it with a parameter that does implement `Debug`, the compiler\nstill rejects the function. It must work with all possible input types. In\norder to make this example compile, we need to restrict the generic type we're\naccepting:\n\n```\nuse std::fmt;\n\n// Restrict the input type to types that implement Debug.\nfn some_func<T: fmt::Debug>(foo: T) {\n    println!(\"{:?}\", foo);\n}\n\nfn main() {\n    // Calling the method is still fine, as i32 implements Debug.\n    some_func(5i32);\n\n    // This would fail to compile now:\n    // struct WithoutDebug;\n    // some_func(WithoutDebug);\n}\n```\n\nRust only looks at the signature of the called function, as such it must\nalready specify all requirements that will be used for every type parameter.\n"},"level":"error","spans":[{"file_name":"rpg-core/src/transaction.rs","byte_start":13514,"byte_end":13515,"line_start":390,"line_end":390,"column_start":87,"column_end":88,"is_primary":true,"text":[{"text":"            self.rollback_info.previous_system_version = Some(Version::parse(&current)?);","highlight_start":87,"highlight_end":88}],"label":"cannot use the `?` operator in a method that returns `TransactionResult`","suggested_replacement":null,"suggestion_applicability":null,"expansion":{"span":{"file_name":"rpg-core/src/transaction.rs","byte_start":13514,"byte_end":13515,"line_start":390,"line_end":390,"column_start":87,"column_end":88,"is_primary":false,"text":[{"text":"            self.rollback_info.previous_system_version = Some(Version::parse(&current)?);","highlight_start":87,"highlight_end":88}],"label":null,"suggested_replacement":null,"suggestion_applicability":null,"expansion":null},"macro_decl_name":"desugaring of operator `?`","def_site_span":{"file_name":"rpg-core/src/lib.rs","byte_start":0,"byte_end":0,"line_start":1,"line_end":1,"column_start":1,"column_end":1,"is_primary":false,"text":[],"label":null,"suggested_replacement":null,"suggestion_applicability":null,"expansion":null}}},{"file_name":"rpg-core/src/transaction.rs","byte_start":12612,"byte_end":12660,"line_start":370,"line_end":370,"column_start":5,"column_end":53,"is_primary":false,"text":[{"text":"    fn switch_system(&mut self) -> TransactionResult {","highlight_start":5,"highlight_end":53}],"label":"this function should return `Result` or `Option` to accept `?`","suggested_replacement":null,"suggestion_applicability":null,"expansion":null}],"children":[],"rendered":"\u001b[1m\u001b[91merror[E0277]\u001b[0m\u001b[1m: the `?` operator can only be used in a method that returns `Result` or `Option` (or another type that implements `FromResidual`)\u001b[0m\n   \u001b[1m\u001b[94m--> \u001b[0mrpg-core/src/transaction.rs:390:87\n    \u001b[1m\u001b[94m|\u001b[0m\n\u001b[1m\u001b[94m370\u001b[0m \u001b[1m\u001b[94m|\u001b[0m     fn switch_system(&mut self) -> TransactionResult {\n    \u001b[1m\u001b[94m|\u001b[0m     \u001b[1m\u001b[94m------------------------------------------------\u001b[0m \u001b[1m\u001b[94mthis function should return `Result` or `Option` to accept `?`\u001b[0m\n\u001b[1m\u001b[94m...\u001b[0m\n\u001b[1m\u001b[94m390\u001b[0m \u001b[1m\u001b[94m|\u001b[0m             self.rollback_info.previous_system_version = Some(Version::parse(&current)?);\n    \u001b[1m\u001b[94m|\u001b[0m                                                                                       \u001b[1m\u001b[91m^\u001b[0m \u001b[1m\u001b[91mcannot use the `?` operator in a method that returns `TransactionResult`\u001b[0m\n\n"}
{"$message_type":"diagnostic","message":"cannot borrow `*self` as mutable because it is also borrowed as immutable","code":{"code":"E0502","explanation":"A variable already borrowed with a certain mutability (either mutable or\nimmutable) was borrowed again with a different mutability.\n\nErroneous code example:\n\n```compile_fail,E0502\nfn bar(x: &mut i32) {}\nfn foo(a: &mut i32) {\n    let y = &a; // a is borrowed as immutable.\n    bar(a); // error: cannot borrow `*a` as mutable because `a` is also borrowed\n            //        as immutable\n    println!(\"{}\", y);\n}\n```\n\nTo fix this error, ensure that you don't have any other references to the\nvariable before trying to access it with a different mutability:\n\n```\nfn bar(x: &mut i32) {}\nfn foo(a: &mut i32) {\n    bar(a);\n    let y = &a; // ok!\n    println!(\"{}\", y);\n}\n```\n\nFor more information on Rust's ownership system, take a look at the\n[References & Borrowing][references-and-borrowing] section of the Book.\n\n[references-and-borrowing]: https://doc.rust-lang.org/book/ch04-02-references-and-borrowing.html\n"},"level":"error","spans":[{"file_name":"rpg-core/src/transaction.rs","byte_start":4364,"byte_end":4393,"line_start":152,"line_end":152,"column_start":19,"column_end":48,"is_primary":true,"text":[{"text":"            match self.install_package(package) {","highlight_start":19,"highlight_end":48}],"label":"mutable borrow occurs here","suggested_replacement":null,"suggestion_applicability":null,"expansion":null},{"file_name":"rpg-core/src/transaction.rs","byte_start":4328,"byte_end":4342,"line_start":151,"line_end":151,"column_start":24,"column_end":38,"is_primary":false,"text":[{"text":"        for package in &self.packages {","highlight_start":24,"highlight_end":38}],"label":"immutable borrow occurs here","suggested_replacement":null,"suggestion_applicability":null,"expansion":null},{"file_name":"rpg-core/src/transaction.rs","byte_start":4328,"byte_end":4342,"line_start":151,"line_end":151,"column_start":24,"column_end":38,"is_primary":false,"text":[{"text":"        for package in &self.packages {","highlight_start":24,"highlight_end":38}],"label":"immutable borrow later used here","suggested_replacement":null,"suggestion_applicability":null,"expansion":{"span":{"file_name":"rpg-core/src/transaction.rs","byte_start":4313,"byte_end":5035,"line_start":151,"line_end":169,"column_start":9,"column_end":10,"is_primary":false,"text":[{"text":"        for package in &self.packages {","highlight_start":9,"highlight_end":40},{"text":"            match self.install_package(package) {","highlight_start":1,"highlight_end":50},{"text":"                Ok(Some(reboot)) => {","highlight_start":1,"highlight_end":38},{"text":"                    if reboot {","highlight_start":1,"highlight_end":32},{"text":"                        requires_reboot.push(package.name().to_string());","highlight_start":1,"highlight_end":74},{"text":"                    } else {","highlight_start":1,"highlight_end":29},{"text":"                        activated.push(package.name().to_string());","highlight_start":1,"highlight_end":68},{"text":"                    }","highlight_start":1,"highlight_end":22},{"text":"                }","highlight_start":1,"highlight_end":18},{"text":"                Ok(None) => {","highlight_start":1,"highlight_end":30},{"text":"                    // Package already installed","highlight_start":1,"highlight_end":49},{"text":"                }","highlight_start":1,"highlight_end":18},{"text":"                Err(e) => {","highlight_start":1,"highlight_end":28},{"text":"                    partial.push(package.name().to_string());","highlight_start":1,"highlight_end":62},{"text":"                    self.state = TransactionState::Failed;","highlight_start":1,"highlight_end":59},{"text":"                    self.error = Some(e.to_string());","highlight_start":1,"highlight_end":54},{"text":"                }","highlight_start":1,"highlight_end":18},{"text":"            }","highlight_start":1,"highlight_end":14},{"text":"        }","highlight_start":1,"highlight_end":10}],"label":null,"suggested_replacement":null,"suggestion_applicability":null,"expansion":null},"macro_decl_name":"desugaring of `for` loop","def_site_span":{"file_name":"rpg-core/src/lib.rs","byte_start":0,"byte_end":0,"line_start":1,"line_end":1,"column_start":1,"column_end":1,"is_primary":false,"text":[],"label":null,"suggested_replacement":null,"suggestion_applicability":null,"expansion":null}}}],"children":[],"rendered":"\u001b[1m\u001b[91merror[E0502]\u001b[0m\u001b[1m: cannot borrow `*self` as mutable because it is also borrowed as immutable\u001b[0m\n   \u001b[1m\u001b[94m--> \u001b[0mrpg-core/src/transaction.rs:152:19\n    \u001b[1m\u001b[94m|\u001b[0m\n\u001b[1m\u001b[94m151\u001b[0m \u001b[1m\u001b[94m|\u001b[0m         for package in &self.packages {\n    \u001b[1m\u001b[94m|\u001b[0m                        \u001b[1m\u001b[94m--------------\u001b[0m\n    \u001b[1m\u001b[94m|\u001b[0m                        \u001b[1m\u001b[94m|\u001b[0m\n    \u001b[1m\u001b[94m|\u001b[0m                        \u001b[1m\u001b[94mimmutable borrow occurs here\u001b[0m\n    \u001b[1m\u001b[94m|\u001b[0m                        \u001b[1m\u001b[94mimmutable borrow later used here\u001b[0m\n\u001b[1m\u001b[94m152\u001b[0m \u001b[1m\u001b[94m|\u001b[0m             match self.install_package(package) {\n    \u001b[1m\u001b[94m|\u001b[0m                   \u001b[1m\u001b[91m^^^^^^^^^^^^^^^^^^^^^^^^^^^^^\u001b[0m \u001b[1m\u001b[91mmutable borrow occurs here\u001b[0m\n\n"}
{"$message_type":"diagnostic","message":"unused variable: `versions`","code":{"code":"unused_variables","explanation":null},"level":"warning","spans":[{"file_name":"rpg-core/src/registry.rs","byte_start":6815,"byte_end":6823,"line_start":224,"line_end":224,"column_start":20,"column_end":28,"is_primary":true,"text":[{"text":"        for (name, versions) in &self.packages {","highlight_start":20,"highlight_end":28}],"label":null,"suggested_replacement":null,"suggestion_applicability":null,"expansion":null}],"children":[{"message":"`#[warn(unused_variables)]` (part of `#[warn(unused)]`) on by default","code":null,"level":"note","spans":[],"children":[],"rendered":null},{"message":"if this is intentional, prefix it with an underscore","code":null,"level":"help","spans":[{"file_name":"rpg-core/src/registry.rs","byte_start":6815,"byte_end":6823,"line_start":224,"line_end":224,"column_start":20,"column_end":28,"is_primary":true,"text":[{"text":"        for (name, versions) in &self.packages {","highlight_start":20,"highlight_end":28}],"label":null,"suggested_replacement":"_versions","suggestion_applicability":"MachineApplicable","expansion":null}],"children":[],"rendered":null}],"rendered":"\u001b[1m\u001b[33mwarning\u001b[0m\u001b[1m: unused variable: `versions`\u001b[0m\n   \u001b[1m\u001b[94m--> \u001b[0mrpg-core/src/registry.rs:224:20\n    \u001b[1m\u001b[94m|\u001b[0m\n\u001b[1m\u001b[94m224\u001b[0m \u001b[1m\u001b[94m|\u001b[0m         for (name, versions) in &self.packages {\n    \u001b[1m\u001b[94m|\u001b[0m                    \u001b[1m\u001b[33m^^^^^^^^\u001b[0m \u001b[1m\u001b[33mhelp: if this is intentional, prefix it with an underscore: `_versions`\u001b[0m\n    \u001b[1m\u001b[94m|\u001b[0m\n    \u001b[1m\u001b[94m= \u001b[0m\u001b[1mnote\u001b[0m: `#[warn(unused_variables)]` (part of `#[warn(unused)]`) on by default\n\n"}
{"$message_type":"diagnostic","message":"aborting due to 9 previous errors; 6 warnings emitted","code":null,"level":"error","spans":[],"children":[],"rendered":"\u001b[1m\u001b[91merror\u001b[0m\u001b[1m: aborting due to 9 previous errors; 6 warnings emitted\u001b[0m\n\n"}
{"$message_type":"diagnostic","message":"Some errors have detailed explanations: E0277, E0308, E0502, E0599.","code":null,"level":"failure-note","spans":[],"children":[],"rendered":"\u001b[1mSome errors have detailed explanations: E0277, E0308, E0502, E0599.\u001b[0m\n"}
{"$message_type":"diagnostic","message":"For more information about an error, try `rustc --explain E0277`.","code":null,"level":"failure-note","spans":[],"children":[],"rendered":"\u001b[1mFor more information about an error, try `rustc --explain E0277`.\u001b[0m\n"}
